{"C:\\Users\\senya\\Desktop\\politech-senya\\web\\web-labs\\pages\\ProfilePic.tsx": {"path":"C:\\Users\\senya\\Desktop\\politech-senya\\web\\web-labs\\pages\\ProfilePic.tsx","statementMap":{"0":{"start":{"line":6,"column":24},"end":{"line":6,"column":39}},"1":{"start":{"line":1,"column":18},"end":{"line":1,"column":null}},"2":{"start":{"line":3,"column":19},"end":{"line":3,"column":null}},"3":{"start":{"line":4,"column":24},"end":{"line":4,"column":null}},"4":{"start":{"line":14,"column":4},"end":{"line":16,"column":null}}},"fnMap":{"0":{"name":"(anonymous_0)","decl":{"start":{"line":6,"column":24},"end":{"line":6,"column":39}},"loc":{"start":{"line":6,"column":24},"end":{"line":6,"column":39}}},"1":{"name":"getProfilePicSource","decl":{"start":{"line":13,"column":11},"end":{"line":13,"column":41}},"loc":{"start":{"line":13,"column":41},"end":{"line":17,"column":null}}}},"branchMap":{"0":{"loc":{"start":{"line":14,"column":11},"end":{"line":16,"column":10}},"type":"cond-expr","locations":[{"start":{"line":15,"column":8},"end":{"line":15,"column":72}},{"start":{"line":16,"column":8},"end":{"line":16,"column":10}}]},"1":{"loc":{"start":{"line":21,"column":7},"end":{"line":34,"column":null}},"type":"cond-expr","locations":[{"start":{"line":22,"column":8},"end":{"line":34,"column":9}},{"start":{"line":34,"column":8},"end":{"line":34,"column":null}}]},"2":{"loc":{"start":{"line":28,"column":13},"end":{"line":28,"column":51}},"type":"cond-expr","locations":[{"start":{"line":28,"column":23},"end":{"line":28,"column":47}},{"start":{"line":28,"column":50},"end":{"line":28,"column":51}}]},"3":{"loc":{"start":{"line":30,"column":38},"end":{"line":30,"column":67}},"type":"cond-expr","locations":[{"start":{"line":30,"column":45},"end":{"line":30,"column":58}},{"start":{"line":30,"column":61},"end":{"line":30,"column":67}}]}},"s":{"0":3,"1":3,"2":3,"3":3,"4":1},"f":{"0":6,"1":1},"b":{"0":[1,0],"1":[1,2],"2":[0,1],"3":[1,0]}}
,"C:\\Users\\senya\\Desktop\\politech-senya\\web\\web-labs\\pages\\account\\PersonalInfoBar.tsx": {"path":"C:\\Users\\senya\\Desktop\\politech-senya\\web\\web-labs\\pages\\account\\PersonalInfoBar.tsx","statementMap":{"0":{"start":{"line":6,"column":24},"end":{"line":6,"column":40}},"1":{"start":{"line":1,"column":18},"end":{"line":1,"column":null}},"2":{"start":{"line":2,"column":46},"end":{"line":2,"column":null}},"3":{"start":{"line":3,"column":29},"end":{"line":3,"column":null}},"4":{"start":{"line":7,"column":2},"end":{"line":7,"column":null}}},"fnMap":{"0":{"name":"(anonymous_0)","decl":{"start":{"line":6,"column":24},"end":{"line":6,"column":40}},"loc":{"start":{"line":6,"column":24},"end":{"line":6,"column":40}}}},"branchMap":{},"s":{"0":1,"1":2,"2":2,"3":2,"4":1},"f":{"0":2},"b":{}}
,"C:\\Users\\senya\\Desktop\\politech-senya\\web\\web-labs\\pages\\account\\PersonalInfoCard.tsx": {"path":"C:\\Users\\senya\\Desktop\\politech-senya\\web\\web-labs\\pages\\account\\PersonalInfoCard.tsx","statementMap":{"0":{"start":{"line":15,"column":0},"end":{"line":15,"column":15}},"1":{"start":{"line":1,"column":18},"end":{"line":1,"column":null}},"2":{"start":{"line":15,"column":15},"end":{"line":15,"column":null}}},"fnMap":{"0":{"name":"(anonymous_0)","decl":{"start":{"line":15,"column":0},"end":{"line":15,"column":15}},"loc":{"start":{"line":15,"column":0},"end":{"line":15,"column":15}}},"1":{"name":"PersonalInfoCard","decl":{"start":{"line":2,"column":9},"end":{"line":2,"column":26}},"loc":{"start":{"line":2,"column":76},"end":{"line":13,"column":null}}}},"branchMap":{},"s":{"0":5,"1":2,"2":2},"f":{"0":5,"1":5},"b":{}}
,"C:\\Users\\senya\\Desktop\\politech-senya\\web\\web-labs\\pages\\account\\User.ts": {"path":"C:\\Users\\senya\\Desktop\\politech-senya\\web\\web-labs\\pages\\account\\User.ts","statementMap":{"0":{"start":{"line":1,"column":12},"end":{"line":1,"column":16}},"1":{"start":{"line":1,"column":12},"end":{"line":2,"column":13}},"2":{"start":{"line":1,"column":12},"end":{"line":2,"column":null}}},"fnMap":{"0":{"name":"(anonymous_1)","decl":{"start":{"line":1,"column":12},"end":{"line":1,"column":16}},"loc":{"start":{"line":1,"column":16},"end":{"line":1,"column":11}}}},"branchMap":{"0":{"loc":{"start":{"line":1,"column":12},"end":{"line":1,"column":16}},"type":"binary-expr","locations":[{"start":{"line":1,"column":12},"end":{"line":1,"column":16}},{"start":{"line":1,"column":12},"end":{"line":1,"column":16}}]}},"s":{"0":21,"1":21,"2":21},"f":{"0":21},"b":{"0":[21,21]}}
,"C:\\Users\\senya\\Desktop\\politech-senya\\web\\web-labs\\pages\\account\\UserService.ts": {"path":"C:\\Users\\senya\\Desktop\\politech-senya\\web\\web-labs\\pages\\account\\UserService.ts","statementMap":{"0":{"start":{"line":30,"column":13},"end":{"line":30,"column":24}},"1":{"start":{"line":69,"column":13},"end":{"line":69,"column":21}},"2":{"start":{"line":1,"column":24},"end":{"line":1,"column":null}},"3":{"start":{"line":2,"column":27},"end":{"line":2,"column":null}},"4":{"start":{"line":3,"column":31},"end":{"line":3,"column":null}},"5":{"start":{"line":4,"column":31},"end":{"line":4,"column":null}},"6":{"start":{"line":5,"column":22},"end":{"line":5,"column":null}},"7":{"start":{"line":7,"column":23},"end":{"line":11,"column":null}},"8":{"start":{"line":8,"column":2},"end":{"line":9,"column":76}},"9":{"start":{"line":13,"column":27},"end":{"line":18,"column":null}},"10":{"start":{"line":14,"column":2},"end":{"line":17,"column":null}},"11":{"start":{"line":20,"column":22},"end":{"line":28,"column":null}},"12":{"start":{"line":21,"column":22},"end":{"line":21,"column":null}},"13":{"start":{"line":22,"column":18},"end":{"line":22,"column":null}},"14":{"start":{"line":24,"column":2},"end":{"line":27,"column":null}},"15":{"start":{"line":30,"column":27},"end":{"line":56,"column":null}},"16":{"start":{"line":34,"column":2},"end":{"line":36,"column":3}},"17":{"start":{"line":35,"column":4},"end":{"line":35,"column":79}},"18":{"start":{"line":37,"column":19},"end":{"line":37,"column":null}},"19":{"start":{"line":39,"column":2},"end":{"line":50,"column":3}},"20":{"start":{"line":40,"column":4},"end":{"line":44,"column":5}},"21":{"start":{"line":41,"column":6},"end":{"line":42,"column":null}},"22":{"start":{"line":45,"column":4},"end":{"line":47,"column":5}},"23":{"start":{"line":46,"column":6},"end":{"line":46,"column":58}},"24":{"start":{"line":49,"column":4},"end":{"line":49,"column":46}},"25":{"start":{"line":51,"column":15},"end":{"line":51,"column":null}},"26":{"start":{"line":52,"column":2},"end":{"line":55,"column":null}},"27":{"start":{"line":58,"column":16},"end":{"line":67,"column":null}},"28":{"start":{"line":59,"column":22},"end":{"line":59,"column":73}},"29":{"start":{"line":60,"column":18},"end":{"line":60,"column":null}},"30":{"start":{"line":62,"column":2},"end":{"line":66,"column":null}},"31":{"start":{"line":69,"column":24},"end":{"line":80,"column":null}},"32":{"start":{"line":70,"column":2},"end":{"line":79,"column":null}}},"fnMap":{"0":{"name":"(anonymous_1)","decl":{"start":{"line":30,"column":24},"end":{"line":30,"column":27}},"loc":{"start":{"line":30,"column":13},"end":{"line":30,"column":24}}},"1":{"name":"(anonymous_2)","decl":{"start":{"line":69,"column":21},"end":{"line":69,"column":24}},"loc":{"start":{"line":69,"column":13},"end":{"line":69,"column":21}}},"2":{"name":"(anonymous_4)","decl":{"start":{"line":7,"column":23},"end":{"line":7,"column":24}},"loc":{"start":{"line":7,"column":40},"end":{"line":11,"column":null}}},"3":{"name":"(anonymous_5)","decl":{"start":{"line":13,"column":27},"end":{"line":13,"column":28}},"loc":{"start":{"line":13,"column":59},"end":{"line":18,"column":null}}},"4":{"name":"(anonymous_6)","decl":{"start":{"line":20,"column":22},"end":{"line":20,"column":29}},"loc":{"start":{"line":20,"column":63},"end":{"line":28,"column":null}}},"5":{"name":"(anonymous_7)","decl":{"start":{"line":30,"column":27},"end":{"line":30,"column":null}},"loc":{"start":{"line":33,"column":20},"end":{"line":56,"column":null}}},"6":{"name":"(anonymous_8)","decl":{"start":{"line":58,"column":16},"end":{"line":58,"column":23}},"loc":{"start":{"line":58,"column":43},"end":{"line":67,"column":null}}},"7":{"name":"(anonymous_9)","decl":{"start":{"line":69,"column":24},"end":{"line":69,"column":31}},"loc":{"start":{"line":69,"column":47},"end":{"line":80,"column":null}}}},"branchMap":{"0":{"loc":{"start":{"line":9,"column":59},"end":{"line":9,"column":76}},"type":"cond-expr","locations":[{"start":{"line":9,"column":64},"end":{"line":9,"column":72}},{"start":{"line":9,"column":75},"end":{"line":9,"column":76}}]},"1":{"loc":{"start":{"line":34,"column":2},"end":{"line":36,"column":3}},"type":"if","locations":[{"start":{"line":34,"column":2},"end":{"line":36,"column":3}}]},"2":{"loc":{"start":{"line":39,"column":2},"end":{"line":50,"column":3}},"type":"if","locations":[{"start":{"line":39,"column":2},"end":{"line":50,"column":3}}]},"3":{"loc":{"start":{"line":40,"column":4},"end":{"line":44,"column":5}},"type":"if","locations":[{"start":{"line":40,"column":4},"end":{"line":44,"column":5}}]},"4":{"loc":{"start":{"line":45,"column":4},"end":{"line":47,"column":5}},"type":"if","locations":[{"start":{"line":45,"column":4},"end":{"line":47,"column":5}}]},"5":{"loc":{"start":{"line":54,"column":10},"end":{"line":54,"column":68}},"type":"cond-expr","locations":[{"start":{"line":54,"column":41},"end":{"line":54,"column":53}},{"start":{"line":54,"column":56},"end":{"line":54,"column":68}}]}},"s":{"0":8,"1":4,"2":10,"3":10,"4":10,"5":10,"6":10,"7":10,"8":3,"9":10,"10":3,"11":10,"12":3,"13":3,"14":3,"15":10,"16":4,"17":1,"18":3,"19":3,"20":2,"21":1,"22":1,"23":1,"24":0,"25":1,"26":1,"27":10,"28":0,"29":0,"30":0,"31":10,"32":0},"f":{"0":8,"1":4,"2":3,"3":3,"4":3,"5":4,"6":0,"7":0},"b":{"0":[0,3],"1":[1],"2":[2],"3":[1],"4":[1],"5":[0,1]}}
,"C:\\Users\\senya\\Desktop\\politech-senya\\web\\web-labs\\pages\\account\\index.tsx": {"path":"C:\\Users\\senya\\Desktop\\politech-senya\\web\\web-labs\\pages\\account\\index.tsx","statementMap":{"0":{"start":{"line":6,"column":24},"end":{"line":6,"column":38}},"1":{"start":{"line":1,"column":18},"end":{"line":1,"column":null}},"2":{"start":{"line":2,"column":28},"end":{"line":2,"column":null}},"3":{"start":{"line":3,"column":17},"end":{"line":3,"column":null}},"4":{"start":{"line":4,"column":28},"end":{"line":4,"column":null}},"5":{"start":{"line":7,"column":15},"end":{"line":7,"column":null}},"6":{"start":{"line":9,"column":2},"end":{"line":11,"column":3}},"7":{"start":{"line":10,"column":4},"end":{"line":10,"column":null}}},"fnMap":{"0":{"name":"(anonymous_0)","decl":{"start":{"line":6,"column":24},"end":{"line":6,"column":38}},"loc":{"start":{"line":6,"column":24},"end":{"line":6,"column":38}}}},"branchMap":{"0":{"loc":{"start":{"line":9,"column":2},"end":{"line":11,"column":3}},"type":"if","locations":[{"start":{"line":9,"column":2},"end":{"line":11,"column":3}}]}},"s":{"0":4,"1":2,"2":2,"3":2,"4":2,"5":2,"6":2,"7":1},"f":{"0":6},"b":{"0":[1]}}
,"C:\\Users\\senya\\Desktop\\politech-senya\\web\\web-labs\\pages\\account\\edit\\EditAccountForm.tsx": {"path":"C:\\Users\\senya\\Desktop\\politech-senya\\web\\web-labs\\pages\\account\\edit\\EditAccountForm.tsx","statementMap":{"0":{"start":{"line":20,"column":24},"end":{"line":20,"column":42}},"1":{"start":{"line":1,"column":32},"end":{"line":1,"column":null}},"2":{"start":{"line":2,"column":21},"end":{"line":2,"column":null}},"3":{"start":{"line":3,"column":24},"end":{"line":3,"column":null}},"4":{"start":{"line":4,"column":28},"end":{"line":4,"column":null}},"5":{"start":{"line":5,"column":33},"end":{"line":5,"column":null}},"6":{"start":{"line":6,"column":47},"end":{"line":6,"column":null}},"7":{"start":{"line":7,"column":23},"end":{"line":7,"column":null}},"8":{"start":{"line":8,"column":25},"end":{"line":8,"column":null}},"9":{"start":{"line":9,"column":31},"end":{"line":9,"column":null}},"10":{"start":{"line":10,"column":23},"end":{"line":10,"column":null}},"11":{"start":{"line":11,"column":26},"end":{"line":11,"column":null}},"12":{"start":{"line":12,"column":28},"end":{"line":12,"column":null}},"13":{"start":{"line":21,"column":19},"end":{"line":21,"column":null}},"14":{"start":{"line":22,"column":17},"end":{"line":22,"column":null}},"15":{"start":{"line":23,"column":15},"end":{"line":23,"column":null}},"16":{"start":{"line":23,"column":41},"end":{"line":23,"column":56}},"17":{"start":{"line":24,"column":28},"end":{"line":24,"column":null}},"18":{"start":{"line":26,"column":17},"end":{"line":32,"column":null}},"19":{"start":{"line":39,"column":6},"end":{"line":41,"column":null}},"20":{"start":{"line":42,"column":36},"end":{"line":42,"column":null}},"21":{"start":{"line":44,"column":19},"end":{"line":44,"column":null}},"22":{"start":{"line":45,"column":16},"end":{"line":45,"column":null}},"23":{"start":{"line":46,"column":16},"end":{"line":46,"column":null}},"24":{"start":{"line":48,"column":27},"end":{"line":60,"column":null}},"25":{"start":{"line":49,"column":24},"end":{"line":49,"column":null}},"26":{"start":{"line":50,"column":4},"end":{"line":52,"column":5}},"27":{"start":{"line":51,"column":6},"end":{"line":51,"column":null}},"28":{"start":{"line":53,"column":4},"end":{"line":57,"column":null}},"29":{"start":{"line":54,"column":6},"end":{"line":56,"column":7}},"30":{"start":{"line":55,"column":8},"end":{"line":55,"column":null}},"31":{"start":{"line":59,"column":4},"end":{"line":59,"column":null}},"32":{"start":{"line":62,"column":25},"end":{"line":64,"column":null}},"33":{"start":{"line":63,"column":4},"end":{"line":63,"column":null}},"34":{"start":{"line":66,"column":19},"end":{"line":93,"column":null}},"35":{"start":{"line":71,"column":24},"end":{"line":71,"column":null}},"36":{"start":{"line":72,"column":4},"end":{"line":72,"column":null}},"37":{"start":{"line":74,"column":4},"end":{"line":77,"column":5}},"38":{"start":{"line":75,"column":6},"end":{"line":75,"column":null}},"39":{"start":{"line":76,"column":6},"end":{"line":76,"column":null}},"40":{"start":{"line":79,"column":4},"end":{"line":79,"column":null}},"41":{"start":{"line":80,"column":4},"end":{"line":92,"column":null}},"42":{"start":{"line":82,"column":8},"end":{"line":82,"column":null}},"43":{"start":{"line":83,"column":8},"end":{"line":83,"column":null}},"44":{"start":{"line":84,"column":8},"end":{"line":84,"column":null}},"45":{"start":{"line":87,"column":8},"end":{"line":89,"column":9}},"46":{"start":{"line":88,"column":10},"end":{"line":88,"column":null}},"47":{"start":{"line":90,"column":8},"end":{"line":90,"column":null}},"48":{"start":{"line":92,"column":21},"end":{"line":92,"column":null}}},"fnMap":{"0":{"name":"(anonymous_0)","decl":{"start":{"line":20,"column":24},"end":{"line":20,"column":42}},"loc":{"start":{"line":20,"column":24},"end":{"line":20,"column":42}}},"1":{"name":"(anonymous_6)","decl":{"start":{"line":23,"column":30},"end":{"line":23,"column":31}},"loc":{"start":{"line":23,"column":41},"end":{"line":23,"column":56}}},"2":{"name":"(anonymous_7)","decl":{"start":{"line":48,"column":27},"end":{"line":48,"column":28}},"loc":{"start":{"line":48,"column":51},"end":{"line":60,"column":null}}},"3":{"name":"(anonymous_8)","decl":{"start":{"line":62,"column":25},"end":{"line":62,"column":26}},"loc":{"start":{"line":62,"column":51},"end":{"line":64,"column":null}}},"4":{"name":"(anonymous_9)","decl":{"start":{"line":66,"column":19},"end":{"line":66,"column":20}},"loc":{"start":{"line":70,"column":8},"end":{"line":93,"column":null}}},"5":{"name":"(anonymous_10)","decl":{"start":{"line":81,"column":12},"end":{"line":81,"column":18}},"loc":{"start":{"line":81,"column":18},"end":{"line":85,"column":null}}},"6":{"name":"(anonymous_11)","decl":{"start":{"line":86,"column":13},"end":{"line":86,"column":14}},"loc":{"start":{"line":86,"column":24},"end":{"line":91,"column":null}}},"7":{"name":"(anonymous_12)","decl":{"start":{"line":92,"column":15},"end":{"line":92,"column":21}},"loc":{"start":{"line":92,"column":21},"end":{"line":92,"column":null}}}},"branchMap":{"0":{"loc":{"start":{"line":45,"column":31},"end":{"line":45,"column":60}},"type":"cond-expr","locations":[{"start":{"line":45,"column":45},"end":{"line":45,"column":55}},{"start":{"line":45,"column":58},"end":{"line":45,"column":60}}]},"1":{"loc":{"start":{"line":46,"column":31},"end":{"line":46,"column":60}},"type":"cond-expr","locations":[{"start":{"line":46,"column":45},"end":{"line":46,"column":55}},{"start":{"line":46,"column":58},"end":{"line":46,"column":60}}]},"2":{"loc":{"start":{"line":50,"column":4},"end":{"line":52,"column":5}},"type":"if","locations":[{"start":{"line":50,"column":4},"end":{"line":52,"column":5}}]},"3":{"loc":{"start":{"line":54,"column":6},"end":{"line":56,"column":7}},"type":"if","locations":[{"start":{"line":54,"column":6},"end":{"line":56,"column":7}}]},"4":{"loc":{"start":{"line":54,"column":10},"end":{"line":54,"column":69}},"type":"binary-expr","locations":[{"start":{"line":54,"column":10},"end":{"line":54,"column":47}},{"start":{"line":54,"column":51},"end":{"line":54,"column":69}}]},"5":{"loc":{"start":{"line":74,"column":4},"end":{"line":77,"column":5}},"type":"if","locations":[{"start":{"line":74,"column":4},"end":{"line":77,"column":5}}]},"6":{"loc":{"start":{"line":87,"column":8},"end":{"line":89,"column":9}},"type":"if","locations":[{"start":{"line":87,"column":8},"end":{"line":89,"column":9}}]},"7":{"loc":{"start":{"line":125,"column":20},"end":{"line":129,"column":null}},"type":"binary-expr","locations":[{"start":{"line":125,"column":20},"end":{"line":129,"column":20}},{"start":{"line":129,"column":20},"end":{"line":129,"column":null}}]}},"s":{"0":2,"1":2,"2":2,"3":2,"4":2,"5":2,"6":2,"7":2,"8":2,"9":2,"10":2,"11":2,"12":2,"13":7,"14":7,"15":7,"16":8,"17":7,"18":7,"19":7,"20":7,"21":7,"22":7,"23":7,"24":7,"25":9,"26":9,"27":0,"28":9,"29":27,"30":5,"31":9,"32":7,"33":9,"34":7,"35":2,"36":2,"37":2,"38":0,"39":0,"40":2,"41":2,"42":1,"43":1,"44":1,"45":1,"46":1,"47":1,"48":2},"f":{"0":9,"1":8,"2":9,"3":9,"4":2,"5":1,"6":1,"7":2},"b":{"0":[7,0],"1":[7,0],"2":[0],"3":[5],"4":[27,14],"5":[0],"6":[1],"7":[7,3]}}
,"C:\\Users\\senya\\Desktop\\politech-senya\\web\\web-labs\\pages\\account\\edit\\EditAccountInput.tsx": {"path":"C:\\Users\\senya\\Desktop\\politech-senya\\web\\web-labs\\pages\\account\\edit\\EditAccountInput.tsx","statementMap":{"0":{"start":{"line":10,"column":16},"end":{"line":10,"column":33}},"1":{"start":{"line":1,"column":18},"end":{"line":1,"column":null}}},"fnMap":{"0":{"name":"(anonymous_0)","decl":{"start":{"line":10,"column":16},"end":{"line":10,"column":33}},"loc":{"start":{"line":10,"column":16},"end":{"line":10,"column":33}}}},"branchMap":{"0":{"loc":{"start":{"line":15,"column":2},"end":{"line":15,"column":10}},"type":"default-arg","locations":[{"start":{"line":15,"column":8},"end":{"line":15,"column":10}}]},"1":{"loc":{"start":{"line":27,"column":11},"end":{"line":27,"column":46}},"type":"cond-expr","locations":[{"start":{"line":27,"column":26},"end":{"line":27,"column":45}},{"start":{"line":27,"column":45},"end":{"line":27,"column":46}}]},"2":{"loc":{"start":{"line":33,"column":34},"end":{"line":33,"column":66}},"type":"cond-expr","locations":[{"start":{"line":33,"column":49},"end":{"line":33,"column":64}},{"start":{"line":33,"column":64},"end":{"line":33,"column":66}}]}},"s":{"0":21,"1":2},"f":{"0":42},"b":{"0":[7],"1":[0,21],"2":[0,21]}}
,"C:\\Users\\senya\\Desktop\\politech-senya\\web\\web-labs\\pages\\account\\edit\\EditButton.tsx": {"path":"C:\\Users\\senya\\Desktop\\politech-senya\\web\\web-labs\\pages\\account\\edit\\EditButton.tsx","statementMap":{"0":{"start":{"line":3,"column":24},"end":{"line":3,"column":35}},"1":{"start":{"line":1,"column":18},"end":{"line":1,"column":null}}},"fnMap":{"0":{"name":"(anonymous_0)","decl":{"start":{"line":3,"column":24},"end":{"line":3,"column":35}},"loc":{"start":{"line":3,"column":24},"end":{"line":3,"column":35}}}},"branchMap":{},"s":{"0":7,"1":2},"f":{"0":14},"b":{}}
,"C:\\Users\\senya\\Desktop\\politech-senya\\web\\web-labs\\pages\\account\\edit\\index.tsx": {"path":"C:\\Users\\senya\\Desktop\\politech-senya\\web\\web-labs\\pages\\account\\edit\\index.tsx","statementMap":{"0":{"start":{"line":3,"column":24},"end":{"line":3,"column":42}},"1":{"start":{"line":1,"column":28},"end":{"line":1,"column":null}},"2":{"start":{"line":2,"column":18},"end":{"line":2,"column":null}}},"fnMap":{"0":{"name":"(anonymous_0)","decl":{"start":{"line":3,"column":24},"end":{"line":3,"column":42}},"loc":{"start":{"line":3,"column":24},"end":{"line":3,"column":42}}}},"branchMap":{},"s":{"0":2,"1":1,"2":1},"f":{"0":2},"b":{}}
,"C:\\Users\\senya\\Desktop\\politech-senya\\web\\web-labs\\pages\\addClass\\AddClassButton.tsx": {"path":"C:\\Users\\senya\\Desktop\\politech-senya\\web\\web-labs\\pages\\addClass\\AddClassButton.tsx","statementMap":{"0":{"start":{"line":2,"column":24},"end":{"line":2,"column":41}},"1":{"start":{"line":1,"column":18},"end":{"line":1,"column":null}}},"fnMap":{"0":{"name":"(anonymous_0)","decl":{"start":{"line":2,"column":24},"end":{"line":2,"column":41}},"loc":{"start":{"line":2,"column":24},"end":{"line":2,"column":41}}}},"branchMap":{},"s":{"0":5,"1":2},"f":{"0":10},"b":{}}
,"C:\\Users\\senya\\Desktop\\politech-senya\\web\\web-labs\\pages\\addClass\\DescriptionInput.tsx": {"path":"C:\\Users\\senya\\Desktop\\politech-senya\\web\\web-labs\\pages\\addClass\\DescriptionInput.tsx","statementMap":{"0":{"start":{"line":3,"column":24},"end":{"line":3,"column":41}},"1":{"start":{"line":1,"column":18},"end":{"line":1,"column":null}}},"fnMap":{"0":{"name":"(anonymous_0)","decl":{"start":{"line":3,"column":24},"end":{"line":3,"column":41}},"loc":{"start":{"line":3,"column":24},"end":{"line":3,"column":41}}}},"branchMap":{"0":{"loc":{"start":{"line":17,"column":13},"end":{"line":17,"column":48}},"type":"cond-expr","locations":[{"start":{"line":17,"column":28},"end":{"line":17,"column":47}},{"start":{"line":17,"column":47},"end":{"line":17,"column":48}}]},"1":{"loc":{"start":{"line":21,"column":36},"end":{"line":21,"column":68}},"type":"cond-expr","locations":[{"start":{"line":21,"column":51},"end":{"line":21,"column":66}},{"start":{"line":21,"column":66},"end":{"line":21,"column":68}}]}},"s":{"0":5,"1":2},"f":{"0":10},"b":{"0":[0,5],"1":[0,5]}}
,"C:\\Users\\senya\\Desktop\\politech-senya\\web\\web-labs\\pages\\addClass\\FileInput.tsx": {"path":"C:\\Users\\senya\\Desktop\\politech-senya\\web\\web-labs\\pages\\addClass\\FileInput.tsx","statementMap":{"0":{"start":{"line":2,"column":24},"end":{"line":2,"column":34}},"1":{"start":{"line":1,"column":18},"end":{"line":1,"column":null}}},"fnMap":{"0":{"name":"(anonymous_0)","decl":{"start":{"line":2,"column":24},"end":{"line":2,"column":34}},"loc":{"start":{"line":2,"column":24},"end":{"line":2,"column":34}}}},"branchMap":{},"s":{"0":5,"1":2},"f":{"0":10},"b":{}}
,"C:\\Users\\senya\\Desktop\\politech-senya\\web\\web-labs\\pages\\addClass\\TitleInput.tsx": {"path":"C:\\Users\\senya\\Desktop\\politech-senya\\web\\web-labs\\pages\\addClass\\TitleInput.tsx","statementMap":{"0":{"start":{"line":3,"column":24},"end":{"line":3,"column":35}},"1":{"start":{"line":1,"column":18},"end":{"line":1,"column":null}}},"fnMap":{"0":{"name":"(anonymous_0)","decl":{"start":{"line":3,"column":24},"end":{"line":3,"column":35}},"loc":{"start":{"line":3,"column":24},"end":{"line":3,"column":35}}}},"branchMap":{"0":{"loc":{"start":{"line":19,"column":13},"end":{"line":19,"column":48}},"type":"cond-expr","locations":[{"start":{"line":19,"column":28},"end":{"line":19,"column":47}},{"start":{"line":19,"column":47},"end":{"line":19,"column":48}}]},"1":{"loc":{"start":{"line":23,"column":36},"end":{"line":23,"column":68}},"type":"cond-expr","locations":[{"start":{"line":23,"column":51},"end":{"line":23,"column":66}},{"start":{"line":23,"column":66},"end":{"line":23,"column":68}}]}},"s":{"0":5,"1":2},"f":{"0":10},"b":{"0":[0,5],"1":[0,5]}}
,"C:\\Users\\senya\\Desktop\\politech-senya\\web\\web-labs\\pages\\addClass\\index.tsx": {"path":"C:\\Users\\senya\\Desktop\\politech-senya\\web\\web-labs\\pages\\addClass\\index.tsx","statementMap":{"0":{"start":{"line":40,"column":24},"end":{"line":40,"column":39}},"1":{"start":{"line":1,"column":18},"end":{"line":1,"column":null}},"2":{"start":{"line":2,"column":21},"end":{"line":2,"column":null}},"3":{"start":{"line":3,"column":24},"end":{"line":3,"column":null}},"4":{"start":{"line":4,"column":28},"end":{"line":4,"column":null}},"5":{"start":{"line":5,"column":45},"end":{"line":5,"column":null}},"6":{"start":{"line":6,"column":31},"end":{"line":6,"column":null}},"7":{"start":{"line":7,"column":26},"end":{"line":7,"column":null}},"8":{"start":{"line":8,"column":31},"end":{"line":8,"column":null}},"9":{"start":{"line":9,"column":23},"end":{"line":9,"column":null}},"10":{"start":{"line":10,"column":22},"end":{"line":10,"column":null}},"11":{"start":{"line":11,"column":27},"end":{"line":11,"column":null}},"12":{"start":{"line":12,"column":27},"end":{"line":12,"column":null}},"13":{"start":{"line":13,"column":26},"end":{"line":13,"column":null}},"14":{"start":{"line":14,"column":29},"end":{"line":14,"column":null}},"15":{"start":{"line":23,"column":17},"end":{"line":28,"column":null}},"16":{"start":{"line":33,"column":6},"end":{"line":35,"column":null}},"17":{"start":{"line":37,"column":2},"end":{"line":37,"column":null}},"18":{"start":{"line":41,"column":43},"end":{"line":41,"column":null}},"19":{"start":{"line":42,"column":17},"end":{"line":42,"column":null}},"20":{"start":{"line":42,"column":43},"end":{"line":42,"column":null}},"21":{"start":{"line":43,"column":17},"end":{"line":43,"column":null}},"22":{"start":{"line":44,"column":17},"end":{"line":44,"column":null}},"23":{"start":{"line":46,"column":19},"end":{"line":76,"column":null}},"24":{"start":{"line":47,"column":4},"end":{"line":75,"column":null}},"25":{"start":{"line":48,"column":19},"end":{"line":48,"column":32}},"26":{"start":{"line":49,"column":21},"end":{"line":49,"column":null}},"27":{"start":{"line":51,"column":6},"end":{"line":70,"column":null}},"28":{"start":{"line":52,"column":29},"end":{"line":52,"column":68}},"29":{"start":{"line":53,"column":8},"end":{"line":69,"column":null}},"30":{"start":{"line":54,"column":32},"end":{"line":58,"column":null}},"31":{"start":{"line":59,"column":10},"end":{"line":59,"column":null}},"32":{"start":{"line":60,"column":10},"end":{"line":60,"column":null}},"33":{"start":{"line":62,"column":10},"end":{"line":64,"column":11}},"34":{"start":{"line":63,"column":12},"end":{"line":63,"column":null}},"35":{"start":{"line":66,"column":10},"end":{"line":68,"column":11}},"36":{"start":{"line":67,"column":12},"end":{"line":67,"column":null}},"37":{"start":{"line":72,"column":6},"end":{"line":72,"column":null}},"38":{"start":{"line":74,"column":6},"end":{"line":74,"column":null}}},"fnMap":{"0":{"name":"(anonymous_0)","decl":{"start":{"line":40,"column":24},"end":{"line":40,"column":39}},"loc":{"start":{"line":40,"column":24},"end":{"line":40,"column":39}}},"1":{"name":"useClassForm","decl":{"start":{"line":22,"column":9},"end":{"line":22,"column":23}},"loc":{"start":{"line":22,"column":23},"end":{"line":38,"column":null}}},"2":{"name":"(anonymous_7)","decl":{"start":{"line":42,"column":32},"end":{"line":42,"column":33}},"loc":{"start":{"line":42,"column":43},"end":{"line":42,"column":null}}},"3":{"name":"(anonymous_8)","decl":{"start":{"line":46,"column":19},"end":{"line":46,"column":20}},"loc":{"start":{"line":46,"column":40},"end":{"line":76,"column":null}}},"4":{"name":"(anonymous_9)","decl":{"start":{"line":51,"column":22},"end":{"line":51,"column":34}},"loc":{"start":{"line":51,"column":34},"end":{"line":70,"column":null}}}},"branchMap":{"0":{"loc":{"start":{"line":62,"column":10},"end":{"line":64,"column":11}},"type":"if","locations":[{"start":{"line":62,"column":10},"end":{"line":64,"column":11}}]},"1":{"loc":{"start":{"line":66,"column":10},"end":{"line":68,"column":11}},"type":"if","locations":[{"start":{"line":66,"column":10},"end":{"line":68,"column":11}}]}},"s":{"0":5,"1":2,"2":2,"3":2,"4":2,"5":2,"6":2,"7":2,"8":2,"9":2,"10":2,"11":2,"12":2,"13":2,"14":2,"15":6,"16":6,"17":5,"18":6,"19":5,"20":5,"21":5,"22":5,"23":5,"24":2,"25":2,"26":2,"27":2,"28":2,"29":2,"30":2,"31":1,"32":1,"33":1,"34":1,"35":1,"36":0,"37":2,"38":0},"f":{"0":11,"1":6,"2":5,"3":2,"4":2},"b":{"0":[1],"1":[0]}}
,"C:\\Users\\senya\\Desktop\\politech-senya\\web\\web-labs\\pages\\class\\CancelEditButton.tsx": {"path":"C:\\Users\\senya\\Desktop\\politech-senya\\web\\web-labs\\pages\\class\\CancelEditButton.tsx","statementMap":{"0":{"start":{"line":12,"column":0},"end":{"line":12,"column":15}},"1":{"start":{"line":1,"column":23},"end":{"line":1,"column":null}},"2":{"start":{"line":2,"column":19},"end":{"line":2,"column":null}},"3":{"start":{"line":12,"column":15},"end":{"line":12,"column":null}}},"fnMap":{"0":{"name":"(anonymous_0)","decl":{"start":{"line":12,"column":0},"end":{"line":12,"column":15}},"loc":{"start":{"line":12,"column":0},"end":{"line":12,"column":15}}},"1":{"name":"CancelEditButton","decl":{"start":{"line":4,"column":9},"end":{"line":4,"column":26}},"loc":{"start":{"line":4,"column":101},"end":{"line":10,"column":null}}}},"branchMap":{},"s":{"0":0,"1":2,"2":2,"3":2},"f":{"0":0,"1":0},"b":{}}
,"C:\\Users\\senya\\Desktop\\politech-senya\\web\\web-labs\\pages\\class\\ClassService.ts": {"path":"C:\\Users\\senya\\Desktop\\politech-senya\\web\\web-labs\\pages\\class\\ClassService.ts","statementMap":{"0":{"start":{"line":181,"column":13},"end":{"line":181,"column":27}},"1":{"start":{"line":193,"column":13},"end":{"line":193,"column":22}},"2":{"start":{"line":206,"column":13},"end":{"line":206,"column":28}},"3":{"start":{"line":220,"column":13},"end":{"line":220,"column":24}},"4":{"start":{"line":233,"column":13},"end":{"line":233,"column":32}},"5":{"start":{"line":249,"column":13},"end":{"line":249,"column":28}},"6":{"start":{"line":271,"column":13},"end":{"line":271,"column":24}},"7":{"start":{"line":284,"column":13},"end":{"line":284,"column":24}},"8":{"start":{"line":298,"column":13},"end":{"line":298,"column":28}},"9":{"start":{"line":311,"column":13},"end":{"line":311,"column":22}},"10":{"start":{"line":2,"column":31},"end":{"line":2,"column":null}},"11":{"start":{"line":3,"column":31},"end":{"line":3,"column":null}},"12":{"start":{"line":5,"column":24},"end":{"line":5,"column":null}},"13":{"start":{"line":7,"column":24},"end":{"line":7,"column":null}},"14":{"start":{"line":36,"column":18},"end":{"line":38,"column":null}},"15":{"start":{"line":37,"column":2},"end":{"line":37,"column":null}},"16":{"start":{"line":40,"column":23},"end":{"line":44,"column":null}},"17":{"start":{"line":41,"column":2},"end":{"line":43,"column":null}},"18":{"start":{"line":46,"column":22},"end":{"line":48,"column":null}},"19":{"start":{"line":47,"column":2},"end":{"line":47,"column":null}},"20":{"start":{"line":50,"column":22},"end":{"line":58,"column":null}},"21":{"start":{"line":51,"column":29},"end":{"line":51,"column":null}},"22":{"start":{"line":52,"column":27},"end":{"line":52,"column":null}},"23":{"start":{"line":54,"column":2},"end":{"line":57,"column":null}},"24":{"start":{"line":60,"column":25},"end":{"line":62,"column":null}},"25":{"start":{"line":61,"column":2},"end":{"line":61,"column":null}},"26":{"start":{"line":64,"column":17},"end":{"line":72,"column":null}},"27":{"start":{"line":65,"column":19},"end":{"line":65,"column":null}},"28":{"start":{"line":66,"column":25},"end":{"line":66,"column":null}},"29":{"start":{"line":68,"column":2},"end":{"line":71,"column":null}},"30":{"start":{"line":74,"column":23},"end":{"line":88,"column":null}},"31":{"start":{"line":75,"column":16},"end":{"line":75,"column":null}},"32":{"start":{"line":76,"column":2},"end":{"line":76,"column":null}},"33":{"start":{"line":78,"column":2},"end":{"line":82,"column":3}},"34":{"start":{"line":79,"column":4},"end":{"line":80,"column":null}},"35":{"start":{"line":84,"column":2},"end":{"line":87,"column":null}},"36":{"start":{"line":90,"column":25},"end":{"line":102,"column":null}},"37":{"start":{"line":95,"column":22},"end":{"line":95,"column":63}},"38":{"start":{"line":96,"column":18},"end":{"line":96,"column":null}},"39":{"start":{"line":98,"column":2},"end":{"line":101,"column":null}},"40":{"start":{"line":104,"column":20},"end":{"line":116,"column":null}},"41":{"start":{"line":109,"column":22},"end":{"line":109,"column":72}},"42":{"start":{"line":110,"column":18},"end":{"line":110,"column":null}},"43":{"start":{"line":112,"column":2},"end":{"line":115,"column":null}},"44":{"start":{"line":118,"column":30},"end":{"line":126,"column":null}},"45":{"start":{"line":119,"column":22},"end":{"line":119,"column":62}},"46":{"start":{"line":120,"column":18},"end":{"line":120,"column":null}},"47":{"start":{"line":122,"column":2},"end":{"line":125,"column":null}},"48":{"start":{"line":128,"column":25},"end":{"line":136,"column":null}},"49":{"start":{"line":129,"column":22},"end":{"line":129,"column":71}},"50":{"start":{"line":130,"column":18},"end":{"line":130,"column":null}},"51":{"start":{"line":132,"column":2},"end":{"line":135,"column":null}},"52":{"start":{"line":138,"column":20},"end":{"line":146,"column":null}},"53":{"start":{"line":139,"column":22},"end":{"line":139,"column":62}},"54":{"start":{"line":140,"column":18},"end":{"line":140,"column":null}},"55":{"start":{"line":142,"column":2},"end":{"line":145,"column":null}},"56":{"start":{"line":148,"column":18},"end":{"line":157,"column":null}},"57":{"start":{"line":149,"column":22},"end":{"line":149,"column":51}},"58":{"start":{"line":150,"column":18},"end":{"line":150,"column":null}},"59":{"start":{"line":152,"column":2},"end":{"line":156,"column":null}},"60":{"start":{"line":159,"column":21},"end":{"line":168,"column":null}},"61":{"start":{"line":160,"column":22},"end":{"line":160,"column":55}},"62":{"start":{"line":161,"column":18},"end":{"line":161,"column":null}},"63":{"start":{"line":163,"column":2},"end":{"line":167,"column":null}},"64":{"start":{"line":170,"column":19},"end":{"line":179,"column":null}},"65":{"start":{"line":171,"column":22},"end":{"line":171,"column":51}},"66":{"start":{"line":172,"column":18},"end":{"line":172,"column":null}},"67":{"start":{"line":174,"column":2},"end":{"line":178,"column":null}},"68":{"start":{"line":181,"column":30},"end":{"line":191,"column":null}},"69":{"start":{"line":182,"column":2},"end":{"line":190,"column":null}},"70":{"start":{"line":193,"column":25},"end":{"line":204,"column":null}},"71":{"start":{"line":194,"column":2},"end":{"line":203,"column":null}},"72":{"start":{"line":206,"column":31},"end":{"line":218,"column":null}},"73":{"start":{"line":207,"column":2},"end":{"line":217,"column":null}},"74":{"start":{"line":220,"column":27},"end":{"line":231,"column":null}},"75":{"start":{"line":221,"column":2},"end":{"line":230,"column":null}},"76":{"start":{"line":233,"column":35},"end":{"line":247,"column":null}},"77":{"start":{"line":234,"column":19},"end":{"line":242,"column":null}},"78":{"start":{"line":244,"column":2},"end":{"line":246,"column":null}},"79":{"start":{"line":245,"column":4},"end":{"line":245,"column":null}},"80":{"start":{"line":249,"column":31},"end":{"line":269,"column":null}},"81":{"start":{"line":255,"column":19},"end":{"line":264,"column":null}},"82":{"start":{"line":266,"column":2},"end":{"line":268,"column":null}},"83":{"start":{"line":267,"column":4},"end":{"line":267,"column":null}},"84":{"start":{"line":271,"column":27},"end":{"line":282,"column":null}},"85":{"start":{"line":272,"column":2},"end":{"line":281,"column":null}},"86":{"start":{"line":284,"column":27},"end":{"line":296,"column":null}},"87":{"start":{"line":285,"column":2},"end":{"line":295,"column":null}},"88":{"start":{"line":298,"column":31},"end":{"line":309,"column":null}},"89":{"start":{"line":299,"column":2},"end":{"line":308,"column":null}},"90":{"start":{"line":311,"column":25},"end":{"line":322,"column":null}},"91":{"start":{"line":312,"column":2},"end":{"line":321,"column":null}}},"fnMap":{"0":{"name":"(anonymous_1)","decl":{"start":{"line":181,"column":27},"end":{"line":181,"column":30}},"loc":{"start":{"line":181,"column":13},"end":{"line":181,"column":27}}},"1":{"name":"(anonymous_2)","decl":{"start":{"line":193,"column":22},"end":{"line":193,"column":25}},"loc":{"start":{"line":193,"column":13},"end":{"line":193,"column":22}}},"2":{"name":"(anonymous_3)","decl":{"start":{"line":206,"column":28},"end":{"line":206,"column":31}},"loc":{"start":{"line":206,"column":13},"end":{"line":206,"column":28}}},"3":{"name":"(anonymous_4)","decl":{"start":{"line":220,"column":24},"end":{"line":220,"column":27}},"loc":{"start":{"line":220,"column":13},"end":{"line":220,"column":24}}},"4":{"name":"(anonymous_5)","decl":{"start":{"line":233,"column":32},"end":{"line":233,"column":35}},"loc":{"start":{"line":233,"column":13},"end":{"line":233,"column":32}}},"5":{"name":"(anonymous_6)","decl":{"start":{"line":249,"column":28},"end":{"line":249,"column":31}},"loc":{"start":{"line":249,"column":13},"end":{"line":249,"column":28}}},"6":{"name":"(anonymous_7)","decl":{"start":{"line":271,"column":24},"end":{"line":271,"column":27}},"loc":{"start":{"line":271,"column":13},"end":{"line":271,"column":24}}},"7":{"name":"(anonymous_8)","decl":{"start":{"line":284,"column":24},"end":{"line":284,"column":27}},"loc":{"start":{"line":284,"column":13},"end":{"line":284,"column":24}}},"8":{"name":"(anonymous_9)","decl":{"start":{"line":298,"column":28},"end":{"line":298,"column":31}},"loc":{"start":{"line":298,"column":13},"end":{"line":298,"column":28}}},"9":{"name":"(anonymous_10)","decl":{"start":{"line":311,"column":22},"end":{"line":311,"column":25}},"loc":{"start":{"line":311,"column":13},"end":{"line":311,"column":22}}},"10":{"name":"(anonymous_12)","decl":{"start":{"line":36,"column":18},"end":{"line":36,"column":24}},"loc":{"start":{"line":36,"column":24},"end":{"line":38,"column":null}}},"11":{"name":"(anonymous_13)","decl":{"start":{"line":40,"column":23},"end":{"line":40,"column":42}},"loc":{"start":{"line":40,"column":42},"end":{"line":44,"column":null}}},"12":{"name":"(anonymous_14)","decl":{"start":{"line":46,"column":22},"end":{"line":46,"column":36}},"loc":{"start":{"line":46,"column":36},"end":{"line":48,"column":null}}},"13":{"name":"(anonymous_15)","decl":{"start":{"line":50,"column":22},"end":{"line":50,"column":53}},"loc":{"start":{"line":50,"column":53},"end":{"line":58,"column":null}}},"14":{"name":"(anonymous_16)","decl":{"start":{"line":60,"column":25},"end":{"line":60,"column":26}},"loc":{"start":{"line":60,"column":49},"end":{"line":62,"column":null}}},"15":{"name":"(anonymous_17)","decl":{"start":{"line":64,"column":17},"end":{"line":64,"column":24}},"loc":{"start":{"line":64,"column":70},"end":{"line":72,"column":null}}},"16":{"name":"(anonymous_18)","decl":{"start":{"line":74,"column":23},"end":{"line":74,"column":42}},"loc":{"start":{"line":74,"column":42},"end":{"line":88,"column":null}}},"17":{"name":"(anonymous_19)","decl":{"start":{"line":90,"column":25},"end":{"line":90,"column":32}},"loc":{"start":{"line":94,"column":25},"end":{"line":102,"column":null}}},"18":{"name":"(anonymous_20)","decl":{"start":{"line":104,"column":20},"end":{"line":104,"column":27}},"loc":{"start":{"line":108,"column":25},"end":{"line":116,"column":null}}},"19":{"name":"(anonymous_21)","decl":{"start":{"line":118,"column":30},"end":{"line":118,"column":61}},"loc":{"start":{"line":118,"column":61},"end":{"line":126,"column":null}}},"20":{"name":"(anonymous_22)","decl":{"start":{"line":128,"column":25},"end":{"line":128,"column":32}},"loc":{"start":{"line":128,"column":69},"end":{"line":136,"column":null}}},"21":{"name":"(anonymous_23)","decl":{"start":{"line":138,"column":20},"end":{"line":138,"column":27}},"loc":{"start":{"line":138,"column":64},"end":{"line":146,"column":null}}},"22":{"name":"(anonymous_24)","decl":{"start":{"line":148,"column":18},"end":{"line":148,"column":25}},"loc":{"start":{"line":148,"column":65},"end":{"line":157,"column":null}}},"23":{"name":"(anonymous_25)","decl":{"start":{"line":159,"column":21},"end":{"line":159,"column":28}},"loc":{"start":{"line":159,"column":72},"end":{"line":168,"column":null}}},"24":{"name":"(anonymous_26)","decl":{"start":{"line":170,"column":19},"end":{"line":170,"column":26}},"loc":{"start":{"line":170,"column":64},"end":{"line":179,"column":null}}},"25":{"name":"(anonymous_27)","decl":{"start":{"line":181,"column":30},"end":{"line":181,"column":60}},"loc":{"start":{"line":181,"column":60},"end":{"line":191,"column":null}}},"26":{"name":"(anonymous_28)","decl":{"start":{"line":193,"column":25},"end":{"line":193,"column":32}},"loc":{"start":{"line":193,"column":63},"end":{"line":204,"column":null}}},"27":{"name":"(anonymous_29)","decl":{"start":{"line":206,"column":31},"end":{"line":206,"column":38}},"loc":{"start":{"line":206,"column":75},"end":{"line":218,"column":null}}},"28":{"name":"(anonymous_30)","decl":{"start":{"line":220,"column":27},"end":{"line":220,"column":34}},"loc":{"start":{"line":220,"column":69},"end":{"line":231,"column":null}}},"29":{"name":"(anonymous_31)","decl":{"start":{"line":233,"column":35},"end":{"line":233,"column":71}},"loc":{"start":{"line":233,"column":71},"end":{"line":247,"column":null}}},"30":{"name":"(anonymous_32)","decl":{"start":{"line":244,"column":22},"end":{"line":244,"column":23}},"loc":{"start":{"line":244,"column":35},"end":{"line":246,"column":null}}},"31":{"name":"(anonymous_33)","decl":{"start":{"line":249,"column":31},"end":{"line":249,"column":38}},"loc":{"start":{"line":249,"column":74},"end":{"line":269,"column":null}}},"32":{"name":"(anonymous_34)","decl":{"start":{"line":266,"column":22},"end":{"line":266,"column":23}},"loc":{"start":{"line":266,"column":35},"end":{"line":268,"column":null}}},"33":{"name":"(anonymous_35)","decl":{"start":{"line":271,"column":27},"end":{"line":271,"column":34}},"loc":{"start":{"line":271,"column":46},"end":{"line":282,"column":null}}},"34":{"name":"(anonymous_36)","decl":{"start":{"line":284,"column":27},"end":{"line":284,"column":34}},"loc":{"start":{"line":284,"column":59},"end":{"line":296,"column":null}}},"35":{"name":"(anonymous_37)","decl":{"start":{"line":298,"column":31},"end":{"line":298,"column":38}},"loc":{"start":{"line":298,"column":74},"end":{"line":309,"column":null}}},"36":{"name":"(anonymous_38)","decl":{"start":{"line":311,"column":25},"end":{"line":311,"column":32}},"loc":{"start":{"line":311,"column":60},"end":{"line":322,"column":null}}}},"branchMap":{"0":{"loc":{"start":{"line":78,"column":2},"end":{"line":82,"column":3}},"type":"if","locations":[{"start":{"line":78,"column":2},"end":{"line":82,"column":3}}]}},"s":{"0":6,"1":3,"2":3,"3":3,"4":5,"5":3,"6":3,"7":3,"8":3,"9":3,"10":5,"11":5,"12":5,"13":5,"14":5,"15":5,"16":5,"17":3,"18":5,"19":3,"20":5,"21":3,"22":3,"23":3,"24":5,"25":0,"26":5,"27":0,"28":0,"29":0,"30":5,"31":2,"32":2,"33":2,"34":1,"35":1,"36":5,"37":0,"38":0,"39":0,"40":5,"41":0,"42":0,"43":0,"44":5,"45":2,"46":2,"47":1,"48":5,"49":0,"50":0,"51":0,"52":5,"53":0,"54":0,"55":0,"56":5,"57":0,"58":0,"59":0,"60":5,"61":0,"62":0,"63":0,"64":5,"65":0,"66":0,"67":0,"68":5,"69":3,"70":5,"71":0,"72":5,"73":0,"74":5,"75":0,"76":5,"77":2,"78":1,"79":2,"80":5,"81":0,"82":0,"83":0,"84":5,"85":0,"86":5,"87":0,"88":5,"89":0,"90":5,"91":0},"f":{"0":6,"1":3,"2":3,"3":3,"4":5,"5":3,"6":3,"7":3,"8":3,"9":3,"10":5,"11":3,"12":3,"13":3,"14":0,"15":0,"16":2,"17":0,"18":0,"19":2,"20":0,"21":0,"22":0,"23":0,"24":0,"25":3,"26":0,"27":0,"28":0,"29":2,"30":2,"31":0,"32":0,"33":0,"34":0,"35":0,"36":0},"b":{"0":[1]}}
,"C:\\Users\\senya\\Desktop\\politech-senya\\web\\web-labs\\pages\\class\\DeleteClassButton.tsx": {"path":"C:\\Users\\senya\\Desktop\\politech-senya\\web\\web-labs\\pages\\class\\DeleteClassButton.tsx","statementMap":{"0":{"start":{"line":7,"column":24},"end":{"line":7,"column":42}},"1":{"start":{"line":1,"column":18},"end":{"line":1,"column":null}},"2":{"start":{"line":2,"column":23},"end":{"line":2,"column":null}},"3":{"start":{"line":3,"column":18},"end":{"line":3,"column":null}},"4":{"start":{"line":4,"column":31},"end":{"line":4,"column":null}},"5":{"start":{"line":5,"column":21},"end":{"line":5,"column":null}},"6":{"start":{"line":8,"column":15},"end":{"line":8,"column":null}},"7":{"start":{"line":8,"column":41},"end":{"line":8,"column":null}},"8":{"start":{"line":10,"column":2},"end":{"line":12,"column":3}},"9":{"start":{"line":11,"column":4},"end":{"line":11,"column":null}}},"fnMap":{"0":{"name":"(anonymous_0)","decl":{"start":{"line":7,"column":24},"end":{"line":7,"column":42}},"loc":{"start":{"line":7,"column":24},"end":{"line":7,"column":42}}},"1":{"name":"(anonymous_3)","decl":{"start":{"line":8,"column":30},"end":{"line":8,"column":31}},"loc":{"start":{"line":8,"column":41},"end":{"line":8,"column":null}}}},"branchMap":{"0":{"loc":{"start":{"line":10,"column":2},"end":{"line":12,"column":3}},"type":"if","locations":[{"start":{"line":10,"column":2},"end":{"line":12,"column":3}}]}},"s":{"0":1,"1":2,"2":2,"3":2,"4":2,"5":2,"6":0,"7":0,"8":0,"9":0},"f":{"0":1,"1":0},"b":{"0":[0]}}
,"C:\\Users\\senya\\Desktop\\politech-senya\\web\\web-labs\\pages\\class\\DeleteClassModal.tsx": {"path":"C:\\Users\\senya\\Desktop\\politech-senya\\web\\web-labs\\pages\\class\\DeleteClassModal.tsx","statementMap":{"0":{"start":{"line":11,"column":24},"end":{"line":11,"column":41}},"1":{"start":{"line":1,"column":32},"end":{"line":1,"column":null}},"2":{"start":{"line":2,"column":26},"end":{"line":2,"column":null}},"3":{"start":{"line":3,"column":31},"end":{"line":3,"column":null}},"4":{"start":{"line":4,"column":30},"end":{"line":4,"column":null}},"5":{"start":{"line":5,"column":31},"end":{"line":5,"column":null}},"6":{"start":{"line":6,"column":28},"end":{"line":6,"column":null}},"7":{"start":{"line":7,"column":31},"end":{"line":7,"column":null}},"8":{"start":{"line":8,"column":23},"end":{"line":8,"column":null}},"9":{"start":{"line":22,"column":40},"end":{"line":22,"column":null}},"10":{"start":{"line":23,"column":19},"end":{"line":23,"column":null}},"11":{"start":{"line":24,"column":21},"end":{"line":24,"column":null}},"12":{"start":{"line":27,"column":6},"end":{"line":27,"column":null}},"13":{"start":{"line":28,"column":8},"end":{"line":37,"column":null}},"14":{"start":{"line":29,"column":12},"end":{"line":29,"column":null}},"15":{"start":{"line":30,"column":12},"end":{"line":30,"column":null}},"16":{"start":{"line":33,"column":12},"end":{"line":35,"column":13}},"17":{"start":{"line":34,"column":14},"end":{"line":34,"column":null}},"18":{"start":{"line":36,"column":12},"end":{"line":36,"column":null}}},"fnMap":{"0":{"name":"(anonymous_0)","decl":{"start":{"line":11,"column":24},"end":{"line":11,"column":41}},"loc":{"start":{"line":11,"column":24},"end":{"line":11,"column":41}}},"1":{"name":"deleteClass","decl":{"start":{"line":26,"column":13},"end":{"line":26,"column":27}},"loc":{"start":{"line":26,"column":27},"end":{"line":38,"column":null}}},"2":{"name":"(anonymous_7)","decl":{"start":{"line":28,"column":34},"end":{"line":28,"column":40}},"loc":{"start":{"line":28,"column":40},"end":{"line":31,"column":null}}},"3":{"name":"(anonymous_8)","decl":{"start":{"line":32,"column":17},"end":{"line":32,"column":18}},"loc":{"start":{"line":32,"column":28},"end":{"line":37,"column":null}}}},"branchMap":{"0":{"loc":{"start":{"line":33,"column":12},"end":{"line":35,"column":13}},"type":"if","locations":[{"start":{"line":33,"column":12},"end":{"line":35,"column":13}}]}},"s":{"0":2,"1":2,"2":2,"3":2,"4":2,"5":2,"6":2,"7":2,"8":2,"9":2,"10":2,"11":2,"12":0,"13":0,"14":0,"15":0,"16":0,"17":0,"18":0},"f":{"0":4,"1":0,"2":0,"3":0},"b":{"0":[0]}}
,"C:\\Users\\senya\\Desktop\\politech-senya\\web\\web-labs\\pages\\class\\DeleteMessageButton.tsx": {"path":"C:\\Users\\senya\\Desktop\\politech-senya\\web\\web-labs\\pages\\class\\DeleteMessageButton.tsx","statementMap":{"0":{"start":{"line":5,"column":24},"end":{"line":5,"column":44}},"1":{"start":{"line":1,"column":18},"end":{"line":1,"column":null}},"2":{"start":{"line":2,"column":23},"end":{"line":2,"column":null}},"3":{"start":{"line":3,"column":18},"end":{"line":3,"column":null}}},"fnMap":{"0":{"name":"(anonymous_0)","decl":{"start":{"line":5,"column":24},"end":{"line":5,"column":44}},"loc":{"start":{"line":5,"column":24},"end":{"line":5,"column":44}}}},"branchMap":{},"s":{"0":0,"1":3,"2":3,"3":3},"f":{"0":0},"b":{}}
,"C:\\Users\\senya\\Desktop\\politech-senya\\web\\web-labs\\pages\\class\\DeleteMessageButtonModal.tsx": {"path":"C:\\Users\\senya\\Desktop\\politech-senya\\web\\web-labs\\pages\\class\\DeleteMessageButtonModal.tsx","statementMap":{"0":{"start":{"line":10,"column":24},"end":{"line":10,"column":49}},"1":{"start":{"line":1,"column":32},"end":{"line":1,"column":null}},"2":{"start":{"line":2,"column":26},"end":{"line":2,"column":null}},"3":{"start":{"line":3,"column":31},"end":{"line":3,"column":null}},"4":{"start":{"line":4,"column":31},"end":{"line":4,"column":null}},"5":{"start":{"line":5,"column":30},"end":{"line":5,"column":null}},"6":{"start":{"line":6,"column":23},"end":{"line":6,"column":null}},"7":{"start":{"line":7,"column":30},"end":{"line":7,"column":null}},"8":{"start":{"line":21,"column":40},"end":{"line":21,"column":null}},"9":{"start":{"line":23,"column":19},"end":{"line":23,"column":null}},"10":{"start":{"line":24,"column":21},"end":{"line":24,"column":null}},"11":{"start":{"line":27,"column":6},"end":{"line":27,"column":null}},"12":{"start":{"line":28,"column":6},"end":{"line":39,"column":null}},"13":{"start":{"line":30,"column":10},"end":{"line":30,"column":null}},"14":{"start":{"line":31,"column":10},"end":{"line":31,"column":null}},"15":{"start":{"line":34,"column":10},"end":{"line":36,"column":11}},"16":{"start":{"line":35,"column":12},"end":{"line":35,"column":null}},"17":{"start":{"line":39,"column":16},"end":{"line":39,"column":null}}},"fnMap":{"0":{"name":"(anonymous_0)","decl":{"start":{"line":10,"column":24},"end":{"line":10,"column":49}},"loc":{"start":{"line":10,"column":24},"end":{"line":10,"column":49}}},"1":{"name":"deleteMessage","decl":{"start":{"line":26,"column":13},"end":{"line":26,"column":29}},"loc":{"start":{"line":26,"column":29},"end":{"line":41,"column":null}}},"2":{"name":"(anonymous_7)","decl":{"start":{"line":29,"column":14},"end":{"line":29,"column":20}},"loc":{"start":{"line":29,"column":20},"end":{"line":32,"column":null}}},"3":{"name":"(anonymous_8)","decl":{"start":{"line":33,"column":15},"end":{"line":33,"column":16}},"loc":{"start":{"line":33,"column":26},"end":{"line":37,"column":null}}},"4":{"name":"(anonymous_9)","decl":{"start":{"line":39,"column":10},"end":{"line":39,"column":16}},"loc":{"start":{"line":39,"column":16},"end":{"line":39,"column":null}}}},"branchMap":{"0":{"loc":{"start":{"line":34,"column":10},"end":{"line":36,"column":11}},"type":"if","locations":[{"start":{"line":34,"column":10},"end":{"line":36,"column":11}}]}},"s":{"0":6,"1":3,"2":3,"3":3,"4":3,"5":3,"6":3,"7":3,"8":6,"9":6,"10":6,"11":0,"12":0,"13":0,"14":0,"15":0,"16":0,"17":0},"f":{"0":12,"1":0,"2":0,"3":0,"4":0},"b":{"0":[0]}}
,"C:\\Users\\senya\\Desktop\\politech-senya\\web\\web-labs\\pages\\class\\EditClassButton.tsx": {"path":"C:\\Users\\senya\\Desktop\\politech-senya\\web\\web-labs\\pages\\class\\EditClassButton.tsx","statementMap":{"0":{"start":{"line":4,"column":24},"end":{"line":4,"column":40}},"1":{"start":{"line":1,"column":23},"end":{"line":1,"column":null}},"2":{"start":{"line":2,"column":19},"end":{"line":2,"column":null}}},"fnMap":{"0":{"name":"(anonymous_0)","decl":{"start":{"line":4,"column":24},"end":{"line":4,"column":40}},"loc":{"start":{"line":4,"column":24},"end":{"line":4,"column":40}}}},"branchMap":{},"s":{"0":2,"1":2,"2":2},"f":{"0":4},"b":{}}
,"C:\\Users\\senya\\Desktop\\politech-senya\\web\\web-labs\\pages\\class\\JoinButton.tsx": {"path":"C:\\Users\\senya\\Desktop\\politech-senya\\web\\web-labs\\pages\\class\\JoinButton.tsx","statementMap":{"0":{"start":{"line":8,"column":24},"end":{"line":8,"column":35}},"1":{"start":{"line":1,"column":26},"end":{"line":1,"column":null}},"2":{"start":{"line":3,"column":47},"end":{"line":3,"column":null}},"3":{"start":{"line":4,"column":18},"end":{"line":4,"column":null}},"4":{"start":{"line":5,"column":28},"end":{"line":5,"column":null}},"5":{"start":{"line":6,"column":31},"end":{"line":6,"column":null}},"6":{"start":{"line":15,"column":17},"end":{"line":15,"column":null}},"7":{"start":{"line":16,"column":23},"end":{"line":16,"column":null}},"8":{"start":{"line":16,"column":49},"end":{"line":16,"column":75}},"9":{"start":{"line":17,"column":22},"end":{"line":17,"column":null}},"10":{"start":{"line":17,"column":48},"end":{"line":17,"column":73}},"11":{"start":{"line":18,"column":19},"end":{"line":18,"column":null}},"12":{"start":{"line":21,"column":4},"end":{"line":30,"column":5}},"13":{"start":{"line":22,"column":6},"end":{"line":29,"column":null}},"14":{"start":{"line":24,"column":10},"end":{"line":24,"column":null}},"15":{"start":{"line":25,"column":10},"end":{"line":25,"column":null}},"16":{"start":{"line":28,"column":10},"end":{"line":28,"column":null}},"17":{"start":{"line":39,"column":20},"end":{"line":39,"column":null}},"18":{"start":{"line":46,"column":42},"end":{"line":46,"column":67}}},"fnMap":{"0":{"name":"(anonymous_0)","decl":{"start":{"line":8,"column":24},"end":{"line":8,"column":35}},"loc":{"start":{"line":8,"column":24},"end":{"line":8,"column":35}}},"1":{"name":"(anonymous_3)","decl":{"start":{"line":16,"column":38},"end":{"line":16,"column":39}},"loc":{"start":{"line":16,"column":49},"end":{"line":16,"column":75}}},"2":{"name":"(anonymous_4)","decl":{"start":{"line":17,"column":37},"end":{"line":17,"column":38}},"loc":{"start":{"line":17,"column":48},"end":{"line":17,"column":73}}},"3":{"name":"joinClass","decl":{"start":{"line":20,"column":11},"end":{"line":20,"column":23}},"loc":{"start":{"line":20,"column":23},"end":{"line":31,"column":null}}},"4":{"name":"(anonymous_6)","decl":{"start":{"line":23,"column":14},"end":{"line":23,"column":20}},"loc":{"start":{"line":23,"column":20},"end":{"line":26,"column":null}}},"5":{"name":"(anonymous_7)","decl":{"start":{"line":27,"column":15},"end":{"line":27,"column":16}},"loc":{"start":{"line":27,"column":26},"end":{"line":29,"column":null}}},"6":{"name":"(anonymous_8)","decl":{"start":{"line":39,"column":12},"end":{"line":39,"column":13}},"loc":{"start":{"line":39,"column":20},"end":{"line":39,"column":null}}},"7":{"name":"(anonymous_9)","decl":{"start":{"line":46,"column":29},"end":{"line":46,"column":30}},"loc":{"start":{"line":46,"column":42},"end":{"line":46,"column":67}}}},"branchMap":{"0":{"loc":{"start":{"line":21,"column":4},"end":{"line":30,"column":5}},"type":"if","locations":[{"start":{"line":21,"column":4},"end":{"line":30,"column":5}}]},"1":{"loc":{"start":{"line":38,"column":11},"end":{"line":42,"column":15}},"type":"cond-expr","locations":[{"start":{"line":41,"column":14},"end":{"line":41,"column":null}},{"start":{"line":42,"column":14},"end":{"line":42,"column":15}}]},"2":{"loc":{"start":{"line":46,"column":10},"end":{"line":47,"column":34}},"type":"binary-expr","locations":[{"start":{"line":46,"column":10},"end":{"line":46,"column":76}},{"start":{"line":47,"column":10},"end":{"line":47,"column":34}}]}},"s":{"0":2,"1":2,"2":2,"3":2,"4":2,"5":2,"6":2,"7":2,"8":2,"9":2,"10":2,"11":2,"12":0,"13":0,"14":0,"15":0,"16":0,"17":2,"18":1},"f":{"0":4,"1":2,"2":2,"3":0,"4":0,"5":0,"6":2,"7":1},"b":{"0":[0],"1":[2,0],"2":[2,1]}}
,"C:\\Users\\senya\\Desktop\\politech-senya\\web\\web-labs\\pages\\class\\JoinRequest.ts": {"path":"C:\\Users\\senya\\Desktop\\politech-senya\\web\\web-labs\\pages\\class\\JoinRequest.ts","statementMap":{"0":{"start":{"line":1,"column":13},"end":{"line":1,"column":null}}},"fnMap":{"0":{"name":"(anonymous_0)","decl":{"start":{"line":1,"column":13},"end":{"line":1,"column":null}},"loc":{"start":{"line":1,"column":13},"end":{"line":1,"column":null}}}},"branchMap":{},"s":{"0":1},"f":{"0":1},"b":{}}
,"C:\\Users\\senya\\Desktop\\politech-senya\\web\\web-labs\\pages\\class\\Loading.tsx": {"path":"C:\\Users\\senya\\Desktop\\politech-senya\\web\\web-labs\\pages\\class\\Loading.tsx","statementMap":{"0":{"start":{"line":2,"column":16},"end":{"line":2,"column":26}},"1":{"start":{"line":1,"column":18},"end":{"line":1,"column":null}}},"fnMap":{"0":{"name":"(anonymous_0)","decl":{"start":{"line":2,"column":16},"end":{"line":2,"column":26}},"loc":{"start":{"line":2,"column":16},"end":{"line":2,"column":26}}}},"branchMap":{},"s":{"0":4,"1":4},"f":{"0":8},"b":{}}
,"C:\\Users\\senya\\Desktop\\politech-senya\\web\\web-labs\\pages\\class\\MessageCard.tsx": {"path":"C:\\Users\\senya\\Desktop\\politech-senya\\web\\web-labs\\pages\\class\\MessageCard.tsx","statementMap":{"0":{"start":{"line":7,"column":24},"end":{"line":7,"column":36}},"1":{"start":{"line":1,"column":18},"end":{"line":1,"column":null}},"2":{"start":{"line":2,"column":31},"end":{"line":2,"column":null}},"3":{"start":{"line":4,"column":21},"end":{"line":4,"column":null}},"4":{"start":{"line":5,"column":32},"end":{"line":5,"column":null}},"5":{"start":{"line":16,"column":15},"end":{"line":16,"column":null}},"6":{"start":{"line":16,"column":41},"end":{"line":16,"column":null}}},"fnMap":{"0":{"name":"(anonymous_0)","decl":{"start":{"line":7,"column":24},"end":{"line":7,"column":36}},"loc":{"start":{"line":7,"column":24},"end":{"line":7,"column":36}}},"1":{"name":"(anonymous_3)","decl":{"start":{"line":16,"column":30},"end":{"line":16,"column":31}},"loc":{"start":{"line":16,"column":41},"end":{"line":16,"column":null}}}},"branchMap":{"0":{"loc":{"start":{"line":35,"column":9},"end":{"line":35,"column":30}},"type":"binary-expr","locations":[{"start":{"line":35,"column":9},"end":{"line":35,"column":30}}]}},"s":{"0":2,"1":3,"2":3,"3":3,"4":3,"5":2,"6":2},"f":{"0":4,"1":2},"b":{"0":[2]}}
,"C:\\Users\\senya\\Desktop\\politech-senya\\web\\web-labs\\pages\\class\\MessageInput.tsx": {"path":"C:\\Users\\senya\\Desktop\\politech-senya\\web\\web-labs\\pages\\class\\MessageInput.tsx","statementMap":{"0":{"start":{"line":14,"column":16},"end":{"line":14,"column":29}},"1":{"start":{"line":1,"column":32},"end":{"line":1,"column":null}},"2":{"start":{"line":2,"column":18},"end":{"line":2,"column":null}},"3":{"start":{"line":3,"column":21},"end":{"line":3,"column":null}},"4":{"start":{"line":5,"column":31},"end":{"line":5,"column":null}},"5":{"start":{"line":6,"column":47},"end":{"line":6,"column":null}},"6":{"start":{"line":7,"column":28},"end":{"line":7,"column":null}},"7":{"start":{"line":8,"column":28},"end":{"line":8,"column":null}},"8":{"start":{"line":9,"column":26},"end":{"line":9,"column":null}},"9":{"start":{"line":10,"column":32},"end":{"line":10,"column":null}},"10":{"start":{"line":11,"column":19},"end":{"line":11,"column":null}},"11":{"start":{"line":12,"column":17},"end":{"line":12,"column":null}},"12":{"start":{"line":23,"column":36},"end":{"line":23,"column":null}},"13":{"start":{"line":24,"column":36},"end":{"line":24,"column":null}},"14":{"start":{"line":26,"column":17},"end":{"line":26,"column":null}},"15":{"start":{"line":26,"column":43},"end":{"line":26,"column":null}},"16":{"start":{"line":27,"column":19},"end":{"line":27,"column":null}},"17":{"start":{"line":27,"column":45},"end":{"line":27,"column":null}},"18":{"start":{"line":28,"column":20},"end":{"line":28,"column":null}},"19":{"start":{"line":28,"column":46},"end":{"line":28,"column":null}},"20":{"start":{"line":29,"column":19},"end":{"line":29,"column":null}},"21":{"start":{"line":29,"column":45},"end":{"line":29,"column":null}},"22":{"start":{"line":31,"column":19},"end":{"line":31,"column":null}},"23":{"start":{"line":32,"column":17},"end":{"line":32,"column":null}},"24":{"start":{"line":35,"column":20},"end":{"line":39,"column":null}},"25":{"start":{"line":40,"column":4},"end":{"line":40,"column":null}},"26":{"start":{"line":41,"column":4},"end":{"line":58,"column":null}},"27":{"start":{"line":43,"column":8},"end":{"line":43,"column":null}},"28":{"start":{"line":44,"column":8},"end":{"line":44,"column":null}},"29":{"start":{"line":45,"column":8},"end":{"line":45,"column":null}},"30":{"start":{"line":46,"column":8},"end":{"line":46,"column":null}},"31":{"start":{"line":47,"column":8},"end":{"line":47,"column":null}},"32":{"start":{"line":50,"column":8},"end":{"line":53,"column":9}},"33":{"start":{"line":51,"column":10},"end":{"line":51,"column":null}},"34":{"start":{"line":52,"column":10},"end":{"line":52,"column":null}},"35":{"start":{"line":57,"column":10},"end":{"line":57,"column":null}},"36":{"start":{"line":63,"column":4},"end":{"line":63,"column":null}},"37":{"start":{"line":73,"column":29},"end":{"line":73,"column":null}}},"fnMap":{"0":{"name":"(anonymous_0)","decl":{"start":{"line":14,"column":16},"end":{"line":14,"column":29}},"loc":{"start":{"line":14,"column":16},"end":{"line":14,"column":29}}},"1":{"name":"(anonymous_6)","decl":{"start":{"line":26,"column":32},"end":{"line":26,"column":33}},"loc":{"start":{"line":26,"column":43},"end":{"line":26,"column":null}}},"2":{"name":"(anonymous_7)","decl":{"start":{"line":27,"column":34},"end":{"line":27,"column":35}},"loc":{"start":{"line":27,"column":45},"end":{"line":27,"column":null}}},"3":{"name":"(anonymous_8)","decl":{"start":{"line":28,"column":35},"end":{"line":28,"column":36}},"loc":{"start":{"line":28,"column":46},"end":{"line":28,"column":null}}},"4":{"name":"(anonymous_9)","decl":{"start":{"line":29,"column":34},"end":{"line":29,"column":35}},"loc":{"start":{"line":29,"column":45},"end":{"line":29,"column":null}}},"5":{"name":"send","decl":{"start":{"line":34,"column":11},"end":{"line":34,"column":18}},"loc":{"start":{"line":34,"column":18},"end":{"line":60,"column":null}}},"6":{"name":"(anonymous_11)","decl":{"start":{"line":42,"column":12},"end":{"line":42,"column":13}},"loc":{"start":{"line":42,"column":22},"end":{"line":48,"column":null}}},"7":{"name":"(anonymous_12)","decl":{"start":{"line":49,"column":13},"end":{"line":49,"column":14}},"loc":{"start":{"line":49,"column":24},"end":{"line":54,"column":null}}},"8":{"name":"(anonymous_13)","decl":{"start":{"line":56,"column":8},"end":{"line":56,"column":14}},"loc":{"start":{"line":56,"column":14},"end":{"line":58,"column":null}}},"9":{"name":"isEmptyOrSpaces","decl":{"start":{"line":62,"column":11},"end":{"line":62,"column":27}},"loc":{"start":{"line":62,"column":40},"end":{"line":64,"column":null}}},"10":{"name":"(anonymous_15)","decl":{"start":{"line":73,"column":22},"end":{"line":73,"column":23}},"loc":{"start":{"line":73,"column":29},"end":{"line":73,"column":null}}}},"branchMap":{"0":{"loc":{"start":{"line":50,"column":8},"end":{"line":53,"column":9}},"type":"if","locations":[{"start":{"line":50,"column":8},"end":{"line":53,"column":9}}]},"1":{"loc":{"start":{"line":63,"column":11},"end":{"line":63,"column":53}},"type":"binary-expr","locations":[{"start":{"line":63,"column":11},"end":{"line":63,"column":23}},{"start":{"line":63,"column":27},"end":{"line":63,"column":53}}]},"2":{"loc":{"start":{"line":81,"column":16},"end":{"line":81,"column":null}},"type":"binary-expr","locations":[{"start":{"line":81,"column":16},"end":{"line":81,"column":35}},{"start":{"line":81,"column":39},"end":{"line":81,"column":null}}]},"3":{"loc":{"start":{"line":88,"column":12},"end":{"line":90,"column":null}},"type":"cond-expr","locations":[{"start":{"line":89,"column":12},"end":{"line":90,"column":13}},{"start":{"line":90,"column":12},"end":{"line":90,"column":null}}]}},"s":{"0":6,"1":3,"2":3,"3":3,"4":3,"5":3,"6":3,"7":3,"8":3,"9":3,"10":3,"11":3,"12":6,"13":6,"14":6,"15":7,"16":6,"17":7,"18":6,"19":7,"20":6,"21":7,"22":6,"23":6,"24":0,"25":0,"26":0,"27":0,"28":0,"29":0,"30":0,"31":0,"32":0,"33":0,"34":0,"35":0,"36":0,"37":0},"f":{"0":12,"1":7,"2":7,"3":7,"4":7,"5":0,"6":0,"7":0,"8":0,"9":0,"10":0},"b":{"0":[0],"1":[0,0],"2":[6,0],"3":[0,6]}}
,"C:\\Users\\senya\\Desktop\\politech-senya\\web\\web-labs\\pages\\class\\MessageService.ts": {"path":"C:\\Users\\senya\\Desktop\\politech-senya\\web\\web-labs\\pages\\class\\MessageService.ts","statementMap":{"0":{"start":{"line":45,"column":13},"end":{"line":45,"column":24}},"1":{"start":{"line":95,"column":13},"end":{"line":95,"column":24}},"2":{"start":{"line":112,"column":13},"end":{"line":112,"column":26}},"3":{"start":{"line":1,"column":22},"end":{"line":1,"column":null}},"4":{"start":{"line":2,"column":31},"end":{"line":2,"column":null}},"5":{"start":{"line":4,"column":31},"end":{"line":4,"column":null}},"6":{"start":{"line":5,"column":24},"end":{"line":5,"column":null}},"7":{"start":{"line":7,"column":18},"end":{"line":9,"column":null}},"8":{"start":{"line":8,"column":2},"end":{"line":8,"column":null}},"9":{"start":{"line":11,"column":26},"end":{"line":18,"column":null}},"10":{"start":{"line":12,"column":16},"end":{"line":12,"column":null}},"11":{"start":{"line":14,"column":2},"end":{"line":17,"column":null}},"12":{"start":{"line":20,"column":28},"end":{"line":22,"column":null}},"13":{"start":{"line":21,"column":2},"end":{"line":21,"column":null}},"14":{"start":{"line":24,"column":21},"end":{"line":33,"column":null}},"15":{"start":{"line":25,"column":2},"end":{"line":27,"column":3}},"16":{"start":{"line":26,"column":4},"end":{"line":26,"column":64}},"17":{"start":{"line":28,"column":2},"end":{"line":30,"column":3}},"18":{"start":{"line":29,"column":4},"end":{"line":29,"column":46}},"19":{"start":{"line":32,"column":2},"end":{"line":32,"column":36}},"20":{"start":{"line":35,"column":22},"end":{"line":43,"column":null}},"21":{"start":{"line":36,"column":27},"end":{"line":36,"column":null}},"22":{"start":{"line":37,"column":25},"end":{"line":37,"column":null}},"23":{"start":{"line":39,"column":2},"end":{"line":42,"column":null}},"24":{"start":{"line":45,"column":27},"end":{"line":61,"column":null}},"25":{"start":{"line":50,"column":19},"end":{"line":50,"column":null}},"26":{"start":{"line":52,"column":2},"end":{"line":58,"column":3}},"27":{"start":{"line":53,"column":4},"end":{"line":57,"column":null}},"28":{"start":{"line":60,"column":2},"end":{"line":60,"column":null}},"29":{"start":{"line":63,"column":28},"end":{"line":65,"column":null}},"30":{"start":{"line":64,"column":2},"end":{"line":64,"column":null}},"31":{"start":{"line":66,"column":26},"end":{"line":72,"column":null}},"32":{"start":{"line":67,"column":16},"end":{"line":67,"column":null}},"33":{"start":{"line":68,"column":2},"end":{"line":71,"column":null}},"34":{"start":{"line":74,"column":20},"end":{"line":83,"column":null}},"35":{"start":{"line":75,"column":22},"end":{"line":75,"column":null}},"36":{"start":{"line":76,"column":18},"end":{"line":76,"column":null}},"37":{"start":{"line":78,"column":2},"end":{"line":82,"column":null}},"38":{"start":{"line":85,"column":22},"end":{"line":93,"column":null}},"39":{"start":{"line":86,"column":22},"end":{"line":86,"column":72}},"40":{"start":{"line":87,"column":18},"end":{"line":87,"column":null}},"41":{"start":{"line":89,"column":2},"end":{"line":92,"column":null}},"42":{"start":{"line":95,"column":27},"end":{"line":110,"column":null}},"43":{"start":{"line":100,"column":2},"end":{"line":109,"column":null}},"44":{"start":{"line":112,"column":29},"end":{"line":123,"column":null}},"45":{"start":{"line":113,"column":2},"end":{"line":122,"column":null}}},"fnMap":{"0":{"name":"(anonymous_1)","decl":{"start":{"line":45,"column":24},"end":{"line":45,"column":27}},"loc":{"start":{"line":45,"column":13},"end":{"line":45,"column":24}}},"1":{"name":"(anonymous_2)","decl":{"start":{"line":95,"column":24},"end":{"line":95,"column":27}},"loc":{"start":{"line":95,"column":13},"end":{"line":95,"column":24}}},"2":{"name":"(anonymous_3)","decl":{"start":{"line":112,"column":26},"end":{"line":112,"column":29}},"loc":{"start":{"line":112,"column":13},"end":{"line":112,"column":26}}},"3":{"name":"(anonymous_5)","decl":{"start":{"line":7,"column":18},"end":{"line":7,"column":24}},"loc":{"start":{"line":7,"column":24},"end":{"line":9,"column":null}}},"4":{"name":"(anonymous_6)","decl":{"start":{"line":11,"column":26},"end":{"line":11,"column":45}},"loc":{"start":{"line":11,"column":45},"end":{"line":18,"column":null}}},"5":{"name":"(anonymous_7)","decl":{"start":{"line":20,"column":28},"end":{"line":20,"column":29}},"loc":{"start":{"line":20,"column":49},"end":{"line":22,"column":null}}},"6":{"name":"(anonymous_8)","decl":{"start":{"line":24,"column":21},"end":{"line":24,"column":22}},"loc":{"start":{"line":24,"column":59},"end":{"line":33,"column":null}}},"7":{"name":"(anonymous_9)","decl":{"start":{"line":35,"column":22},"end":{"line":35,"column":29}},"loc":{"start":{"line":35,"column":68},"end":{"line":43,"column":null}}},"8":{"name":"(anonymous_10)","decl":{"start":{"line":45,"column":27},"end":{"line":45,"column":34}},"loc":{"start":{"line":49,"column":26},"end":{"line":61,"column":null}}},"9":{"name":"(anonymous_11)","decl":{"start":{"line":63,"column":28},"end":{"line":63,"column":34}},"loc":{"start":{"line":63,"column":34},"end":{"line":65,"column":null}}},"10":{"name":"(anonymous_12)","decl":{"start":{"line":66,"column":26},"end":{"line":66,"column":32}},"loc":{"start":{"line":66,"column":32},"end":{"line":72,"column":null}}},"11":{"name":"(anonymous_13)","decl":{"start":{"line":74,"column":20},"end":{"line":74,"column":27}},"loc":{"start":{"line":74,"column":63},"end":{"line":83,"column":null}}},"12":{"name":"(anonymous_14)","decl":{"start":{"line":85,"column":22},"end":{"line":85,"column":29}},"loc":{"start":{"line":85,"column":70},"end":{"line":93,"column":null}}},"13":{"name":"(anonymous_15)","decl":{"start":{"line":95,"column":27},"end":{"line":95,"column":34}},"loc":{"start":{"line":99,"column":20},"end":{"line":110,"column":null}}},"14":{"name":"(anonymous_16)","decl":{"start":{"line":112,"column":29},"end":{"line":112,"column":36}},"loc":{"start":{"line":112,"column":58},"end":{"line":123,"column":null}}}},"branchMap":{"0":{"loc":{"start":{"line":25,"column":2},"end":{"line":27,"column":3}},"type":"if","locations":[{"start":{"line":25,"column":2},"end":{"line":27,"column":3}}]},"1":{"loc":{"start":{"line":28,"column":2},"end":{"line":30,"column":3}},"type":"if","locations":[{"start":{"line":28,"column":2},"end":{"line":30,"column":3}}]},"2":{"loc":{"start":{"line":52,"column":2},"end":{"line":58,"column":3}},"type":"if","locations":[{"start":{"line":52,"column":2},"end":{"line":58,"column":3}}]}},"s":{"0":1,"1":1,"2":1,"3":3,"4":3,"5":3,"6":3,"7":3,"8":0,"9":3,"10":0,"11":0,"12":3,"13":0,"14":3,"15":0,"16":0,"17":0,"18":0,"19":0,"20":3,"21":0,"22":0,"23":0,"24":3,"25":0,"26":0,"27":0,"28":0,"29":3,"30":0,"31":3,"32":0,"33":0,"34":3,"35":0,"36":0,"37":0,"38":3,"39":0,"40":0,"41":0,"42":3,"43":0,"44":3,"45":0},"f":{"0":1,"1":1,"2":1,"3":0,"4":0,"5":0,"6":0,"7":0,"8":0,"9":0,"10":0,"11":0,"12":0,"13":0,"14":0},"b":{"0":[0],"1":[0],"2":[0]}}
,"C:\\Users\\senya\\Desktop\\politech-senya\\web\\web-labs\\pages\\class\\MessagesBar.tsx": {"path":"C:\\Users\\senya\\Desktop\\politech-senya\\web\\web-labs\\pages\\class\\MessagesBar.tsx","statementMap":{"0":{"start":{"line":17,"column":16},"end":{"line":17,"column":28}},"1":{"start":{"line":1,"column":32},"end":{"line":1,"column":null}},"2":{"start":{"line":4,"column":26},"end":{"line":4,"column":null}},"3":{"start":{"line":5,"column":31},"end":{"line":5,"column":null}},"4":{"start":{"line":6,"column":28},"end":{"line":6,"column":null}},"5":{"start":{"line":7,"column":28},"end":{"line":7,"column":null}},"6":{"start":{"line":8,"column":28},"end":{"line":8,"column":null}},"7":{"start":{"line":9,"column":29},"end":{"line":9,"column":null}},"8":{"start":{"line":11,"column":24},"end":{"line":11,"column":null}},"9":{"start":{"line":12,"column":37},"end":{"line":12,"column":null}},"10":{"start":{"line":13,"column":31},"end":{"line":13,"column":null}},"11":{"start":{"line":14,"column":22},"end":{"line":14,"column":null}},"12":{"start":{"line":24,"column":34},"end":{"line":24,"column":null}},"13":{"start":{"line":25,"column":38},"end":{"line":25,"column":null}},"14":{"start":{"line":26,"column":19},"end":{"line":26,"column":null}},"15":{"start":{"line":27,"column":17},"end":{"line":27,"column":null}},"16":{"start":{"line":28,"column":34},"end":{"line":28,"column":null}},"17":{"start":{"line":29,"column":24},"end":{"line":29,"column":null}},"18":{"start":{"line":31,"column":2},"end":{"line":48,"column":null}},"19":{"start":{"line":32,"column":4},"end":{"line":47,"column":5}},"20":{"start":{"line":33,"column":6},"end":{"line":46,"column":null}},"21":{"start":{"line":34,"column":24},"end":{"line":34,"column":null}},"22":{"start":{"line":34,"column":62},"end":{"line":34,"column":null}},"23":{"start":{"line":36,"column":10},"end":{"line":40,"column":11}},"24":{"start":{"line":37,"column":12},"end":{"line":37,"column":null}},"25":{"start":{"line":38,"column":12},"end":{"line":38,"column":null}},"26":{"start":{"line":39,"column":12},"end":{"line":39,"column":null}},"27":{"start":{"line":42,"column":10},"end":{"line":45,"column":11}},"28":{"start":{"line":43,"column":12},"end":{"line":43,"column":null}},"29":{"start":{"line":44,"column":12},"end":{"line":44,"column":null}},"30":{"start":{"line":51,"column":4},"end":{"line":74,"column":5}},"31":{"start":{"line":52,"column":6},"end":{"line":59,"column":7}},"32":{"start":{"line":63,"column":12},"end":{"line":65,"column":null}},"33":{"start":{"line":68,"column":32},"end":{"line":68,"column":null}},"34":{"start":{"line":77,"column":2},"end":{"line":83,"column":3}},"35":{"start":{"line":94,"column":12},"end":{"line":94,"column":null}},"36":{"start":{"line":94,"column":53},"end":{"line":94,"column":null}},"37":{"start":{"line":96,"column":23},"end":{"line":96,"column":null}},"38":{"start":{"line":102,"column":29},"end":{"line":102,"column":null}}},"fnMap":{"0":{"name":"(anonymous_0)","decl":{"start":{"line":17,"column":16},"end":{"line":17,"column":28}},"loc":{"start":{"line":17,"column":16},"end":{"line":17,"column":28}}},"1":{"name":"(anonymous_6)","decl":{"start":{"line":31,"column":12},"end":{"line":31,"column":18}},"loc":{"start":{"line":31,"column":18},"end":{"line":48,"column":5}}},"2":{"name":"(anonymous_7)","decl":{"start":{"line":34,"column":14},"end":{"line":34,"column":15}},"loc":{"start":{"line":34,"column":24},"end":{"line":34,"column":null}}},"3":{"name":"(anonymous_8)","decl":{"start":{"line":34,"column":48},"end":{"line":34,"column":49}},"loc":{"start":{"line":34,"column":62},"end":{"line":34,"column":null}}},"4":{"name":"(anonymous_9)","decl":{"start":{"line":35,"column":15},"end":{"line":35,"column":16}},"loc":{"start":{"line":35,"column":22},"end":{"line":46,"column":null}}},"5":{"name":"messagesIfAny","decl":{"start":{"line":50,"column":11},"end":{"line":50,"column":27}},"loc":{"start":{"line":50,"column":27},"end":{"line":75,"column":null}}},"6":{"name":"(anonymous_11)","decl":{"start":{"line":62,"column":24},"end":{"line":62,"column":25}},"loc":{"start":{"line":62,"column":33},"end":{"line":71,"column":null}}},"7":{"name":"(anonymous_12)","decl":{"start":{"line":68,"column":26},"end":{"line":68,"column":32}},"loc":{"start":{"line":68,"column":32},"end":{"line":68,"column":null}}},"8":{"name":"(anonymous_13)","decl":{"start":{"line":93,"column":20},"end":{"line":93,"column":null}},"loc":{"start":{"line":94,"column":12},"end":{"line":94,"column":null}}},"9":{"name":"(anonymous_14)","decl":{"start":{"line":94,"column":40},"end":{"line":94,"column":41}},"loc":{"start":{"line":94,"column":53},"end":{"line":94,"column":null}}},"10":{"name":"(anonymous_15)","decl":{"start":{"line":96,"column":17},"end":{"line":96,"column":23}},"loc":{"start":{"line":96,"column":23},"end":{"line":96,"column":null}}},"11":{"name":"(anonymous_16)","decl":{"start":{"line":102,"column":16},"end":{"line":102,"column":17}},"loc":{"start":{"line":102,"column":29},"end":{"line":102,"column":null}}}},"branchMap":{"0":{"loc":{"start":{"line":32,"column":4},"end":{"line":47,"column":5}},"type":"if","locations":[{"start":{"line":32,"column":4},"end":{"line":47,"column":5}}]},"1":{"loc":{"start":{"line":36,"column":10},"end":{"line":40,"column":11}},"type":"if","locations":[{"start":{"line":36,"column":10},"end":{"line":40,"column":11}}]},"2":{"loc":{"start":{"line":42,"column":10},"end":{"line":45,"column":11}},"type":"if","locations":[{"start":{"line":42,"column":10},"end":{"line":45,"column":11}}]},"3":{"loc":{"start":{"line":51,"column":4},"end":{"line":74,"column":5}},"type":"if","locations":[{"start":{"line":51,"column":4},"end":{"line":74,"column":5}}]},"4":{"loc":{"start":{"line":52,"column":6},"end":{"line":59,"column":7}},"type":"if","locations":[{"start":{"line":52,"column":6},"end":{"line":59,"column":7}}]},"5":{"loc":{"start":{"line":77,"column":2},"end":{"line":83,"column":3}},"type":"if","locations":[{"start":{"line":77,"column":2},"end":{"line":83,"column":3}}]}},"s":{"0":5,"1":3,"2":3,"3":3,"4":3,"5":3,"6":3,"7":3,"8":3,"9":3,"10":3,"11":3,"12":7,"13":7,"14":7,"15":7,"16":7,"17":7,"18":7,"19":6,"20":4,"21":2,"22":2,"23":2,"24":1,"25":1,"26":1,"27":2,"28":1,"29":1,"30":6,"31":2,"32":2,"33":0,"34":7,"35":0,"36":0,"37":0,"38":0},"f":{"0":12,"1":6,"2":2,"3":2,"4":2,"5":6,"6":2,"7":0,"8":0,"9":0,"10":0,"11":0},"b":{"0":[4],"1":[1],"2":[1],"3":[2],"4":[1],"5":[1]}}
,"C:\\Users\\senya\\Desktop\\politech-senya\\web\\web-labs\\pages\\class\\RequestsButton.tsx": {"path":"C:\\Users\\senya\\Desktop\\politech-senya\\web\\web-labs\\pages\\class\\RequestsButton.tsx","statementMap":{"0":{"start":{"line":5,"column":16},"end":{"line":5,"column":31}},"1":{"start":{"line":1,"column":26},"end":{"line":1,"column":null}},"2":{"start":{"line":2,"column":21},"end":{"line":2,"column":null}},"3":{"start":{"line":3,"column":31},"end":{"line":3,"column":null}},"4":{"start":{"line":4,"column":18},"end":{"line":4,"column":null}},"5":{"start":{"line":6,"column":17},"end":{"line":6,"column":null}},"6":{"start":{"line":7,"column":15},"end":{"line":7,"column":null}},"7":{"start":{"line":7,"column":41},"end":{"line":7,"column":null}},"8":{"start":{"line":9,"column":4},"end":{"line":9,"column":null}},"9":{"start":{"line":11,"column":2},"end":{"line":13,"column":3}},"10":{"start":{"line":12,"column":4},"end":{"line":12,"column":null}}},"fnMap":{"0":{"name":"(anonymous_0)","decl":{"start":{"line":5,"column":16},"end":{"line":5,"column":31}},"loc":{"start":{"line":5,"column":16},"end":{"line":5,"column":31}}},"1":{"name":"(anonymous_3)","decl":{"start":{"line":7,"column":30},"end":{"line":7,"column":31}},"loc":{"start":{"line":7,"column":41},"end":{"line":7,"column":null}}},"2":{"name":"onClick","decl":{"start":{"line":8,"column":11},"end":{"line":8,"column":21}},"loc":{"start":{"line":8,"column":21},"end":{"line":10,"column":null}}}},"branchMap":{"0":{"loc":{"start":{"line":11,"column":2},"end":{"line":13,"column":3}},"type":"if","locations":[{"start":{"line":11,"column":2},"end":{"line":13,"column":3}}]}},"s":{"0":2,"1":2,"2":2,"3":2,"4":2,"5":2,"6":2,"7":2,"8":1,"9":2,"10":0},"f":{"0":4,"1":2,"2":1},"b":{"0":[0]}}
[...]
ne":24,"column":null}},"6":{"start":{"line":14,"column":25},"end":{"line":14,"column":null}},"7":{"start":{"line":16,"column":2},"end":{"line":21,"column":null}},"8":{"start":{"line":17,"column":17},"end":{"line":17,"column":null}},"9":{"start":{"line":18,"column":4},"end":{"line":18,"column":null}},"10":{"start":{"line":20,"column":4},"end":{"line":20,"column":null}},"11":{"start":{"line":23,"column":2},"end":{"line":23,"column":27}},"12":{"start":{"line":26,"column":22},"end":{"line":39,"column":null}},"13":{"start":{"line":27,"column":22},"end":{"line":27,"column":null}},"14":{"start":{"line":28,"column":18},"end":{"line":28,"column":null}},"15":{"start":{"line":30,"column":19},"end":{"line":34,"column":null}},"16":{"start":{"line":36,"column":2},"end":{"line":38,"column":3}},"17":{"start":{"line":37,"column":4},"end":{"line":37,"column":null}}},"fnMap":{"0":{"name":"(anonymous_0)","decl":{"start":{"line":26,"column":13},"end":{"line":26,"column":22}},"loc":{"start":{"line":26,"column":13},"end":{"line":26,"column":22}}},"1":{"name":"(anonymous_1)","decl":{"start":{"line":3,"column":19},"end":{"line":3,"column":38}},"loc":{"start":{"line":3,"column":38},"end":{"line":7,"column":null}}},"2":{"name":"(anonymous_2)","decl":{"start":{"line":9,"column":23},"end":{"line":9,"column":37}},"loc":{"start":{"line":9,"column":37},"end":{"line":11,"column":null}}},"3":{"name":"(anonymous_3)","decl":{"start":{"line":13,"column":24},"end":{"line":13,"column":31}},"loc":{"start":{"line":13,"column":44},"end":{"line":24,"column":null}}},"4":{"name":"(anonymous_4)","decl":{"start":{"line":26,"column":22},"end":{"line":26,"column":29}},"loc":{"start":{"line":26,"column":44},"end":{"line":39,"column":null}}}},"branchMap":{"0":{"loc":{"start":{"line":18,"column":14},"end":{"line":18,"column":51}},"type":"cond-expr","locations":[{"start":{"line":18,"column":26},"end":{"line":18,"column":34}},{"start":{"line":18,"column":37},"end":{"line":18,"column":51}}]},"1":{"loc":{"start":{"line":36,"column":2},"end":{"line":38,"column":3}},"type":"if","locations":[{"start":{"line":36,"column":2},"end":{"line":38,"column":3}}]}},"s":{"0":0,"1":1,"2":0,"3":1,"4":0,"5":1,"6":0,"7":0,"8":0,"9":0,"10":0,"11":0,"12":1,"13":0,"14":0,"15":0,"16":0,"17":0},"f":{"0":0,"1":0,"2":0,"3":0,"4":0},"b":{"0":[0,0],"1":[0]}}
,"C:\\Users\\senya\\Desktop\\politech-senya\\web\\web-labs\\pages\\signUp\\useSignupForm.tsx": {"path":"C:\\Users\\senya\\Desktop\\politech-senya\\web\\web-labs\\pages\\signUp\\useSignupForm.tsx","statementMap":{"0":{"start":{"line":5,"column":24},"end":{"line":5,"column":40}},"1":{"start":{"line":1,"column":21},"end":{"line":1,"column":null}},"2":{"start":{"line":2,"column":24},"end":{"line":2,"column":null}},"3":{"start":{"line":3,"column":28},"end":{"line":3,"column":null}},"4":{"start":{"line":6,"column":19},"end":{"line":13,"column":null}},"5":{"start":{"line":20,"column":8},"end":{"line":22,"column":null}},"6":{"start":{"line":24,"column":4},"end":{"line":24,"column":null}}},"fnMap":{"0":{"name":"(anonymous_0)","decl":{"start":{"line":5,"column":24},"end":{"line":5,"column":40}},"loc":{"start":{"line":5,"column":24},"end":{"line":5,"column":40}}}},"branchMap":{},"s":{"0":2,"1":1,"2":1,"3":1,"4":2,"5":2,"6":2},"f":{"0":4},"b":{}}
,"C:\\Users\\senya\\Desktop\\politech-senya\\web\\web-labs\\pages\\signUp\\useUsername.tsx": {"path":"C:\\Users\\senya\\Desktop\\politech-senya\\web\\web-labs\\pages\\signUp\\useUsername.tsx","statementMap":{"0":{"start":{"line":3,"column":24},"end":{"line":3,"column":38}},"1":{"start":{"line":1,"column":26},"end":{"line":1,"column":null}},"2":{"start":{"line":2,"column":36},"end":{"line":2,"column":null}},"3":{"start":{"line":4,"column":19},"end":{"line":4,"column":null}},"4":{"start":{"line":5,"column":36},"end":{"line":5,"column":null}},"5":{"start":{"line":6,"column":4},"end":{"line":10,"column":null}},"6":{"start":{"line":7,"column":6},"end":{"line":9,"column":7}},"7":{"start":{"line":8,"column":8},"end":{"line":8,"column":null}},"8":{"start":{"line":12,"column":4},"end":{"line":12,"column":null}}},"fnMap":{"0":{"name":"(anonymous_0)","decl":{"start":{"line":3,"column":24},"end":{"line":3,"column":38}},"loc":{"start":{"line":3,"column":24},"end":{"line":3,"column":38}}},"1":{"name":"(anonymous_2)","decl":{"start":{"line":6,"column":14},"end":{"line":6,"column":20}},"loc":{"start":{"line":6,"column":20},"end":{"line":10,"column":null}}}},"branchMap":{"0":{"loc":{"start":{"line":7,"column":6},"end":{"line":9,"column":7}},"type":"if","locations":[{"start":{"line":7,"column":6},"end":{"line":9,"column":7}}]}},"s":{"0":2,"1":1,"2":1,"3":2,"4":2,"5":2,"6":2,"7":1,"8":2},"f":{"0":4,"1":2},"b":{"0":[1]}}
,"C:\\Users\\senya\\Desktop\\politech-senya\\web\\web-labs\\pages\\utils\\Service.ts": {"path":"C:\\Users\\senya\\Desktop\\politech-senya\\web\\web-labs\\pages\\utils\\Service.ts","statementMap":{"0":{"start":{"line":14,"column":13},"end":{"line":14,"column":23}},"1":{"start":{"line":2,"column":22},"end":{"line":2,"column":null}},"2":{"start":{"line":3,"column":31},"end":{"line":3,"column":null}},"3":{"start":{"line":4,"column":27},"end":{"line":4,"column":null}},"4":{"start":{"line":14,"column":23},"end":{"line":88,"column":null}},"5":{"start":{"line":23,"column":21},"end":{"line":25,"column":null}},"6":{"start":{"line":24,"column":4},"end":{"line":24,"column":16}},"7":{"start":{"line":27,"column":29},"end":{"line":32,"column":null}},"8":{"start":{"line":28,"column":4},"end":{"line":31,"column":null}},"9":{"start":{"line":34,"column":35},"end":{"line":63,"column":null}},"10":{"start":{"line":35,"column":28},"end":{"line":35,"column":null}},"11":{"start":{"line":37,"column":4},"end":{"line":62,"column":null}},"12":{"start":{"line":39,"column":8},"end":{"line":43,"column":null}},"13":{"start":{"line":47,"column":8},"end":{"line":51,"column":null}},"14":{"start":{"line":55,"column":8},"end":{"line":59,"column":null}},"15":{"start":{"line":65,"column":19},"end":{"line":67,"column":12}},"16":{"start":{"line":69,"column":2},"end":{"line":76,"column":3}},"17":{"start":{"line":70,"column":34},"end":{"line":70,"column":null}},"18":{"start":{"line":71,"column":4},"end":{"line":75,"column":5}},"19":{"start":{"line":72,"column":6},"end":{"line":72,"column":null}},"20":{"start":{"line":74,"column":6},"end":{"line":74,"column":42}},"21":{"start":{"line":78,"column":2},"end":{"line":87,"column":null}},"22":{"start":{"line":79,"column":4},"end":{"line":79,"column":null}},"23":{"start":{"line":81,"column":28},"end":{"line":81,"column":null}},"24":{"start":{"line":82,"column":20},"end":{"line":84,"column":28}},"25":{"start":{"line":86,"column":4},"end":{"line":86,"column":29}}},"fnMap":{"0":{"name":"(anonymous_0)","decl":{"start":{"line":14,"column":13},"end":{"line":14,"column":23}},"loc":{"start":{"line":14,"column":13},"end":{"line":14,"column":23}}},"1":{"name":"(anonymous_2)","decl":{"start":{"line":14,"column":23},"end":{"line":14,"column":33}},"loc":{"start":{"line":22,"column":18},"end":{"line":88,"column":null}}},"2":{"name":"(anonymous_3)","decl":{"start":{"line":23,"column":21},"end":{"line":23,"column":22}},"loc":{"start":{"line":23,"column":46},"end":{"line":25,"column":null}}},"3":{"name":"(anonymous_4)","decl":{"start":{"line":27,"column":29},"end":{"line":27,"column":35}},"loc":{"start":{"line":27,"column":35},"end":{"line":32,"column":null}}},"4":{"name":"(anonymous_5)","decl":{"start":{"line":34,"column":35},"end":{"line":34,"column":36}},"loc":{"start":{"line":34,"column":54},"end":{"line":63,"column":null}}},"5":{"name":"(anonymous_6)","decl":{"start":{"line":38,"column":11},"end":{"line":38,"column":null}},"loc":{"start":{"line":39,"column":8},"end":{"line":43,"column":null}}},"6":{"name":"(anonymous_7)","decl":{"start":{"line":46,"column":11},"end":{"line":46,"column":null}},"loc":{"start":{"line":47,"column":8},"end":{"line":51,"column":null}}},"7":{"name":"(anonymous_8)","decl":{"start":{"line":54,"column":11},"end":{"line":54,"column":null}},"loc":{"start":{"line":55,"column":8},"end":{"line":59,"column":null}}}},"branchMap":{"0":{"loc":{"start":{"line":41,"column":12},"end":{"line":43,"column":36}},"type":"cond-expr","locations":[{"start":{"line":42,"column":16},"end":{"line":42,"column":54}},{"start":{"line":43,"column":16},"end":{"line":43,"column":36}}]},"1":{"loc":{"start":{"line":49,"column":12},"end":{"line":51,"column":36}},"type":"cond-expr","locations":[{"start":{"line":50,"column":16},"end":{"line":50,"column":45}},{"start":{"line":51,"column":16},"end":{"line":51,"column":36}}]},"2":{"loc":{"start":{"line":57,"column":12},"end":{"line":59,"column":36}},"type":"cond-expr","locations":[{"start":{"line":58,"column":16},"end":{"line":58,"column":46}},{"start":{"line":59,"column":16},"end":{"line":59,"column":36}}]},"3":{"loc":{"start":{"line":65,"column":19},"end":{"line":67,"column":12}},"type":"cond-expr","locations":[{"start":{"line":66,"column":6},"end":{"line":66,"column":null}},{"start":{"line":67,"column":6},"end":{"line":67,"column":12}}]},"4":{"loc":{"start":{"line":69,"column":2},"end":{"line":76,"column":3}},"type":"if","locations":[{"start":{"line":69,"column":2},"end":{"line":76,"column":3}}]},"5":{"loc":{"start":{"line":71,"column":4},"end":{"line":75,"column":5}},"type":"if","locations":[{"start":{"line":71,"column":4},"end":{"line":75,"column":5}},{"start":{"line":73,"column":11},"end":{"line":75,"column":5}}]},"6":{"loc":{"start":{"line":82,"column":20},"end":{"line":84,"column":28}},"type":"cond-expr","locations":[{"start":{"line":83,"column":8},"end":{"line":83,"column":27}},{"start":{"line":84,"column":8},"end":{"line":84,"column":28}}]}},"s":{"0":5,"1":17,"2":17,"3":17,"4":17,"5":5,"6":1,"7":5,"8":2,"9":5,"10":2,"11":2,"12":0,"13":1,"14":0,"15":5,"16":4,"17":2,"18":2,"19":1,"20":1,"21":2,"22":2,"23":0,"24":0,"25":0},"f":{"0":5,"1":5,"2":1,"3":2,"4":2,"5":0,"6":1,"7":0},"b":{"0":[0,0],"1":[1,0],"2":[0,0],"3":[0,5],"4":[2],"5":[1,1],"6":[0,0]}}
,"C:\\Users\\senya\\Desktop\\politech-senya\\web\\web-labs\\pages\\utils\\hooks.tsx": {"path":"C:\\Users\\senya\\Desktop\\politech-senya\\web\\web-labs\\pages\\utils\\hooks.tsx","statementMap":{"0":{"start":{"line":95,"column":2},"end":{"line":95,"column":18}},"1":{"start":{"line":96,"column":2},"end":{"line":96,"column":13}},"2":{"start":{"line":97,"column":2},"end":{"line":97,"column":21}},"3":{"start":{"line":98,"column":2},"end":{"line":98,"column":20}},"4":{"start":{"line":99,"column":2},"end":{"line":99,"column":14}},"5":{"start":{"line":1,"column":36},"end":{"line":1,"column":null}},"6":{"start":{"line":2,"column":26},"end":{"line":2,"column":null}},"7":{"start":{"line":3,"column":40},"end":{"line":3,"column":null}},"8":{"start":{"line":4,"column":47},"end":{"line":4,"column":null}},"9":{"start":{"line":6,"column":31},"end":{"line":6,"column":null}},"10":{"start":{"line":7,"column":28},"end":{"line":7,"column":null}},"11":{"start":{"line":8,"column":44},"end":{"line":8,"column":null}},"12":{"start":{"line":11,"column":17},"end":{"line":11,"column":null}},"13":{"start":{"line":12,"column":21},"end":{"line":12,"column":null}},"14":{"start":{"line":12,"column":47},"end":{"line":12,"column":64}},"15":{"start":{"line":13,"column":19},"end":{"line":13,"column":null}},"16":{"start":{"line":15,"column":2},"end":{"line":23,"column":null}},"17":{"start":{"line":16,"column":4},"end":{"line":22,"column":5}},"18":{"start":{"line":17,"column":6},"end":{"line":19,"column":7}},"19":{"start":{"line":18,"column":8},"end":{"line":18,"column":null}},"20":{"start":{"line":21,"column":6},"end":{"line":21,"column":null}},"21":{"start":{"line":27,"column":17},"end":{"line":27,"column":null}},"22":{"start":{"line":28,"column":26},"end":{"line":28,"column":null}},"23":{"start":{"line":29,"column":19},"end":{"line":29,"column":null}},"24":{"start":{"line":31,"column":2},"end":{"line":44,"column":null}},"25":{"start":{"line":32,"column":4},"end":{"line":43,"column":5}},"26":{"start":{"line":33,"column":20},"end":{"line":33,"column":null}},"27":{"start":{"line":34,"column":6},"end":{"line":42,"column":null}},"28":{"start":{"line":35,"column":31},"end":{"line":35,"column":null}},"29":{"start":{"line":37,"column":10},"end":{"line":41,"column":11}},"30":{"start":{"line":38,"column":12},"end":{"line":38,"column":null}},"31":{"start":{"line":39,"column":12},"end":{"line":39,"column":null}},"32":{"start":{"line":40,"column":12},"end":{"line":40,"column":null}},"33":{"start":{"line":46,"column":2},"end":{"line":46,"column":null}},"34":{"start":{"line":50,"column":23},"end":{"line":50,"column":null}},"35":{"start":{"line":51,"column":17},"end":{"line":51,"column":null}},"36":{"start":{"line":52,"column":21},"end":{"line":52,"column":null}},"37":{"start":{"line":52,"column":47},"end":{"line":52,"column":64}},"38":{"start":{"line":53,"column":19},"end":{"line":53,"column":null}},"39":{"start":{"line":54,"column":2},"end":{"line":70,"column":null}},"40":{"start":{"line":55,"column":18},"end":{"line":55,"column":null}},"41":{"start":{"line":56,"column":4},"end":{"line":69,"column":5}},"42":{"start":{"line":57,"column":6},"end":{"line":68,"column":null}},"43":{"start":{"line":59,"column":8},"end":{"line":61,"column":9}},"44":{"start":{"line":60,"column":10},"end":{"line":60,"column":null}},"45":{"start":{"line":62,"column":8},"end":{"line":62,"column":null}},"46":{"start":{"line":65,"column":8},"end":{"line":67,"column":9}},"47":{"start":{"line":66,"column":10},"end":{"line":66,"column":null}},"48":{"start":{"line":75,"column":4},"end":{"line":80,"column":null}},"49":{"start":{"line":76,"column":6},"end":{"line":78,"column":null}},"50":{"start":{"line":82,"column":4},"end":{"line":82,"column":null}},"51":{"start":{"line":85,"column":2},"end":{"line":85,"column":null}},"52":{"start":{"line":89,"column":2},"end":{"line":91,"column":null}},"53":{"start":{"line":90,"column":4},"end":{"line":90,"column":null}}},"fnMap":{"0":{"name":"(anonymous_1)","decl":{"start":{"line":95,"column":18},"end":{"line":95,"column":null}},"loc":{"start":{"line":95,"column":2},"end":{"line":95,"column":18}}},"1":{"name":"(anonymous_2)","decl":{"start":{"line":96,"column":13},"end":{"line":96,"column":null}},"loc":{"start":{"line":96,"column":2},"end":{"line":96,"column":13}}},"2":{"name":"(anonymous_3)","decl":{"start":{"line":97,"column":21},"end":{"line":97,"column":null}},"loc":{"start":{"line":97,"column":2},"end":{"line":97,"column":21}}},"3":{"name":"(anonymous_4)","decl":{"start":{"line":98,"column":20},"end":{"line":98,"column":null}},"loc":{"start":{"line":98,"column":2},"end":{"line":98,"column":20}}},"4":{"name":"(anonymous_5)","decl":{"start":{"line":99,"column":14},"end":{"line":99,"column":null}},"loc":{"start":{"line":99,"column":2},"end":{"line":99,"column":14}}},"5":{"name":"useLoginRedirect","decl":{"start":{"line":10,"column":9},"end":{"line":10,"column":28}},"loc":{"start":{"line":10,"column":28},"end":{"line":24,"column":null}}},"6":{"name":"(anonymous_8)","decl":{"start":{"line":12,"column":36},"end":{"line":12,"column":37}},"loc":{"start":{"line":12,"column":47},"end":{"line":12,"column":64}}},"7":{"name":"(anonymous_9)","decl":{"start":{"line":15,"column":12},"end":{"line":15,"column":18}},"loc":{"start":{"line":15,"column":18},"end":{"line":23,"column":5}}},"8":{"name":"useUserData","decl":{"start":{"line":26,"column":9},"end":{"line":26,"column":23}},"loc":{"start":{"line":26,"column":23},"end":{"line":47,"column":null}}},"9":{"name":"(anonymous_11)","decl":{"start":{"line":31,"column":12},"end":{"line":31,"column":18}},"loc":{"start":{"line":31,"column":18},"end":{"line":44,"column":null}}},"10":{"name":"(anonymous_12)","decl":{"start":{"line":35,"column":14},"end":{"line":35,"column":15}},"loc":{"start":{"line":35,"column":31},"end":{"line":35,"column":null}}},"11":{"name":"(anonymous_13)","decl":{"start":{"line":36,"column":15},"end":{"line":36,"column":16}},"loc":{"start":{"line":36,"column":22},"end":{"line":42,"column":null}}},"12":{"name":"useMainPageRedirect","decl":{"start":{"line":49,"column":9},"end":{"line":49,"column":31}},"loc":{"start":{"line":49,"column":31},"end":{"line":71,"column":null}}},"13":{"name":"(anonymous_15)","decl":{"start":{"line":52,"column":36},"end":{"line":52,"column":37}},"loc":{"start":{"line":52,"column":47},"end":{"line":52,"column":64}}},"14":{"name":"(anonymous_16)","decl":{"start":{"line":54,"column":12},"end":{"line":54,"column":18}},"loc":{"start":{"line":54,"column":18},"end":{"line":70,"column":5}}},"15":{"name":"(anonymous_17)","decl":{"start":{"line":58,"column":12},"end":{"line":58,"column":13}},"loc":{"start":{"line":58,"column":22},"end":{"line":63,"column":null}}},"16":{"name":"(anonymous_18)","decl":{"start":{"line":64,"column":13},"end":{"line":64,"column":22}},"loc":{"start":{"line":64,"column":22},"end":{"line":68,"column":null}}},"17":{"name":"useMessageReplacer","decl":{"start":{"line":73,"column":9},"end":{"line":73,"column":28}},"loc":{"start":{"line":73,"column":47},"end":{"line":86,"column":null}}},"18":{"name":"normalize","decl":{"start":{"line":74,"column":11},"end":{"line":74,"column":21}},"loc":{"start":{"line":74,"column":38},"end":{"line":83,"column":null}}},"19":{"name":"useBootstrap","decl":{"start":{"line":88,"column":9},"end":{"line":88,"column":24}},"loc":{"start":{"line":88,"column":24},"end":{"line":92,"column":null}}},"20":{"name":"(anonymous_22)","decl":{"start":{"line":89,"column":12},"end":{"line":89,"column":18}},"loc":{"start":{"line":89,"column":18},"end":{"line":91,"column":null}}}},"branchMap":{"0":{"loc":{"start":{"line":16,"column":4},"end":{"line":22,"column":5}},"type":"if","locations":[{"start":{"line":16,"column":4},"end":{"line":22,"column":5}}]},"1":{"loc":{"start":{"line":17,"column":6},"end":{"line":19,"column":7}},"type":"if","locations":[{"start":{"line":17,"column":6},"end":{"line":19,"column":7}}]},"2":{"loc":{"start":{"line":32,"column":4},"end":{"line":43,"column":5}},"type":"if","locations":[{"start":{"line":32,"column":4},"end":{"line":43,"column":5}}]},"3":{"loc":{"start":{"line":37,"column":10},"end":{"line":41,"column":11}},"type":"if","locations":[{"start":{"line":37,"column":10},"end":{"line":41,"column":11}}]},"4":{"loc":{"start":{"line":56,"column":4},"end":{"line":69,"column":5}},"type":"if","locations":[{"start":{"line":56,"column":4},"end":{"line":69,"column":5}}]},"5":{"loc":{"start":{"line":59,"column":8},"end":{"line":61,"column":9}},"type":"if","locations":[{"start":{"line":59,"column":8},"end":{"line":61,"column":9}}]},"6":{"loc":{"start":{"line":65,"column":8},"end":{"line":67,"column":9}},"type":"if","locations":[{"start":{"line":65,"column":8},"end":{"line":67,"column":9}}]}},"s":{"0":3,"1":2,"2":30,"3":14,"4":2,"5":6,"6":6,"7":6,"8":6,"9":6,"10":6,"11":6,"12":1,"13":1,"14":1,"15":1,"16":1,"17":1,"18":1,"19":0,"20":1,"21":0,"22":0,"23":0,"24":0,"25":0,"26":0,"27":0,"28":0,"29":0,"30":0,"31":0,"32":0,"33":0,"34":29,"35":29,"36":29,"37":33,"38":29,"39":29,"40":16,"41":16,"42":2,"43":2,"44":2,"45":2,"46":0,"47":0,"48":0,"49":0,"50":0,"51":12,"52":0,"53":0},"f":{"0":3,"1":2,"2":30,"3":14,"4":2,"5":1,"6":1,"7":1,"8":0,"9":0,"10":0,"11":0,"12":29,"13":33,"14":16,"15":2,"16":0,"17":12,"18":0,"19":0,"20":0},"b":{"0":[1],"1":[0],"2":[0],"3":[0],"4":[2],"5":[2],"6":[0]}}
,"C:\\Users\\senya\\Desktop\\politech-senya\\web\\web-labs\\pages\\utils\\logo.tsx": {"path":"C:\\Users\\senya\\Desktop\\politech-senya\\web\\web-labs\\pages\\utils\\logo.tsx","statementMap":{"0":{"start":{"line":5,"column":24},"end":{"line":5,"column":31}},"1":{"start":{"line":1,"column":18},"end":{"line":1,"column":null}},"2":{"start":{"line":2,"column":18},"end":{"line":2,"column":null}},"3":{"start":{"line":3,"column":16},"end":{"line":3,"column":null}}},"fnMap":{"0":{"name":"(anonymous_0)","decl":{"start":{"line":5,"column":24},"end":{"line":5,"column":31}},"loc":{"start":{"line":5,"column":24},"end":{"line":5,"column":31}}}},"branchMap":{},"s":{"0":26,"1":3,"2":3,"3":3},"f":{"0":52},"b":{}}
}
