{"C:\\Users\\senya\\Desktop\\politech-senya\\web\\web-labs\\pages\\account\\UserService.ts": {"path":"C:\\Users\\senya\\Desktop\\politech-senya\\web\\web-labs\\pages\\account\\UserService.ts","statementMap":{"0":{"start":{"line":30,"column":13},"end":{"line":30,"column":24}},"1":{"start":{"line":69,"column":13},"end":{"line":69,"column":21}},"2":{"start":{"line":1,"column":24},"end":{"line":1,"column":null}},"3":{"start":{"line":2,"column":27},"end":{"line":2,"column":null}},"4":{"start":{"line":3,"column":31},"end":{"line":3,"column":null}},"5":{"start":{"line":4,"column":31},"end":{"line":4,"column":null}},"6":{"start":{"line":5,"column":22},"end":{"line":5,"column":null}},"7":{"start":{"line":7,"column":23},"end":{"line":11,"column":null}},"8":{"start":{"line":8,"column":2},"end":{"line":9,"column":76}},"9":{"start":{"line":13,"column":27},"end":{"line":18,"column":null}},"10":{"start":{"line":14,"column":2},"end":{"line":17,"column":null}},"11":{"start":{"line":20,"column":22},"end":{"line":28,"column":null}},"12":{"start":{"line":21,"column":22},"end":{"line":21,"column":null}},"13":{"start":{"line":22,"column":18},"end":{"line":22,"column":null}},"14":{"start":{"line":24,"column":2},"end":{"line":27,"column":null}},"15":{"start":{"line":30,"column":27},"end":{"line":56,"column":null}},"16":{"start":{"line":34,"column":2},"end":{"line":36,"column":3}},"17":{"start":{"line":35,"column":4},"end":{"line":35,"column":79}},"18":{"start":{"line":37,"column":19},"end":{"line":37,"column":null}},"19":{"start":{"line":39,"column":2},"end":{"line":50,"column":3}},"20":{"start":{"line":40,"column":4},"end":{"line":44,"column":5}},"21":{"start":{"line":41,"column":6},"end":{"line":42,"column":null}},"22":{"start":{"line":45,"column":4},"end":{"line":47,"column":5}},"23":{"start":{"line":46,"column":6},"end":{"line":46,"column":58}},"24":{"start":{"line":49,"column":4},"end":{"line":49,"column":46}},"25":{"start":{"line":51,"column":15},"end":{"line":51,"column":null}},"26":{"start":{"line":52,"column":2},"end":{"line":55,"column":null}},"27":{"start":{"line":58,"column":16},"end":{"line":67,"column":null}},"28":{"start":{"line":59,"column":22},"end":{"line":59,"column":73}},"29":{"start":{"line":60,"column":18},"end":{"line":60,"column":null}},"30":{"start":{"line":62,"column":2},"end":{"line":66,"column":null}},"31":{"start":{"line":69,"column":24},"end":{"line":80,"column":null}},"32":{"start":{"line":70,"column":2},"end":{"line":79,"column":null}}},"fnMap":{"0":{"name":"(anonymous_1)","decl":{"start":{"line":30,"column":24},"end":{"line":30,"column":27}},"loc":{"start":{"line":30,"column":13},"end":{"line":30,"column":24}}},"1":{"name":"(anonymous_2)","decl":{"start":{"line":69,"column":21},"end":{"line":69,"column":24}},"loc":{"start":{"line":69,"column":13},"end":{"line":69,"column":21}}},"2":{"name":"(anonymous_4)","decl":{"start":{"line":7,"column":23},"end":{"line":7,"column":24}},"loc":{"start":{"line":7,"column":40},"end":{"line":11,"column":null}}},"3":{"name":"(anonymous_5)","decl":{"start":{"line":13,"column":27},"end":{"line":13,"column":28}},"loc":{"start":{"line":13,"column":59},"end":{"line":18,"column":null}}},"4":{"name":"(anonymous_6)","decl":{"start":{"line":20,"column":22},"end":{"line":20,"column":29}},"loc":{"start":{"line":20,"column":63},"end":{"line":28,"column":null}}},"5":{"name":"(anonymous_7)","decl":{"start":{"line":30,"column":27},"end":{"line":30,"column":null}},"loc":{"start":{"line":33,"column":20},"end":{"line":56,"column":null}}},"6":{"name":"(anonymous_8)","decl":{"start":{"line":58,"column":16},"end":{"line":58,"column":23}},"loc":{"start":{"line":58,"column":43},"end":{"line":67,"column":null}}},"7":{"name":"(anonymous_9)","decl":{"start":{"line":69,"column":24},"end":{"line":69,"column":31}},"loc":{"start":{"line":69,"column":47},"end":{"line":80,"column":null}}}},"branchMap":{"0":{"loc":{"start":{"line":9,"column":59},"end":{"line":9,"column":76}},"type":"cond-expr","locations":[{"start":{"line":9,"column":64},"end":{"line":9,"column":72}},{"start":{"line":9,"column":75},"end":{"line":9,"column":76}}]},"1":{"loc":{"start":{"line":34,"column":2},"end":{"line":36,"column":3}},"type":"if","locations":[{"start":{"line":34,"column":2},"end":{"line":36,"column":3}}]},"2":{"loc":{"start":{"line":39,"column":2},"end":{"line":50,"column":3}},"type":"if","locations":[{"start":{"line":39,"column":2},"end":{"line":50,"column":3}}]},"3":{"loc":{"start":{"line":40,"column":4},"end":{"line":44,"column":5}},"type":"if","locations":[{"start":{"line":40,"column":4},"end":{"line":44,"column":5}}]},"4":{"loc":{"start":{"line":45,"column":4},"end":{"line":47,"column":5}},"type":"if","locations":[{"start":{"line":45,"column":4},"end":{"line":47,"column":5}}]},"5":{"loc":{"start":{"line":54,"column":10},"end":{"line":54,"column":68}},"type":"cond-expr","locations":[{"start":{"line":54,"column":41},"end":{"line":54,"column":53}},{"start":{"line":54,"column":56},"end":{"line":54,"column":68}}]}},"s":{"0":6,"1":2,"2":6,"3":6,"4":6,"5":6,"6":6,"7":6,"8":3,"9":6,"10":3,"11":6,"12":3,"13":3,"14":3,"15":6,"16":4,"17":1,"18":3,"19":3,"20":2,"21":1,"22":1,"23":1,"24":0,"25":1,"26":1,"27":6,"28":0,"29":0,"30":0,"31":6,"32":0},"f":{"0":6,"1":2,"2":3,"3":3,"4":3,"5":4,"6":0,"7":0},"b":{"0":[0,3],"1":[1],"2":[2],"3":[1],"4":[1],"5":[0,1]}}
,"C:\\Users\\senya\\Desktop\\politech-senya\\web\\web-labs\\pages\\account\\index.tsx": {"path":"C:\\Users\\senya\\Desktop\\politech-senya\\web\\web-labs\\pages\\account\\index.tsx","statementMap":{"0":{"start":{"line":6,"column":24},"end":{"line":6,"column":38}},"1":{"start":{"line":1,"column":18},"end":{"line":1,"column":null}},"2":{"start":{"line":2,"column":28},"end":{"line":2,"column":null}},"3":{"start":{"line":3,"column":17},"end":{"line":3,"column":null}},"4":{"start":{"line":4,"column":49},"end":{"line":4,"column":null}},"5":{"start":{"line":7,"column":2},"end":{"line":7,"column":null}},"6":{"start":{"line":8,"column":15},"end":{"line":8,"column":null}},"7":{"start":{"line":10,"column":2},"end":{"line":12,"column":3}},"8":{"start":{"line":11,"column":4},"end":{"line":11,"column":null}}},"fnMap":{"0":{"name":"(anonymous_0)","decl":{"start":{"line":6,"column":24},"end":{"line":6,"column":38}},"loc":{"start":{"line":6,"column":24},"end":{"line":6,"column":38}}}},"branchMap":{"0":{"loc":{"start":{"line":10,"column":2},"end":{"line":12,"column":3}},"type":"if","locations":[{"start":{"line":10,"column":2},"end":{"line":12,"column":3}}]}},"s":{"0":4,"1":2,"2":2,"3":2,"4":2,"5":2,"6":2,"7":2,"8":1},"f":{"0":6},"b":{"0":[1]}}
,"C:\\Users\\senya\\Desktop\\politech-senya\\web\\web-labs\\pages\\class\\ClassService.ts": {"path":"C:\\Users\\senya\\Desktop\\politech-senya\\web\\web-labs\\pages\\class\\ClassService.ts","statementMap":{"0":{"start":{"line":129,"column":13},"end":{"line":129,"column":27}},"1":{"start":{"line":141,"column":13},"end":{"line":141,"column":22}},"2":{"start":{"line":154,"column":13},"end":{"line":154,"column":28}},"3":{"start":{"line":168,"column":13},"end":{"line":168,"column":24}},"4":{"start":{"line":181,"column":13},"end":{"line":181,"column":32}},"5":{"start":{"line":197,"column":13},"end":{"line":197,"column":28}},"6":{"start":{"line":219,"column":13},"end":{"line":219,"column":24}},"7":{"start":{"line":2,"column":31},"end":{"line":2,"column":null}},"8":{"start":{"line":3,"column":31},"end":{"line":3,"column":null}},"9":{"start":{"line":5,"column":24},"end":{"line":5,"column":null}},"10":{"start":{"line":7,"column":24},"end":{"line":7,"column":null}},"11":{"start":{"line":14,"column":18},"end":{"line":16,"column":null}},"12":{"start":{"line":15,"column":2},"end":{"line":15,"column":null}},"13":{"start":{"line":18,"column":23},"end":{"line":22,"column":null}},"14":{"start":{"line":19,"column":2},"end":{"line":21,"column":null}},"15":{"start":{"line":24,"column":22},"end":{"line":26,"column":null}},"16":{"start":{"line":25,"column":2},"end":{"line":25,"column":null}},"17":{"start":{"line":28,"column":22},"end":{"line":36,"column":null}},"18":{"start":{"line":29,"column":29},"end":{"line":29,"column":null}},"19":{"start":{"line":30,"column":27},"end":{"line":30,"column":null}},"20":{"start":{"line":32,"column":2},"end":{"line":35,"column":null}},"21":{"start":{"line":38,"column":25},"end":{"line":40,"column":null}},"22":{"start":{"line":39,"column":2},"end":{"line":39,"column":null}},"23":{"start":{"line":42,"column":17},"end":{"line":50,"column":null}},"24":{"start":{"line":43,"column":19},"end":{"line":43,"column":null}},"25":{"start":{"line":44,"column":25},"end":{"line":44,"column":null}},"26":{"start":{"line":46,"column":2},"end":{"line":49,"column":null}},"27":{"start":{"line":52,"column":23},"end":{"line":66,"column":null}},"28":{"start":{"line":53,"column":16},"end":{"line":53,"column":null}},"29":{"start":{"line":54,"column":2},"end":{"line":54,"column":null}},"30":{"start":{"line":56,"column":2},"end":{"line":60,"column":3}},"31":{"start":{"line":57,"column":4},"end":{"line":58,"column":null}},"32":{"start":{"line":62,"column":2},"end":{"line":65,"column":null}},"33":{"start":{"line":68,"column":25},"end":{"line":80,"column":null}},"34":{"start":{"line":73,"column":22},"end":{"line":73,"column":63}},"35":{"start":{"line":74,"column":18},"end":{"line":74,"column":null}},"36":{"start":{"line":76,"column":2},"end":{"line":79,"column":null}},"37":{"start":{"line":82,"column":20},"end":{"line":94,"column":null}},"38":{"start":{"line":87,"column":22},"end":{"line":87,"column":72}},"39":{"start":{"line":88,"column":18},"end":{"line":88,"column":null}},"40":{"start":{"line":90,"column":2},"end":{"line":93,"column":null}},"41":{"start":{"line":96,"column":30},"end":{"line":104,"column":null}},"42":{"start":{"line":97,"column":22},"end":{"line":97,"column":62}},"43":{"start":{"line":98,"column":18},"end":{"line":98,"column":null}},"44":{"start":{"line":100,"column":2},"end":{"line":103,"column":null}},"45":{"start":{"line":106,"column":25},"end":{"line":114,"column":null}},"46":{"start":{"line":107,"column":22},"end":{"line":107,"column":71}},"47":{"start":{"line":108,"column":18},"end":{"line":108,"column":null}},"48":{"start":{"line":110,"column":2},"end":{"line":113,"column":null}},"49":{"start":{"line":116,"column":20},"end":{"line":127,"column":null}},"50":{"start":{"line":117,"column":22},"end":{"line":117,"column":62}},"51":{"start":{"line":118,"column":18},"end":{"line":118,"column":null}},"52":{"start":{"line":120,"column":2},"end":{"line":125,"column":null}},"53":{"start":{"line":129,"column":30},"end":{"line":139,"column":null}},"54":{"start":{"line":130,"column":2},"end":{"line":138,"column":null}},"55":{"start":{"line":141,"column":25},"end":{"line":152,"column":null}},"56":{"start":{"line":142,"column":2},"end":{"line":151,"column":null}},"57":{"start":{"line":154,"column":31},"end":{"line":166,"column":null}},"58":{"start":{"line":155,"column":2},"end":{"line":165,"column":null}},"59":{"start":{"line":168,"column":27},"end":{"line":179,"column":null}},"60":{"start":{"line":169,"column":2},"end":{"line":178,"column":null}},"61":{"start":{"line":181,"column":35},"end":{"line":195,"column":null}},"62":{"start":{"line":182,"column":19},"end":{"line":190,"column":null}},"63":{"start":{"line":192,"column":2},"end":{"line":194,"column":null}},"64":{"start":{"line":193,"column":4},"end":{"line":193,"column":null}},"65":{"start":{"line":197,"column":31},"end":{"line":217,"column":null}},"66":{"start":{"line":203,"column":19},"end":{"line":212,"column":null}},"67":{"start":{"line":214,"column":2},"end":{"line":216,"column":null}},"68":{"start":{"line":215,"column":4},"end":{"line":215,"column":null}},"69":{"start":{"line":219,"column":27},"end":{"line":230,"column":null}},"70":{"start":{"line":220,"column":2},"end":{"line":229,"column":null}}},"fnMap":{"0":{"name":"(anonymous_1)","decl":{"start":{"line":129,"column":27},"end":{"line":129,"column":30}},"loc":{"start":{"line":129,"column":13},"end":{"line":129,"column":27}}},"1":{"name":"(anonymous_2)","decl":{"start":{"line":141,"column":22},"end":{"line":141,"column":25}},"loc":{"start":{"line":141,"column":13},"end":{"line":141,"column":22}}},"2":{"name":"(anonymous_3)","decl":{"start":{"line":154,"column":28},"end":{"line":154,"column":31}},"loc":{"start":{"line":154,"column":13},"end":{"line":154,"column":28}}},"3":{"name":"(anonymous_4)","decl":{"start":{"line":168,"column":24},"end":{"line":168,"column":27}},"loc":{"start":{"line":168,"column":13},"end":{"line":168,"column":24}}},"4":{"name":"(anonymous_5)","decl":{"start":{"line":181,"column":32},"end":{"line":181,"column":35}},"loc":{"start":{"line":181,"column":13},"end":{"line":181,"column":32}}},"5":{"name":"(anonymous_6)","decl":{"start":{"line":197,"column":28},"end":{"line":197,"column":31}},"loc":{"start":{"line":197,"column":13},"end":{"line":197,"column":28}}},"6":{"name":"(anonymous_7)","decl":{"start":{"line":219,"column":24},"end":{"line":219,"column":27}},"loc":{"start":{"line":219,"column":13},"end":{"line":219,"column":24}}},"7":{"name":"(anonymous_9)","decl":{"start":{"line":14,"column":18},"end":{"line":14,"column":24}},"loc":{"start":{"line":14,"column":24},"end":{"line":16,"column":null}}},"8":{"name":"(anonymous_10)","decl":{"start":{"line":18,"column":23},"end":{"line":18,"column":42}},"loc":{"start":{"line":18,"column":42},"end":{"line":22,"column":null}}},"9":{"name":"(anonymous_11)","decl":{"start":{"line":24,"column":22},"end":{"line":24,"column":36}},"loc":{"start":{"line":24,"column":36},"end":{"line":26,"column":null}}},"10":{"name":"(anonymous_12)","decl":{"start":{"line":28,"column":22},"end":{"line":28,"column":53}},"loc":{"start":{"line":28,"column":53},"end":{"line":36,"column":null}}},"11":{"name":"(anonymous_13)","decl":{"start":{"line":38,"column":25},"end":{"line":38,"column":26}},"loc":{"start":{"line":38,"column":49},"end":{"line":40,"column":null}}},"12":{"name":"(anonymous_14)","decl":{"start":{"line":42,"column":17},"end":{"line":42,"column":24}},"loc":{"start":{"line":42,"column":70},"end":{"line":50,"column":null}}},"13":{"name":"(anonymous_15)","decl":{"start":{"line":52,"column":23},"end":{"line":52,"column":42}},"loc":{"start":{"line":52,"column":42},"end":{"line":66,"column":null}}},"14":{"name":"(anonymous_16)","decl":{"start":{"line":68,"column":25},"end":{"line":68,"column":32}},"loc":{"start":{"line":72,"column":25},"end":{"line":80,"column":null}}},"15":{"name":"(anonymous_17)","decl":{"start":{"line":82,"column":20},"end":{"line":82,"column":27}},"loc":{"start":{"line":86,"column":25},"end":{"line":94,"column":null}}},"16":{"name":"(anonymous_18)","decl":{"start":{"line":96,"column":30},"end":{"line":96,"column":61}},"loc":{"start":{"line":96,"column":61},"end":{"line":104,"column":null}}},"17":{"name":"(anonymous_19)","decl":{"start":{"line":106,"column":25},"end":{"line":106,"column":32}},"loc":{"start":{"line":106,"column":65},"end":{"line":114,"column":null}}},"18":{"name":"(anonymous_20)","decl":{"start":{"line":116,"column":20},"end":{"line":116,"column":27}},"loc":{"start":{"line":116,"column":60},"end":{"line":127,"column":null}}},"19":{"name":"(anonymous_21)","decl":{"start":{"line":129,"column":30},"end":{"line":129,"column":60}},"loc":{"start":{"line":129,"column":60},"end":{"line":139,"column":null}}},"20":{"name":"(anonymous_22)","decl":{"start":{"line":141,"column":25},"end":{"line":141,"column":32}},"loc":{"start":{"line":141,"column":63},"end":{"line":152,"column":null}}},"21":{"name":"(anonymous_23)","decl":{"start":{"line":154,"column":31},"end":{"line":154,"column":38}},"loc":{"start":{"line":154,"column":75},"end":{"line":166,"column":null}}},"22":{"name":"(anonymous_24)","decl":{"start":{"line":168,"column":27},"end":{"line":168,"column":34}},"loc":{"start":{"line":168,"column":69},"end":{"line":179,"column":null}}},"23":{"name":"(anonymous_25)","decl":{"start":{"line":181,"column":35},"end":{"line":181,"column":71}},"loc":{"start":{"line":181,"column":71},"end":{"line":195,"column":null}}},"24":{"name":"(anonymous_26)","decl":{"start":{"line":192,"column":22},"end":{"line":192,"column":23}},"loc":{"start":{"line":192,"column":35},"end":{"line":194,"column":null}}},"25":{"name":"(anonymous_27)","decl":{"start":{"line":197,"column":31},"end":{"line":197,"column":38}},"loc":{"start":{"line":197,"column":74},"end":{"line":217,"column":null}}},"26":{"name":"(anonymous_28)","decl":{"start":{"line":214,"column":22},"end":{"line":214,"column":23}},"loc":{"start":{"line":214,"column":35},"end":{"line":216,"column":null}}},"27":{"name":"(anonymous_29)","decl":{"start":{"line":219,"column":27},"end":{"line":219,"column":33}},"loc":{"start":{"line":219,"column":45},"end":{"line":230,"column":null}}}},"branchMap":{"0":{"loc":{"start":{"line":56,"column":2},"end":{"line":60,"column":3}},"type":"if","locations":[{"start":{"line":56,"column":2},"end":{"line":60,"column":3}}]}},"s":{"0":5,"1":2,"2":2,"3":2,"4":4,"5":2,"6":2,"7":4,"8":4,"9":4,"10":4,"11":4,"12":5,"13":4,"14":3,"15":4,"16":3,"17":4,"18":3,"19":3,"20":3,"21":4,"22":0,"23":4,"24":0,"25":0,"26":0,"27":4,"28":2,"29":2,"30":2,"31":1,"32":1,"33":4,"34":0,"35":0,"36":0,"37":4,"38":0,"39":0,"40":0,"41":4,"42":2,"43":2,"44":1,"45":4,"46":0,"47":0,"48":0,"49":4,"50":0,"51":0,"52":0,"53":4,"54":3,"55":4,"56":0,"57":4,"58":0,"59":4,"60":0,"61":4,"62":2,"63":1,"64":2,"65":4,"66":0,"67":0,"68":0,"69":4,"70":0},"f":{"0":5,"1":2,"2":2,"3":2,"4":4,"5":2,"6":2,"7":5,"8":3,"9":3,"10":3,"11":0,"12":0,"13":2,"14":0,"15":0,"16":2,"17":0,"18":0,"19":3,"20":0,"21":0,"22":0,"23":2,"24":2,"25":0,"26":0,"27":0},"b":{"0":[1]}}
,"C:\\Users\\senya\\Desktop\\politech-senya\\web\\web-labs\\pages\\class\\JoinRequest.ts": {"path":"C:\\Users\\senya\\Desktop\\politech-senya\\web\\web-labs\\pages\\class\\JoinRequest.ts","statementMap":{"0":{"start":{"line":1,"column":13},"end":{"line":1,"column":null}}},"fnMap":{"0":{"name":"(anonymous_0)","decl":{"start":{"line":1,"column":13},"end":{"line":1,"column":null}},"loc":{"start":{"line":1,"column":13},"end":{"line":1,"column":null}}}},"branchMap":{},"s":{"0":1},"f":{"0":1},"b":{}}
,"C:\\Users\\senya\\Desktop\\politech-senya\\web\\web-labs\\pages\\class\\[id].tsx": {"path":"C:\\Users\\senya\\Desktop\\politech-senya\\web\\web-labs\\pages\\class\\[id].tsx","statementMap":{"0":{"start":{"line":17,"column":24},"end":{"line":17,"column":36}},"1":{"start":{"line":1,"column":18},"end":{"line":1,"column":null}},"2":{"start":{"line":2,"column":17},"end":{"line":2,"column":null}},"3":{"start":{"line":4,"column":19},"end":{"line":4,"column":null}},"4":{"start":{"line":6,"column":26},"end":{"line":6,"column":null}},"5":{"start":{"line":7,"column":33},"end":{"line":7,"column":null}},"6":{"start":{"line":8,"column":26},"end":{"line":8,"column":null}},"7":{"start":{"line":9,"column":28},"end":{"line":9,"column":null}},"8":{"start":{"line":10,"column":31},"end":{"line":10,"column":null}},"9":{"start":{"line":11,"column":31},"end":{"line":11,"column":null}},"10":{"start":{"line":12,"column":30},"end":{"line":12,"column":null}},"11":{"start":{"line":13,"column":23},"end":{"line":13,"column":null}},"12":{"start":{"line":14,"column":27},"end":{"line":14,"column":null}},"13":{"start":{"line":15,"column":24},"end":{"line":15,"column":null}},"14":{"start":{"line":16,"column":29},"end":{"line":16,"column":null}},"15":{"start":{"line":18,"column":2},"end":{"line":18,"column":null}},"16":{"start":{"line":19,"column":17},"end":{"line":19,"column":null}},"17":{"start":{"line":20,"column":26},"end":{"line":20,"column":null}},"18":{"start":{"line":21,"column":30},"end":{"line":21,"column":null}},"19":{"start":{"line":22,"column":17},"end":{"line":22,"column":null}},"20":{"start":{"line":22,"column":43},"end":{"line":22,"column":null}},"21":{"start":{"line":23,"column":38},"end":{"line":23,"column":null}},"22":{"start":{"line":26,"column":4},"end":{"line":26,"column":null}},"23":{"start":{"line":30,"column":4},"end":{"line":30,"column":null}},"24":{"start":{"line":34,"column":15},"end":{"line":34,"column":null}},"25":{"start":{"line":35,"column":4},"end":{"line":39,"column":null}},"26":{"start":{"line":37,"column":8},"end":{"line":37,"column":null}},"27":{"start":{"line":39,"column":20},"end":{"line":39,"column":null}},"28":{"start":{"line":42,"column":2},"end":{"line":54,"column":null}},"29":{"start":{"line":43,"column":4},"end":{"line":45,"column":5}},"30":{"start":{"line":44,"column":6},"end":{"line":44,"column":null}},"31":{"start":{"line":47,"column":4},"end":{"line":53,"column":5}},"32":{"start":{"line":48,"column":6},"end":{"line":52,"column":null}},"33":{"start":{"line":49,"column":8},"end":{"line":49,"column":null}},"34":{"start":{"line":51,"column":8},"end":{"line":51,"column":null}},"35":{"start":{"line":108,"column":53},"end":{"line":108,"column":null}},"36":{"start":{"line":109,"column":69},"end":{"line":109,"column":73}},"37":{"start":{"line":109,"column":106},"end":{"line":109,"column":null}},"38":{"start":{"line":115,"column":52},"end":{"line":115,"column":null}}},"fnMap":{"0":{"name":"(anonymous_0)","decl":{"start":{"line":17,"column":24},"end":{"line":17,"column":36}},"loc":{"start":{"line":17,"column":24},"end":{"line":17,"column":36}}},"1":{"name":"(anonymous_6)","decl":{"start":{"line":22,"column":32},"end":{"line":22,"column":33}},"loc":{"start":{"line":22,"column":43},"end":{"line":22,"column":null}}},"2":{"name":"redirectToUnknown","decl":{"start":{"line":25,"column":11},"end":{"line":25,"column":31}},"loc":{"start":{"line":25,"column":31},"end":{"line":27,"column":null}}},"3":{"name":"noIdSpecified","decl":{"start":{"line":29,"column":11},"end":{"line":29,"column":36}},"loc":{"start":{"line":29,"column":36},"end":{"line":31,"column":null}}},"4":{"name":"fetchClass","decl":{"start":{"line":33,"column":11},"end":{"line":33,"column":24}},"loc":{"start":{"line":33,"column":24},"end":{"line":40,"column":null}}},"5":{"name":"(anonymous_10)","decl":{"start":{"line":36,"column":12},"end":{"line":36,"column":13}},"loc":{"start":{"line":36,"column":21},"end":{"line":38,"column":null}}},"6":{"name":"(anonymous_11)","decl":{"start":{"line":39,"column":13},"end":{"line":39,"column":14}},"loc":{"start":{"line":39,"column":20},"end":{"line":39,"column":null}}},"7":{"name":"(anonymous_12)","decl":{"start":{"line":42,"column":12},"end":{"line":42,"column":18}},"loc":{"start":{"line":42,"column":18},"end":{"line":54,"column":5}}},"8":{"name":"(anonymous_13)","decl":{"start":{"line":108,"column":47},"end":{"line":108,"column":53}},"loc":{"start":{"line":108,"column":53},"end":{"line":108,"column":null}}},"9":{"name":"(anonymous_14)","decl":{"start":{"line":109,"column":63},"end":{"line":109,"column":69}},"loc":{"start":{"line":109,"column":69},"end":{"line":109,"column":73}}},"10":{"name":"(anonymous_15)","decl":{"start":{"line":109,"column":100},"end":{"line":109,"column":106}},"loc":{"start":{"line":109,"column":106},"end":{"line":109,"column":null}}},"11":{"name":"(anonymous_16)","decl":{"start":{"line":115,"column":46},"end":{"line":115,"column":52}},"loc":{"start":{"line":115,"column":52},"end":{"line":115,"column":null}}}},"branchMap":{"0":{"loc":{"start":{"line":43,"column":4},"end":{"line":45,"column":5}},"type":"if","locations":[{"start":{"line":43,"column":4},"end":{"line":45,"column":5}}]},"1":{"loc":{"start":{"line":47,"column":4},"end":{"line":53,"column":5}},"type":"if","locations":[{"start":{"line":47,"column":4},"end":{"line":53,"column":5}}]},"2":{"loc":{"start":{"line":66,"column":28},"end":{"line":66,"column":62}},"type":"cond-expr","locations":[{"start":{"line":66,"column":41},"end":{"line":66,"column":50}},{"start":{"line":66,"column":53},"end":{"line":66,"column":62}}]},"3":{"loc":{"start":{"line":77,"column":23},"end":{"line":77,"column":null}},"type":"binary-expr","locations":[{"start":{"line":77,"column":23},"end":{"line":77,"column":null}}]},"4":{"loc":{"start":{"line":82,"column":23},"end":{"line":82,"column":47}},"type":"binary-expr","locations":[{"start":{"line":82,"column":23},"end":{"line":82,"column":47}}]}},"s":{"0":4,"1":2,"2":2,"3":2,"4":2,"5":2,"6":2,"7":2,"8":2,"9":2,"10":2,"11":2,"12":2,"13":2,"14":2,"15":2,"16":2,"17":2,"18":2,"19":2,"20":2,"21":2,"22":0,"23":2,"24":1,"25":1,"26":1,"27":0,"28":2,"29":2,"30":0,"31":2,"32":1,"33":1,"34":0,"35":0,"36":0,"37":0,"38":0},"f":{"0":6,"1":2,"2":0,"3":2,"4":1,"5":1,"6":0,"7":2,"8":0,"9":0,"10":0,"11":0},"b":{"0":[0],"1":[1],"2":[1,0],"3":[1],"4":[1]}}
,"C:\\Users\\senya\\Desktop\\politech-senya\\web\\web-labs\\pages\\classes\\ClassUI.tsx": {"path":"C:\\Users\\senya\\Desktop\\politech-senya\\web\\web-labs\\pages\\classes\\ClassUI.tsx","statementMap":{"0":{"start":{"line":6,"column":16},"end":{"line":6,"column":24}},"1":{"start":{"line":1,"column":18},"end":{"line":1,"column":null}},"2":{"start":{"line":4,"column":27},"end":{"line":4,"column":null}}},"fnMap":{"0":{"name":"(anonymous_0)","decl":{"start":{"line":6,"column":16},"end":{"line":6,"column":24}},"loc":{"start":{"line":6,"column":16},"end":{"line":6,"column":24}}}},"branchMap":{},"s":{"0":2,"1":3,"2":3},"f":{"0":2},"b":{}}
,"C:\\Users\\senya\\Desktop\\politech-senya\\web\\web-labs\\pages\\classes\\RecommendedClasses.tsx": {"path":"C:\\Users\\senya\\Desktop\\politech-senya\\web\\web-labs\\pages\\classes\\RecommendedClasses.tsx","statementMap":{"0":{"start":{"line":9,"column":24},"end":{"line":9,"column":45}},"1":{"start":{"line":1,"column":18},"end":{"line":1,"column":null}},"2":{"start":{"line":3,"column":31},"end":{"line":3,"column":null}},"3":{"start":{"line":4,"column":17},"end":{"line":4,"column":null}},"4":{"start":{"line":5,"column":19},"end":{"line":5,"column":null}},"5":{"start":{"line":7,"column":24},"end":{"line":7,"column":null}},"6":{"start":{"line":10,"column":33},"end":{"line":10,"column":null}},"7":{"start":{"line":11,"column":34},"end":{"line":11,"column":null}},"8":{"start":{"line":13,"column":22},"end":{"line":17,"column":null}},"9":{"start":{"line":14,"column":26},"end":{"line":14,"column":null}},"10":{"start":{"line":15,"column":4},"end":{"line":15,"column":null}},"11":{"start":{"line":16,"column":4},"end":{"line":16,"column":null}},"12":{"start":{"line":19,"column":2},"end":{"line":23,"column":null}},"13":{"start":{"line":20,"column":4},"end":{"line":22,"column":5}},"14":{"start":{"line":21,"column":6},"end":{"line":21,"column":null}},"15":{"start":{"line":30,"column":12},"end":{"line":34,"column":null}}},"fnMap":{"0":{"name":"(anonymous_0)","decl":{"start":{"line":9,"column":24},"end":{"line":9,"column":45}},"loc":{"start":{"line":9,"column":24},"end":{"line":9,"column":45}}},"1":{"name":"(anonymous_6)","decl":{"start":{"line":13,"column":22},"end":{"line":13,"column":34}},"loc":{"start":{"line":13,"column":34},"end":{"line":17,"column":null}}},"2":{"name":"(anonymous_7)","decl":{"start":{"line":19,"column":12},"end":{"line":19,"column":18}},"loc":{"start":{"line":19,"column":18},"end":{"line":23,"column":null}}},"3":{"name":"(anonymous_8)","decl":{"start":{"line":29,"column":22},"end":{"line":29,"column":23}},"loc":{"start":{"line":30,"column":12},"end":{"line":34,"column":null}}}},"branchMap":{"0":{"loc":{"start":{"line":20,"column":4},"end":{"line":22,"column":5}},"type":"if","locations":[{"start":{"line":20,"column":4},"end":{"line":22,"column":5}}]},"1":{"loc":{"start":{"line":28,"column":9},"end":{"line":34,"column":null}},"type":"binary-expr","locations":[{"start":{"line":28,"column":9},"end":{"line":28,"column":null}},{"start":{"line":29,"column":10},"end":{"line":34,"column":null}}]}},"s":{"0":2,"1":2,"2":2,"3":2,"4":2,"5":2,"6":3,"7":3,"8":3,"9":2,"10":2,"11":2,"12":3,"13":3,"14":2,"15":0},"f":{"0":5,"1":2,"2":3,"3":0},"b":{"0":[2],"1":[3,1]}}
,"C:\\Users\\senya\\Desktop\\politech-senya\\web\\web-labs\\pages\\classes\\UserClasses.tsx": {"path":"C:\\Users\\senya\\Desktop\\politech-senya\\web\\web-labs\\pages\\classes\\UserClasses.tsx","statementMap":{"0":{"start":{"line":7,"column":24},"end":{"line":7,"column":38}},"1":{"start":{"line":1,"column":18},"end":{"line":1,"column":null}},"2":{"start":{"line":2,"column":19},"end":{"line":2,"column":null}},"3":{"start":{"line":3,"column":17},"end":{"line":3,"column":null}},"4":{"start":{"line":4,"column":24},"end":{"line":4,"column":null}},"5":{"start":{"line":5,"column":31},"end":{"line":5,"column":null}},"6":{"start":{"line":8,"column":15},"end":{"line":8,"column":null}},"7":{"start":{"line":8,"column":41},"end":{"line":8,"column":56}},"8":{"start":{"line":9,"column":18},"end":{"line":9,"column":null}},"9":{"start":{"line":9,"column":44},"end":{"line":9,"column":69}},"10":{"start":{"line":11,"column":2},"end":{"line":13,"column":3}},"11":{"start":{"line":12,"column":4},"end":{"line":12,"column":null}},"12":{"start":{"line":20,"column":10},"end":{"line":24,"column":null}}},"fnMap":{"0":{"name":"(anonymous_0)","decl":{"start":{"line":7,"column":24},"end":{"line":7,"column":38}},"loc":{"start":{"line":7,"column":24},"end":{"line":7,"column":38}}},"1":{"name":"(anonymous_3)","decl":{"start":{"line":8,"column":30},"end":{"line":8,"column":31}},"loc":{"start":{"line":8,"column":41},"end":{"line":8,"column":56}}},"2":{"name":"(anonymous_4)","decl":{"start":{"line":9,"column":33},"end":{"line":9,"column":34}},"loc":{"start":{"line":9,"column":44},"end":{"line":9,"column":69}}},"3":{"name":"(anonymous_5)","decl":{"start":{"line":19,"column":22},"end":{"line":19,"column":23}},"loc":{"start":{"line":20,"column":10},"end":{"line":24,"column":null}}}},"branchMap":{"0":{"loc":{"start":{"line":11,"column":2},"end":{"line":13,"column":3}},"type":"if","locations":[{"start":{"line":11,"column":2},"end":{"line":13,"column":3}}]},"1":{"loc":{"start":{"line":11,"column":6},"end":{"line":11,"column":50}},"type":"binary-expr","locations":[{"start":{"line":11,"column":6},"end":{"line":11,"column":15}},{"start":{"line":11,"column":15},"end":{"line":11,"column":27}},{"start":{"line":11,"column":27},"end":{"line":11,"column":50}}]}},"s":{"0":2,"1":2,"2":2,"3":2,"4":2,"5":2,"6":2,"7":2,"8":2,"9":0,"10":2,"11":2,"12":0},"f":{"0":4,"1":2,"2":0,"3":0},"b":{"0":[2],"1":[2,2,0]}}
,"C:\\Users\\senya\\Desktop\\politech-senya\\web\\web-labs\\pages\\errors\\Forbidden.ts": {"path":"C:\\Users\\senya\\Desktop\\politech-senya\\web\\web-labs\\pages\\errors\\Forbidden.ts","statementMap":{"0":{"start":{"line":1,"column":21},"end":{"line":1,"column":39}},"1":{"start":{"line":3,"column":8},"end":{"line":3,"column":null}}},"fnMap":{"0":{"name":"(anonymous_0)","decl":{"start":{"line":1,"column":21},"end":{"line":1,"column":39}},"loc":{"start":{"line":1,"column":21},"end":{"line":1,"column":39}}},"1":{"name":"(anonymous_1)","decl":{"start":{"line":2,"column":4},"end":{"line":2,"column":16}},"loc":{"start":{"line":2,"column":32},"end":{"line":4,"column":null}}}},"branchMap":{},"s":{"0":5,"1":2},"f":{"0":5,"1":2},"b":{}}
,"C:\\Users\\senya\\Desktop\\politech-senya\\web\\web-labs\\pages\\errors\\InvalidCredentials.ts": {"path":"C:\\Users\\senya\\Desktop\\politech-senya\\web\\web-labs\\pages\\errors\\InvalidCredentials.ts","statementMap":{"0":{"start":{"line":1,"column":21},"end":{"line":1,"column":48}},"1":{"start":{"line":3,"column":8},"end":{"line":3,"column":null}},"2":{"start":{"line":4,"column":8},"end":{"line":4,"column":null}}},"fnMap":{"0":{"name":"(anonymous_0)","decl":{"start":{"line":1,"column":21},"end":{"line":1,"column":48}},"loc":{"start":{"line":1,"column":21},"end":{"line":1,"column":48}}},"1":{"name":"(anonymous_1)","decl":{"start":{"line":2,"column":4},"end":{"line":2,"column":16}},"loc":{"start":{"line":2,"column":32},"end":{"line":5,"column":null}}}},"branchMap":{},"s":{"0":8,"1":4,"2":4},"f":{"0":8,"1":4},"b":{}}
,"C:\\Users\\senya\\Desktop\\politech-senya\\web\\web-labs\\pages\\header\\header.tsx": {"path":"C:\\Users\\senya\\Desktop\\politech-senya\\web\\web-labs\\pages\\header\\header.tsx","statementMap":{"0":{"start":{"line":114,"column":0},"end":{"line":114,"column":15}},"1":{"start":{"line":1,"column":20},"end":{"line":1,"column":null}},"2":{"start":{"line":2,"column":18},"end":{"line":2,"column":null}},"3":{"start":{"line":3,"column":17},"end":{"line":3,"column":null}},"4":{"start":{"line":4,"column":26},"end":{"line":4,"column":null}},"5":{"start":{"line":5,"column":19},"end":{"line":5,"column":null}},"6":{"start":{"line":6,"column":24},"end":{"line":6,"column":null}},"7":{"start":{"line":7,"column":17},"end":{"line":7,"column":null}},"8":{"start":{"line":8,"column":22},"end":{"line":8,"column":null}},"9":{"start":{"line":10,"column":47},"end":{"line":10,"column":null}},"10":{"start":{"line":11,"column":21},"end":{"line":11,"column":null}},"11":{"start":{"line":12,"column":27},"end":{"line":12,"column":null}},"12":{"start":{"line":13,"column":23},"end":{"line":13,"column":null}},"13":{"start":{"line":14,"column":25},"end":{"line":14,"column":null}},"14":{"start":{"line":15,"column":28},"end":{"line":15,"column":null}},"15":{"start":{"line":18,"column":17},"end":{"line":18,"column":null}},"16":{"start":{"line":19,"column":19},"end":{"line":19,"column":null}},"17":{"start":{"line":25,"column":21},"end":{"line":25,"column":null}},"18":{"start":{"line":62,"column":15},"end":{"line":62,"column":null}},"19":{"start":{"line":64,"column":2},"end":{"line":65,"column":null}},"20":{"start":{"line":64,"column":30},"end":{"line":64,"column":null}},"21":{"start":{"line":65,"column":4},"end":{"line":65,"column":null}},"22":{"start":{"line":67,"column":15},"end":{"line":67,"column":null}},"23":{"start":{"line":67,"column":41},"end":{"line":67,"column":56}},"24":{"start":{"line":109,"column":2},"end":{"line":110,"column":null}},"25":{"start":{"line":109,"column":32},"end":{"line":109,"column":69}},"26":{"start":{"line":114,"column":15},"end":{"line":114,"column":null}}},"fnMap":{"0":{"name":"(anonymous_0)","decl":{"start":{"line":114,"column":0},"end":{"line":114,"column":15}},"loc":{"start":{"line":114,"column":0},"end":{"line":114,"column":15}}},"1":{"name":"LogoutButton","decl":{"start":{"line":17,"column":9},"end":{"line":17,"column":24}},"loc":{"start":{"line":17,"column":24},"end":{"line":30,"column":null}}},"2":{"name":"(anonymous_3)","decl":{"start":{"line":25,"column":15},"end":{"line":25,"column":21}},"loc":{"start":{"line":25,"column":21},"end":{"line":25,"column":null}}},"3":{"name":"Loading","decl":{"start":{"line":32,"column":9},"end":{"line":32,"column":19}},"loc":{"start":{"line":32,"column":19},"end":{"line":46,"column":null}}},"4":{"name":"AccountButton","decl":{"start":{"line":52,"column":9},"end":{"line":52,"column":23}},"loc":{"start":{"line":52,"column":49},"end":{"line":59,"column":null}}},"5":{"name":"Header","decl":{"start":{"line":61,"column":9},"end":{"line":61,"column":16}},"loc":{"start":{"line":61,"column":52},"end":{"line":112,"column":null}}},"6":{"name":"(anonymous_7)","decl":{"start":{"line":64,"column":17},"end":{"line":64,"column":18}},"loc":{"start":{"line":64,"column":30},"end":{"line":64,"column":null}}},"7":{"name":"(anonymous_8)","decl":{"start":{"line":67,"column":30},"end":{"line":67,"column":31}},"loc":{"start":{"line":67,"column":41},"end":{"line":67,"column":56}}},"8":{"name":"HeaderDiv","decl":{"start":{"line":69,"column":11},"end":{"line":69,"column":23}},"loc":{"start":{"line":69,"column":23},"end":{"line":107,"column":null}}},"9":{"name":"(anonymous_10)","decl":{"start":{"line":109,"column":19},"end":{"line":109,"column":20}},"loc":{"start":{"line":109,"column":32},"end":{"line":109,"column":69}}}},"branchMap":{"0":{"loc":{"start":{"line":64,"column":2},"end":{"line":65,"column":null}},"type":"if","locations":[{"start":{"line":64,"column":2},"end":{"line":65,"column":null}}]},"1":{"loc":{"start":{"line":100,"column":15},"end":{"line":100,"column":65}},"type":"cond-expr","locations":[{"start":{"line":100,"column":22},"end":{"line":100,"column":55}},{"start":{"line":100,"column":54},"end":{"line":100,"column":65}}]},"2":{"loc":{"start":{"line":109,"column":9},"end":{"line":110,"column":null}},"type":"binary-expr","locations":[{"start":{"line":109,"column":9},"end":{"line":109,"column":null}},{"start":{"line":110,"column":4},"end":{"line":110,"column":null}}]}},"s":{"0":2,"1":1,"2":1,"3":1,"4":1,"5":1,"6":1,"7":1,"8":1,"9":1,"10":1,"11":1,"12":1,"13":1,"14":1,"15":1,"16":1,"17":0,"18":2,"19":2,"20":9,"21":1,"22":1,"23":1,"24":1,"25":3,"26":1},"f":{"0":2,"1":1,"2":0,"3":1,"4":0,"5":2,"6":9,"7":1,"8":1,"9":3},"b":{"0":[1],"1":[0,1],"2":[1,1]}}
,"C:\\Users\\senya\\Desktop\\politech-senya\\web\\web-labs\\pages\\login\\authService.ts": {"path":"C:\\Users\\senya\\Desktop\\politech-senya\\web\\web-labs\\pages\\login\\authService.ts","statementMap":{"0":{"start":{"line":4,"column":13},"end":{"line":4,"column":27}},"1":{"start":{"line":48,"column":13},"end":{"line":48,"column":27}},"2":{"start":{"line":55,"column":13},"end":{"line":55,"column":18}},"3":{"start":{"line":65,"column":13},"end":{"line":65,"column":19}},"4":{"start":{"line":79,"column":13},"end":{"line":79,"column":22}},"5":{"start":{"line":88,"column":13},"end":{"line":88,"column":24}},"6":{"start":{"line":1,"column":31},"end":{"line":1,"column":null}},"7":{"start":{"line":2,"column":28},"end":{"line":2,"column":null}},"8":{"start":{"line":4,"column":30},"end":{"line":4,"column":null}},"9":{"start":{"line":10,"column":18},"end":{"line":12,"column":null}},"10":{"start":{"line":11,"column":2},"end":{"line":11,"column":null}},"11":{"start":{"line":14,"column":20},"end":{"line":16,"column":null}},"12":{"start":{"line":15,"column":2},"end":{"line":15,"column":null}},"13":{"start":{"line":18,"column":24},"end":{"line":22,"column":null}},"14":{"start":{"line":19,"column":2},"end":{"line":21,"column":null}},"15":{"start":{"line":24,"column":13},"end":{"line":34,"column":null}},"16":{"start":{"line":25,"column":14},"end":{"line":25,"column":null}},"17":{"start":{"line":26,"column":18},"end":{"line":26,"column":null}},"18":{"start":{"line":27,"column":19},"end":{"line":31,"column":null}},"19":{"start":{"line":33,"column":2},"end":{"line":33,"column":null}},"20":{"start":{"line":36,"column":24},"end":{"line":46,"column":null}},"21":{"start":{"line":37,"column":25},"end":{"line":37,"column":null}},"22":{"start":{"line":39,"column":2},"end":{"line":44,"column":null}},"23":{"start":{"line":40,"column":17},"end":{"line":40,"column":null}},"24":{"start":{"line":41,"column":4},"end":{"line":41,"column":null}},"25":{"start":{"line":43,"column":4},"end":{"line":43,"column":null}},"26":{"start":{"line":45,"column":2},"end":{"line":45,"column":null}},"27":{"start":{"line":48,"column":30},"end":{"line":53,"column":null}},"28":{"start":{"line":49,"column":21},"end":{"line":49,"column":null}},"29":{"start":{"line":50,"column":23},"end":{"line":50,"column":null}},"30":{"start":{"line":52,"column":2},"end":{"line":52,"column":null}},"31":{"start":{"line":55,"column":21},"end":{"line":63,"column":null}},"32":{"start":{"line":56,"column":19},"end":{"line":56,"column":null}},"33":{"start":{"line":58,"column":2},"end":{"line":60,"column":3}},"34":{"start":{"line":59,"column":4},"end":{"line":59,"column":null}},"35":{"start":{"line":62,"column":2},"end":{"line":62,"column":null}},"36":{"start":{"line":65,"column":22},"end":{"line":69,"column":null}},"37":{"start":{"line":66,"column":2},"end":{"line":66,"column":null}},"38":{"start":{"line":67,"column":2},"end":{"line":67,"column":null}},"39":{"start":{"line":68,"column":2},"end":{"line":68,"column":null}},"40":{"start":{"line":71,"column":22},"end":{"line":73,"column":null}},"41":{"start":{"line":72,"column":2},"end":{"line":72,"column":null}},"42":{"start":{"line":75,"column":20},"end":{"line":77,"column":null}},"43":{"start":{"line":76,"column":2},"end":{"line":76,"column":null}},"44":{"start":{"line":79,"column":25},"end":{"line":86,"column":null}},"45":{"start":{"line":80,"column":2},"end":{"line":83,"column":3}},"46":{"start":{"line":81,"column":4},"end":{"line":81,"column":null}},"47":{"start":{"line":82,"column":4},"end":{"line":82,"column":null}},"48":{"start":{"line":85,"column":2},"end":{"line":85,"column":null}},"49":{"start":{"line":88,"column":27},"end":{"line":96,"column":null}},"50":{"start":{"line":89,"column":2},"end":{"line":91,"column":3}},"51":{"start":{"line":90,"column":4},"end":{"line":90,"column":null}},"52":{"start":{"line":93,"column":2},"end":{"line":95,"column":3}},"53":{"start":{"line":94,"column":4},"end":{"line":94,"column":null}}},"fnMap":{"0":{"name":"(anonymous_1)","decl":{"start":{"line":4,"column":27},"end":{"line":4,"column":30}},"loc":{"start":{"line":4,"column":13},"end":{"line":4,"column":27}}},"1":{"name":"(anonymous_2)","decl":{"start":{"line":48,"column":27},"end":{"line":48,"column":30}},"loc":{"start":{"line":48,"column":13},"end":{"line":48,"column":27}}},"2":{"name":"(anonymous_3)","decl":{"start":{"line":55,"column":18},"end":{"line":55,"column":21}},"loc":{"start":{"line":55,"column":13},"end":{"line":55,"column":18}}},"3":{"name":"(anonymous_4)","decl":{"start":{"line":65,"column":19},"end":{"line":65,"column":22}},"loc":{"start":{"line":65,"column":13},"end":{"line":65,"column":19}}},"4":{"name":"(anonymous_5)","decl":{"start":{"line":79,"column":22},"end":{"line":79,"column":25}},"loc":{"start":{"line":79,"column":13},"end":{"line":79,"column":22}}},"5":{"name":"(anonymous_6)","decl":{"start":{"line":88,"column":24},"end":{"line":88,"column":27}},"loc":{"start":{"line":88,"column":13},"end":{"line":88,"column":24}}},"6":{"name":"(anonymous_8)","decl":{"start":{"line":10,"column":18},"end":{"line":10,"column":32}},"loc":{"start":{"line":10,"column":32},"end":{"line":12,"column":null}}},"7":{"name":"(anonymous_9)","decl":{"start":{"line":14,"column":20},"end":{"line":14,"column":34}},"loc":{"start":{"line":14,"column":34},"end":{"line":16,"column":null}}},"8":{"name":"(anonymous_10)","decl":{"start":{"line":18,"column":24},"end":{"line":18,"column":43}},"loc":{"start":{"line":18,"column":43},"end":{"line":22,"column":null}}},"9":{"name":"(anonymous_11)","decl":{"start":{"line":24,"column":13},"end":{"line":24,"column":20}},"loc":{"start":{"line":24,"column":49},"end":{"line":34,"column":null}}},"10":{"name":"(anonymous_12)","decl":{"start":{"line":36,"column":24},"end":{"line":36,"column":31}},"loc":{"start":{"line":36,"column":71},"end":{"line":46,"column":null}}},"11":{"name":"(anonymous_13)","decl":{"start":{"line":48,"column":30},"end":{"line":48,"column":44}},"loc":{"start":{"line":48,"column":44},"end":{"line":53,"column":null}}},"12":{"name":"(anonymous_14)","decl":{"start":{"line":55,"column":21},"end":{"line":55,"column":28}},"loc":{"start":{"line":55,"column":57},"end":{"line":63,"column":null}}},"13":{"name":"(anonymous_15)","decl":{"start":{"line":65,"column":22},"end":{"line":65,"column":23}},"loc":{"start":{"line":65,"column":44},"end":{"line":69,"column":null}}},"14":{"name":"(anonymous_16)","decl":{"start":{"line":71,"column":22},"end":{"line":71,"column":23}},"loc":{"start":{"line":71,"column":33},"end":{"line":73,"column":null}}},"15":{"name":"(anonymous_17)","decl":{"start":{"line":75,"column":20},"end":{"line":75,"column":21}},"loc":{"start":{"line":75,"column":31},"end":{"line":77,"column":null}}},"16":{"name":"(anonymous_18)","decl":{"start":{"line":79,"column":25},"end":{"line":79,"column":26}},"loc":{"start":{"line":79,"column":46},"end":{"line":86,"column":null}}},"17":{"name":"(anonymous_19)","decl":{"start":{"line":88,"column":27},"end":{"line":88,"column":33}},"loc":{"start":{"line":88,"column":33},"end":{"line":96,"column":null}}}},"branchMap":{"0":{"loc":{"start":{"line":41,"column":14},"end":{"line":41,"column":51}},"type":"cond-expr","locations":[{"start":{"line":41,"column":26},"end":{"line":41,"column":34}},{"start":{"line":41,"column":37},"end":{"line":41,"column":51}}]},"1":{"loc":{"start":{"line":52,"column":9},"end":{"line":52,"column":47}},"type":"cond-expr","locations":[{"start":{"line":52,"column":22},"end":{"line":52,"column":35}},{"start":{"line":52,"column":35},"end":{"line":52,"column":47}}]},"2":{"loc":{"start":{"line":58,"column":2},"end":{"line":60,"column":3}},"type":"if","locations":[{"start":{"line":58,"column":2},"end":{"line":60,"column":3}}]},"3":{"loc":{"start":{"line":80,"column":2},"end":{"line":83,"column":3}},"type":"if","locations":[{"start":{"line":80,"column":2},"end":{"line":83,"column":3}}]},"4":{"loc":{"start":{"line":89,"column":2},"end":{"line":91,"column":3}},"type":"if","locations":[{"start":{"line":89,"column":2},"end":{"line":91,"column":3}}]},"5":{"loc":{"start":{"line":93,"column":2},"end":{"line":95,"column":3}},"type":"if","locations":[{"start":{"line":93,"column":2},"end":{"line":95,"column":3}}]}},"s":{"0":6,"1":2,"2":4,"3":4,"4":2,"5":2,"6":11,"7":11,"8":11,"9":11,"10":2,"11":11,"12":2,"13":11,"14":2,"15":11,"16":2,"17":2,"18":2,"19":2,"20":11,"21":1,"22":1,"23":1,"24":1,"25":0,"26":1,"27":11,"28":0,"29":0,"30":0,"31":11,"32":2,"33":2,"34":1,"35":1,"36":11,"37":2,"38":2,"39":2,"40":11,"41":0,"42":11,"43":0,"44":11,"45":0,"46":0,"47":0,"48":0,"49":11,"50":2,"51":1,"52":2,"53":1},"f":{"0":6,"1":2,"2":4,"3":4,"4":2,"5":2,"6":2,"7":2,"8":2,"9":2,"10":1,"11":0,"12":2,"13":2,"14":0,"15":0,"16":0,"17":2},"b":{"0":[1,0],"1":[0,0],"2":[1],"3":[0],"4":[1],"5":[1]}}
,"C:\\Users\\senya\\Desktop\\politech-senya\\web\\web-labs\\pages\\login\\index.js": {"path":"C:\\Users\\senya\\Desktop\\politech-senya\\web\\web-labs\\pages\\login\\index.js","statementMap":{"0":{"start":{"line":151,"column":24},"end":{"line":151,"column":36}},"1":{"start":{"line":1,"column":18},"end":{"line":1,"column":null}},"2":{"start":{"line":3,"column":24},"end":{"line":3,"column":null}},"3":{"start":{"line":4,"column":28},"end":{"line":4,"column":null}},"4":{"start":{"line":5,"column":36},"end":{"line":5,"column":null}},"5":{"start":{"line":6,"column":26},"end":{"line":6,"column":null}},"6":{"start":{"line":7,"column":17},"end":{"line":7,"column":null}},"7":{"start":{"line":8,"column":22},"end":{"line":8,"column":null}},"8":{"start":{"line":9,"column":18},"end":{"line":9,"column":null}},"9":{"start":{"line":10,"column":24},"end":{"line":10,"column":null}},"10":{"start":{"line":11,"column":17},"end":{"line":11,"column":null}},"11":{"start":{"line":12,"column":21},"end":{"line":12,"column":null}},"12":{"start":{"line":13,"column":33},"end":{"line":13,"column":null}},"13":{"start":{"line":14,"column":31},"end":{"line":14,"column":null}},"14":{"start":{"line":15,"column":28},"end":{"line":15,"column":null}},"15":{"start":{"line":16,"column":28},"end":{"line":16,"column":null}},"16":{"start":{"line":19,"column":19},"end":{"line":24,"column":null}},"17":{"start":{"line":25,"column":73},"end":{"line":27,"column":null}},"18":{"start":{"line":29,"column":4},"end":{"line":29,"column":null}},"19":{"start":{"line":45,"column":0},"end":{"line":50,"column":null}},"20":{"start":{"line":53,"column":40},"end":{"line":53,"column":null}},"21":{"start":{"line":60,"column":28},"end":{"line":60,"column":null}},"22":{"start":{"line":69,"column":0},"end":{"line":71,"column":null}},"23":{"start":{"line":85,"column":0},"end":{"line":88,"column":null}},"24":{"start":{"line":96,"column":33},"end":{"line":96,"column":null}},"25":{"start":{"line":97,"column":16},"end":{"line":102,"column":17}},"26":{"start":{"line":98,"column":20},"end":{"line":98,"column":null}},"27":{"start":{"line":101,"column":20},"end":{"line":101,"column":null}},"28":{"start":{"line":109,"column":0},"end":{"line":112,"column":null}},"29":{"start":{"line":136,"column":0},"end":{"line":139,"column":null}},"30":{"start":{"line":142,"column":4},"end":{"line":143,"column":null}},"31":{"start":{"line":152,"column":58},"end":{"line":152,"column":null}},"32":{"start":{"line":153,"column":40},"end":{"line":153,"column":null}},"33":{"start":{"line":154,"column":42},"end":{"line":154,"column":null}},"34":{"start":{"line":155,"column":38},"end":{"line":155,"column":null}},"35":{"start":{"line":156,"column":19},"end":{"line":156,"column":null}},"36":{"start":{"line":157,"column":21},"end":{"line":157,"column":null}},"37":{"start":{"line":159,"column":4},"end":{"line":159,"column":null}},"38":{"start":{"line":161,"column":25},"end":{"line":178,"column":null}},"39":{"start":{"line":162,"column":8},"end":{"line":162,"column":null}},"40":{"start":{"line":163,"column":8},"end":{"line":163,"column":null}},"41":{"start":{"line":164,"column":8},"end":{"line":176,"column":null}},"42":{"start":{"line":165,"column":32},"end":{"line":165,"column":null}},"43":{"start":{"line":166,"column":12},"end":{"line":166,"column":null}},"44":{"start":{"line":167,"column":25},"end":{"line":167,"column":null}},"45":{"start":{"line":168,"column":12},"end":{"line":168,"column":null}},"46":{"start":{"line":171,"column":12},"end":{"line":171,"column":null}},"47":{"start":{"line":172,"column":12},"end":{"line":172,"column":null}},"48":{"start":{"line":175,"column":12},"end":{"line":175,"column":null}},"49":{"start":{"line":177,"column":8},"end":{"line":177,"column":null}},"50":{"start":{"line":179,"column":4},"end":{"line":183,"column":null}},"51":{"start":{"line":181,"column":12},"end":{"line":181,"column":null}},"52":{"start":{"line":219,"column":73},"end":{"line":219,"column":93}}},"fnMap":{"0":{"name":"(anonymous_0)","decl":{"start":{"line":151,"column":24},"end":{"line":151,"column":36}},"loc":{"start":{"line":151,"column":24},"end":{"line":151,"column":36}}},"1":{"name":"useLoginForm","decl":{"start":{"line":18,"column":9},"end":{"line":18,"column":24}},"loc":{"start":{"line":18,"column":24},"end":{"line":30,"column":null}}},"2":{"name":"FormInput","decl":{"start":{"line":32,"column":9},"end":{"line":32,"column":19}},"loc":{"start":{"line":32,"column":78},"end":{"line":44,"column":null}}},"3":{"name":"RememberMe","decl":{"start":{"line":52,"column":9},"end":{"line":52,"column":20}},"loc":{"start":{"line":52,"column":34},"end":{"line":68,"column":null}}},"4":{"name":"(anonymous_8)","decl":{"start":{"line":60,"column":22},"end":{"line":60,"column":28}},"loc":{"start":{"line":60,"column":28},"end":{"line":60,"column":null}}},"5":{"name":"LoginButton","decl":{"start":{"line":73,"column":9},"end":{"line":73,"column":21}},"loc":{"start":{"line":73,"column":46},"end":{"line":84,"column":null}}},"6":{"name":"SignUpButton","decl":{"start":{"line":90,"column":9},"end":{"line":90,"column":22}},"loc":{"start":{"line":90,"column":47},"end":{"line":108,"column":null}}},"7":{"name":"(anonymous_11)","decl":{"start":{"line":95,"column":21},"end":{"line":95,"column":27}},"loc":{"start":{"line":95,"column":27},"end":{"line":103,"column":null}}},"8":{"name":"TopSection","decl":{"start":{"line":115,"column":9},"end":{"line":115,"column":22}},"loc":{"start":{"line":115,"column":22},"end":{"line":128,"column":null}}},"9":{"name":"ServerError","decl":{"start":{"line":130,"column":9},"end":{"line":130,"column":21}},"loc":{"start":{"line":130,"column":46},"end":{"line":135,"column":null}}},"10":{"name":"Footer","decl":{"start":{"line":141,"column":9},"end":{"line":141,"column":18}},"loc":{"start":{"line":141,"column":18},"end":{"line":147,"column":null}}},"11":{"name":"(anonymous_16)","decl":{"start":{"line":161,"column":25},"end":{"line":161,"column":32}},"loc":{"start":{"line":161,"column":48},"end":{"line":178,"column":null}}},"12":{"name":"(anonymous_17)","decl":{"start":{"line":180,"column":8},"end":{"line":180,"column":14}},"loc":{"start":{"line":180,"column":14},"end":{"line":182,"column":null}}},"13":{"name":"(anonymous_18)","decl":{"start":{"line":219,"column":67},"end":{"line":219,"column":73}},"loc":{"start":{"line":219,"column":73},"end":{"line":219,"column":93}}}},"branchMap":{"0":{"loc":{"start":{"line":37,"column":63},"end":{"line":37,"column":98}},"type":"cond-expr","locations":[{"start":{"line":37,"column":78},"end":{"line":37,"column":97}},{"start":{"line":37,"column":97},"end":{"line":37,"column":98}}]},"1":{"loc":{"start":{"line":42,"column":64},"end":{"line":42,"column":96}},"type":"cond-expr","locations":[{"start":{"line":42,"column":79},"end":{"line":42,"column":94}},{"start":{"line":42,"column":94},"end":{"line":42,"column":96}}]},"2":{"loc":{"start":{"line":80,"column":9},"end":{"line":81,"column":16}},"type":"cond-expr","locations":[{"start":{"line":80,"column":21},"end":{"line":81,"column":16}},{"start":{"line":81,"column":14},"end":{"line":81,"column":16}}]},"3":{"loc":{"start":{"line":97,"column":16},"end":{"line":102,"column":17}},"type":"if","locations":[{"start":{"line":97,"column":16},"end":{"line":102,"column":17}},{"start":{"line":100,"column":21},"end":{"line":102,"column":17}}]},"4":{"loc":{"start":{"line":131,"column":25},"end":{"line":132,"column":35}},"type":"cond-expr","locations":[{"start":{"line":132,"column":6},"end":{"line":132,"column":18}},{"start":{"line":132,"column":18},"end":{"line":132,"column":35}}]},"5":{"loc":{"start":{"line":131,"column":25},"end":{"line":131,"column":77}},"type":"binary-expr","locations":[{"start":{"line":131,"column":25},"end":{"line":131,"column":41}},{"start":{"line":131,"column":41},"end":{"line":131,"column":57}},{"start":{"line":131,"column":61},"end":{"line":131,"column":77}}]}},"s":{"0":6,"1":1,"2":1,"3":1,"4":1,"5":1,"6":1,"7":1,"8":1,"9":1,"10":1,"11":1,"12":1,"13":1,"14":1,"15":1,"16":15,"17":15,"18":15,"19":1,"20":15,"21":0,"22":1,"23":1,"24":2,"25":2,"26":1,"27":1,"28":1,"29":1,"30":15,"31":15,"32":15,"33":15,"34":15,"35":15,"36":15,"37":15,"38":15,"39":1,"40":1,"41":1,"42":1,"43":1,"44":1,"45":1,"46":0,"47":0,"48":1,"49":1,"50":15,"51":6,"52":2},"f":{"0":21,"1":15,"2":30,"3":15,"4":0,"5":15,"6":15,"7":2,"8":15,"9":15,"10":15,"11":1,"12":6,"13":2},"b":{"0":[0,30],"1":[0,30],"2":[0,15],"3":[1,1],"4":[0,15],"5":[15,0,0]}}
,"C:\\Users\\senya\\Desktop\\politech-senya\\web\\web-labs\\pages\\redux\\auth.ts": {"path":"C:\\Users\\senya\\Desktop\\politech-senya\\web\\web-labs\\pages\\redux\\auth.ts","statementMap":{"0":{"start":{"line":17,"column":13},"end":{"line":17,"column":22}},"1":{"start":{"line":48,"column":13},"end":{"line":48,"column":29}},"2":{"start":{"line":49,"column":13},"end":{"line":49,"column":24}},"3":{"start":{"line":1,"column":28},"end":{"line":1,"column":null}},"4":{"start":{"line":4,"column":12},"end":{"line":4,"column":22}},"5":{"start":{"line":4,"column":12},"end":{"line":5,"column":null}},"6":{"start":{"line":4,"column":12},"end":{"line":6,"column":null}},"7":{"start":{"line":4,"column":12},"end":{"line":7,"column":null}},"8":{"start":{"line":15,"column":33},"end":{"line":15,"column":null}},"9":{"start":{"line":17,"column":25},"end":{"line":46,"column":null}},"10":{"start":{"line":22,"column":6},"end":{"line":22,"column":null}},"11":{"start":{"line":25,"column":6},"end":{"line":29,"column":null}},"12":{"start":{"line":32,"column":6},"end":{"line":36,"column":null}},"13":{"start":{"line":40,"column":6},"end":{"line":43,"column":null}},"14":{"start":{"line":48,"column":32},"end":{"line":48,"column":null}},"15":{"start":{"line":49,"column":27},"end":{"line":49,"column":44}}},"fnMap":{"0":{"name":"(anonymous_2)","decl":{"start":{"line":17,"column":22},"end":{"line":17,"column":25}},"loc":{"start":{"line":17,"column":13},"end":{"line":17,"column":22}}},"1":{"name":"(anonymous_3)","decl":{"start":{"line":48,"column":29},"end":{"line":48,"column":32}},"loc":{"start":{"line":48,"column":13},"end":{"line":48,"column":29}}},"2":{"name":"(anonymous_4)","decl":{"start":{"line":49,"column":24},"end":{"line":49,"column":27}},"loc":{"start":{"line":49,"column":13},"end":{"line":49,"column":24}}},"3":{"name":"(anonymous_5)","decl":{"start":{"line":4,"column":12},"end":{"line":4,"column":22}},"loc":{"start":{"line":4,"column":22},"end":{"line":4,"column":11}}},"4":{"name":"(anonymous_6)","decl":{"start":{"line":21,"column":4},"end":{"line":21,"column":10}},"loc":{"start":{"line":21,"column":16},"end":{"line":23,"column":null}}},"5":{"name":"(anonymous_7)","decl":{"start":{"line":24,"column":4},"end":{"line":24,"column":10}},"loc":{"start":{"line":24,"column":25},"end":{"line":30,"column":null}}},"6":{"name":"(anonymous_8)","decl":{"start":{"line":31,"column":4},"end":{"line":31,"column":11}},"loc":{"start":{"line":31,"column":18},"end":{"line":37,"column":null}}},"7":{"name":"(anonymous_9)","decl":{"start":{"line":39,"column":4},"end":{"line":39,"column":15}},"loc":{"start":{"line":39,"column":30},"end":{"line":44,"column":null}}}},"branchMap":{"0":{"loc":{"start":{"line":4,"column":12},"end":{"line":4,"column":22}},"type":"binary-expr","locations":[{"start":{"line":4,"column":12},"end":{"line":4,"column":22}},{"start":{"line":4,"column":12},"end":{"line":4,"column":22}}]}},"s":{"0":29,"1":18,"2":7,"3":19,"4":19,"5":19,"6":19,"7":19,"8":19,"9":19,"10":0,"11":3,"12":0,"13":0,"14":19,"15":19},"f":{"0":29,"1":18,"2":7,"3":19,"4":0,"5":3,"6":0,"7":0},"b":{"0":[19,19]}}
,"C:\\Users\\senya\\Desktop\\politech-senya\\web\\web-labs\\pages\\redux\\classes.ts": {"path":"C:\\Users\\senya\\Desktop\\politech-senya\\web\\web-labs\\pages\\redux\\classes.ts","statementMap":{"0":{"start":{"line":13,"column":13},"end":{"line":13,"column":23}},"1":{"start":{"line":37,"column":13},"end":{"line":37,"column":32}},"2":{"start":{"line":38,"column":13},"end":{"line":38,"column":27}},"3":{"start":{"line":1,"column":28},"end":{"line":1,"column":null}},"4":{"start":{"line":11,"column":36},"end":{"line":11,"column":null}},"5":{"start":{"line":13,"column":26},"end":{"line":34,"column":null}},"6":{"start":{"line":19,"column":16},"end":{"line":19,"column":null}},"7":{"start":{"line":22,"column":16},"end":{"line":22,"column":null}},"8":{"start":{"line":25,"column":16},"end":{"line":27,"column":17}},"9":{"start":{"line":26,"column":20},"end":{"line":26,"column":null}},"10":{"start":{"line":28,"column":16},"end":{"line":28,"column":null}},"11":{"start":{"line":31,"column":16},"end":{"line":31,"column":null}},"12":{"start":{"line":31,"column":70},"end":{"line":31,"column":null}},"13":{"start":{"line":37,"column":35},"end":{"line":37,"column":null}},"14":{"start":{"line":38,"column":30},"end":{"line":38,"column":48}}},"fnMap":{"0":{"name":"(anonymous_1)","decl":{"start":{"line":13,"column":23},"end":{"line":13,"column":26}},"loc":{"start":{"line":13,"column":13},"end":{"line":13,"column":23}}},"1":{"name":"(anonymous_2)","decl":{"start":{"line":37,"column":32},"end":{"line":37,"column":35}},"loc":{"start":{"line":37,"column":13},"end":{"line":37,"column":32}}},"2":{"name":"(anonymous_3)","decl":{"start":{"line":38,"column":27},"end":{"line":38,"column":30}},"loc":{"start":{"line":38,"column":13},"end":{"line":38,"column":27}}},"3":{"name":"(anonymous_4)","decl":{"start":{"line":18,"column":12},"end":{"line":18,"column":27}},"loc":{"start":{"line":18,"column":46},"end":{"line":20,"column":null}}},"4":{"name":"(anonymous_5)","decl":{"start":{"line":21,"column":12},"end":{"line":21,"column":28}},"loc":{"start":{"line":21,"column":47},"end":{"line":23,"column":null}}},"5":{"name":"(anonymous_6)","decl":{"start":{"line":24,"column":12},"end":{"line":24,"column":27}},"loc":{"start":{"line":24,"column":46},"end":{"line":29,"column":null}}},"6":{"name":"(anonymous_7)","decl":{"start":{"line":30,"column":12},"end":{"line":30,"column":28}},"loc":{"start":{"line":30,"column":47},"end":{"line":32,"column":null}}},"7":{"name":"(anonymous_8)","decl":{"start":{"line":31,"column":61},"end":{"line":31,"column":62}},"loc":{"start":{"line":31,"column":70},"end":{"line":31,"column":null}}}},"branchMap":{"0":{"loc":{"start":{"line":25,"column":16},"end":{"line":27,"column":17}},"type":"if","locations":[{"start":{"line":25,"column":16},"end":{"line":27,"column":17}}]}},"s":{"0":33,"1":18,"2":3,"3":14,"4":14,"5":14,"6":1,"7":1,"8":1,"9":1,"10":1,"11":0,"12":0,"13":14,"14":14},"f":{"0":33,"1":18,"2":3,"3":1,"4":1,"5":1,"6":0,"7":0},"b":{"0":[1]}}
,"C:\\Users\\senya\\Desktop\\politech-senya\\web\\web-labs\\pages\\redux\\store.ts": {"path":"C:\\Users\\senya\\Desktop\\politech-senya\\web\\web-labs\\pages\\redux\\store.ts","statementMap":{"0":{"start":{"line":19,"column":13},"end":{"line":19,"column":27}},"1":{"start":{"line":20,"column":13},"end":{"line":20,"column":27}},"2":{"start":{"line":21,"column":0},"end":{"line":21,"column":15}},"3":{"start":{"line":1,"column":31},"end":{"line":1,"column":null}},"4":{"start":{"line":2,"column":26},"end":{"line":2,"column":null}},"5":{"start":{"line":3,"column":27},"end":{"line":3,"column":null}},"6":{"start":{"line":4,"column":63},"end":{"line":4,"column":null}},"7":{"start":{"line":6,"column":16},"end":{"line":9,"column":null}},"8":{"start":{"line":11,"column":14},"end":{"line":13,"column":null}},"9":{"start":{"line":19,"column":49},"end":{"line":19,"column":60}},"10":{"start":{"line":20,"column":63},"end":{"line":20,"column":74}},"11":{"start":{"line":21,"column":15},"end":{"line":21,"column":21}}},"fnMap":{"0":{"name":"(anonymous_1)","decl":{"start":{"line":19,"column":27},"end":{"line":19,"column":49}},"loc":{"start":{"line":19,"column":13},"end":{"line":19,"column":27}}},"1":{"name":"(anonymous_2)","decl":{"start":{"line":20,"column":27},"end":{"line":20,"column":63}},"loc":{"start":{"line":20,"column":13},"end":{"line":20,"column":27}}},"2":{"name":"(anonymous_3)","decl":{"start":{"line":21,"column":21},"end":{"line":21,"column":null}},"loc":{"start":{"line":21,"column":0},"end":{"line":21,"column":15}}}},"branchMap":{},"s":{"0":39,"1":26,"2":1,"3":10,"4":10,"5":10,"6":10,"7":10,"8":10,"9":10,"10":10,"11":10},"f":{"0":39,"1":26,"2":1},"b":{}}
,"C:\\Users\\senya\\Desktop\\politech-senya\\web\\web-labs\\pages\\utils\\Service.ts": {"path":"C:\\Users\\senya\\Desktop\\politech-senya\\web\\web-labs\\pages\\utils\\Service.ts","statementMap":{"0":{"start":{"line":11,"column":13},"end":{"line":11,"column":23}},"1":{"start":{"line":1,"column":22},"end":{"line":1,"column":null}},"2":{"start":{"line":2,"column":31},"end":{"line":2,"column":null}},"3":{"start":{"line":11,"column":23},"end":{"line":42,"column":null}},"4":{"start":{"line":20,"column":21},"end":{"line":22,"column":14}},"5":{"start":{"line":24,"column":4},"end":{"line":34,"column":5}},"6":{"start":{"line":25,"column":6},"end":{"line":27,"column":7}},"7":{"start":{"line":26,"column":8},"end":{"line":26,"column":70}},"8":{"start":{"line":29,"column":6},"end":{"line":31,"column":7}},"9":{"start":{"line":30,"column":8},"end":{"line":30,"column":52}},"10":{"start":{"line":33,"column":6},"end":{"line":33,"column":42}},"11":{"start":{"line":36,"column":4},"end":{"line":41,"column":null}},"12":{"start":{"line":37,"column":6},"end":{"line":37,"column":null}},"13":{"start":{"line":40,"column":6},"end":{"line":40,"column":43}}},"fnMap":{"0":{"name":"(anonymous_0)","decl":{"start":{"line":11,"column":13},"end":{"line":11,"column":23}},"loc":{"start":{"line":11,"column":13},"end":{"line":11,"column":23}}},"1":{"name":"(anonymous_2)","decl":{"start":{"line":11,"column":23},"end":{"line":11,"column":33}},"loc":{"start":{"line":19,"column":20},"end":{"line":42,"column":null}}}},"branchMap":{"0":{"loc":{"start":{"line":20,"column":21},"end":{"line":22,"column":14}},"type":"cond-expr","locations":[{"start":{"line":21,"column":8},"end":{"line":21,"column":null}},{"start":{"line":22,"column":8},"end":{"line":22,"column":14}}]},"1":{"loc":{"start":{"line":24,"column":4},"end":{"line":34,"column":5}},"type":"if","locations":[{"start":{"line":24,"column":4},"end":{"line":34,"column":5}}]},"2":{"loc":{"start":{"line":25,"column":6},"end":{"line":27,"column":7}},"type":"if","locations":[{"start":{"line":25,"column":6},"end":{"line":27,"column":7}}]},"3":{"loc":{"start":{"line":29,"column":6},"end":{"line":31,"column":7}},"type":"if","locations":[{"start":{"line":29,"column":6},"end":{"line":31,"column":7}}]}},"s":{"0":5,"1":10,"2":10,"3":10,"4":5,"5":4,"6":2,"7":0,"8":2,"9":1,"10":1,"11":2,"12":2,"13":0},"f":{"0":5,"1":5},"b":{"0":[0,5],"1":[2],"2":[0],"3":[1]}}
,"C:\\Users\\senya\\Desktop\\politech-senya\\web\\web-labs\\pages\\utils\\hooks.tsx": {"path":"C:\\Users\\senya\\Desktop\\politech-senya\\web\\web-labs\\pages\\utils\\hooks.tsx","statementMap":{"0":{"start":{"line":88,"column":2},"end":{"line":88,"column":18}},"1":{"start":{"line":89,"column":2},"end":{"line":89,"column":13}},"2":{"start":{"line":90,"column":2},"end":{"line":90,"column":21}},"3":{"start":{"line":91,"column":2},"end":{"line":91,"column":20}},"4":{"start":{"line":92,"column":2},"end":{"line":92,"column":14}},"5":{"start":{"line":1,"column":36},"end":{"line":1,"column":null}},"6":{"start":{"line":2,"column":26},"end":{"line":2,"column":null}},"7":{"start":{"line":3,"column":40},"end":{"line":3,"column":null}},"8":{"start":{"line":4,"column":47},"end":{"line":4,"column":null}},"9":{"start":{"line":6,"column":31},"end":{"line":6,"column":null}},"10":{"start":{"line":7,"column":28},"end":{"line":7,"column":null}},"11":{"start":{"line":8,"column":44},"end":{"line":8,"column":null}},"12":{"start":{"line":11,"column":17},"end":{"line":11,"column":null}},"13":{"start":{"line":12,"column":21},"end":{"line":12,"column":null}},"14":{"start":{"line":12,"column":47},"end":{"line":12,"column":64}},"15":{"start":{"line":13,"column":19},"end":{"line":13,"column":null}},"16":{"start":{"line":15,"column":2},"end":{"line":23,"column":null}},"17":{"start":{"line":16,"column":4},"end":{"line":22,"column":5}},"18":{"start":{"line":17,"column":6},"end":{"line":19,"column":7}},"19":{"start":{"line":18,"column":8},"end":{"line":18,"column":null}},"20":{"start":{"line":21,"column":6},"end":{"line":21,"column":null}},"21":{"start":{"line":27,"column":17},"end":{"line":27,"column":null}},"22":{"start":{"line":28,"column":26},"end":{"line":28,"column":null}},"23":{"start":{"line":29,"column":19},"end":{"line":29,"column":null}},"24":{"start":{"line":31,"column":2},"end":{"line":44,"column":null}},"25":{"start":{"line":32,"column":4},"end":{"line":43,"column":5}},"26":{"start":{"line":33,"column":20},"end":{"line":33,"column":null}},"27":{"start":{"line":34,"column":6},"end":{"line":42,"column":null}},"28":{"start":{"line":35,"column":31},"end":{"line":35,"column":null}},"29":{"start":{"line":37,"column":10},"end":{"line":41,"column":11}},"30":{"start":{"line":38,"column":12},"end":{"line":38,"column":null}},"31":{"start":{"line":39,"column":12},"end":{"line":39,"column":null}},"32":{"start":{"line":40,"column":12},"end":{"line":40,"column":null}},"33":{"start":{"line":46,"column":2},"end":{"line":46,"column":null}},"34":{"start":{"line":50,"column":23},"end":{"line":50,"column":null}},"35":{"start":{"line":51,"column":17},"end":{"line":51,"column":null}},"36":{"start":{"line":52,"column":21},"end":{"line":52,"column":null}},"37":{"start":{"line":52,"column":47},"end":{"line":52,"column":64}},"38":{"start":{"line":53,"column":19},"end":{"line":53,"column":null}},"39":{"start":{"line":54,"column":2},"end":{"line":63,"column":null}},"40":{"start":{"line":55,"column":18},"end":{"line":55,"column":null}},"41":{"start":{"line":56,"column":4},"end":{"line":62,"column":5}},"42":{"start":{"line":57,"column":6},"end":{"line":61,"column":null}},"43":{"start":{"line":58,"column":8},"end":{"line":60,"column":9}},"44":{"start":{"line":59,"column":10},"end":{"line":59,"column":null}},"45":{"start":{"line":61,"column":8},"end":{"line":61,"column":33}},"46":{"start":{"line":68,"column":4},"end":{"line":73,"column":null}},"47":{"start":{"line":69,"column":6},"end":{"line":71,"column":null}},"48":{"start":{"line":75,"column":4},"end":{"line":75,"column":null}},"49":{"start":{"line":78,"column":2},"end":{"line":78,"column":null}},"50":{"start":{"line":82,"column":2},"end":{"line":84,"column":null}},"51":{"start":{"line":83,"column":4},"end":{"line":83,"column":null}}},"fnMap":{"0":{"name":"(anonymous_1)","decl":{"start":{"line":88,"column":18},"end":{"line":88,"column":null}},"loc":{"start":{"line":88,"column":2},"end":{"line":88,"column":18}}},"1":{"name":"(anonymous_2)","decl":{"start":{"line":89,"column":13},"end":{"line":89,"column":null}},"loc":{"start":{"line":89,"column":2},"end":{"line":89,"column":13}}},"2":{"name":"(anonymous_3)","decl":{"start":{"line":90,"column":21},"end":{"line":90,"column":null}},"loc":{"start":{"line":90,"column":2},"end":{"line":90,"column":21}}},"3":{"name":"(anonymous_4)","decl":{"start":{"line":91,"column":20},"end":{"line":91,"column":null}},"loc":{"start":{"line":91,"column":2},"end":{"line":91,"column":20}}},"4":{"name":"(anonymous_5)","decl":{"start":{"line":92,"column":14},"end":{"line":92,"column":null}},"loc":{"start":{"line":92,"column":2},"end":{"line":92,"column":14}}},"5":{"name":"useLoginRedirect","decl":{"start":{"line":10,"column":9},"end":{"line":10,"column":28}},"loc":{"start":{"line":10,"column":28},"end":{"line":24,"column":null}}},"6":{"name":"(anonymous_8)","decl":{"start":{"line":12,"column":36},"end":{"line":12,"column":37}},"loc":{"start":{"line":12,"column":47},"end":{"line":12,"column":64}}},"7":{"name":"(anonymous_9)","decl":{"start":{"line":15,"column":12},"end":{"line":15,"column":18}},"loc":{"start":{"line":15,"column":18},"end":{"line":23,"column":5}}},"8":{"name":"useUserData","decl":{"start":{"line":26,"column":9},"end":{"line":26,"column":23}},"loc":{"start":{"line":26,"column":23},"end":{"line":47,"column":null}}},"9":{"name":"(anonymous_11)","decl":{"start":{"line":31,"column":12},"end":{"line":31,"column":18}},"loc":{"start":{"line":31,"column":18},"end":{"line":44,"column":null}}},"10":{"name":"(anonymous_12)","decl":{"start":{"line":35,"column":14},"end":{"line":35,"column":15}},"loc":{"start":{"line":35,"column":31},"end":{"line":35,"column":null}}},"11":{"name":"(anonymous_13)","decl":{"start":{"line":36,"column":15},"end":{"line":36,"column":16}},"loc":{"start":{"line":36,"column":22},"end":{"line":42,"column":null}}},"12":{"name":"useMainPageRedirect","decl":{"start":{"line":49,"column":9},"end":{"line":49,"column":31}},"loc":{"start":{"line":49,"column":31},"end":{"line":64,"column":null}}},"13":{"name":"(anonymous_15)","decl":{"start":{"line":52,"column":36},"end":{"line":52,"column":37}},"loc":{"start":{"line":52,"column":47},"end":{"line":52,"column":64}}},"14":{"name":"(anonymous_16)","decl":{"start":{"line":54,"column":12},"end":{"line":54,"column":18}},"loc":{"start":{"line":54,"column":18},"end":{"line":63,"column":5}}},"15":{"name":"(anonymous_17)","decl":{"start":{"line":57,"column":30},"end":{"line":57,"column":31}},"loc":{"start":{"line":57,"column":40},"end":{"line":61,"column":null}}},"16":{"name":"useMessageReplacer","decl":{"start":{"line":66,"column":9},"end":{"line":66,"column":28}},"loc":{"start":{"line":66,"column":47},"end":{"line":79,"column":null}}},"17":{"name":"normalize","decl":{"start":{"line":67,"column":11},"end":{"line":67,"column":21}},"loc":{"start":{"line":67,"column":38},"end":{"line":76,"column":null}}},"18":{"name":"useBootstrap","decl":{"start":{"line":81,"column":9},"end":{"line":81,"column":24}},"loc":{"start":{"line":81,"column":24},"end":{"line":85,"column":null}}},"19":{"name":"(anonymous_21)","decl":{"start":{"line":82,"column":12},"end":{"line":82,"column":18}},"loc":{"start":{"line":82,"column":18},"end":{"line":84,"column":null}}}},"branchMap":{"0":{"loc":{"start":{"line":16,"column":4},"end":{"line":22,"column":5}},"type":"if","locations":[{"start":{"line":16,"column":4},"end":{"line":22,"column":5}}]},"1":{"loc":{"start":{"line":17,"column":6},"end":{"line":19,"column":7}},"type":"if","locations":[{"start":{"line":17,"column":6},"end":{"line":19,"column":7}}]},"2":{"loc":{"start":{"line":32,"column":4},"end":{"line":43,"column":5}},"type":"if","locations":[{"start":{"line":32,"column":4},"end":{"line":43,"column":5}}]},"3":{"loc":{"start":{"line":37,"column":10},"end":{"line":41,"column":11}},"type":"if","locations":[{"start":{"line":37,"column":10},"end":{"line":41,"column":11}}]},"4":{"loc":{"start":{"line":56,"column":4},"end":{"line":62,"column":5}},"type":"if","locations":[{"start":{"line":56,"column":4},"end":{"line":62,"column":5}}]},"5":{"loc":{"start":{"line":58,"column":8},"end":{"line":60,"column":9}},"type":"if","locations":[{"start":{"line":58,"column":8},"end":{"line":60,"column":9}}]}},"s":{"0":3,"1":2,"2":20,"3":2,"4":2,"5":5,"6":5,"7":5,"8":5,"9":5,"10":5,"11":5,"12":1,"13":1,"14":1,"15":1,"16":1,"17":1,"18":1,"19":0,"20":1,"21":0,"22":0,"23":0,"24":0,"25":0,"26":0,"27":0,"28":0,"29":0,"30":0,"31":0,"32":0,"33":0,"34":19,"35":19,"36":19,"37":22,"38":19,"39":19,"40":12,"41":12,"42":2,"43":2,"44":2,"45":2,"46":0,"47":0,"48":0,"49":0,"50":0,"51":0},"f":{"0":3,"1":2,"2":20,"3":2,"4":2,"5":1,"6":1,"7":1,"8":0,"9":0,"10":0,"11":0,"12":19,"13":22,"14":12,"15":2,"16":0,"17":0,"18":0,"19":0},"b":{"0":[1],"1":[0],"2":[0],"3":[0],"4":[2],"5":[2]}}
}
