TN:
SF:pages\ProfilePic.tsx
FN:6,(anonymous_0)
FN:13,getProfilePicSource
FNF:2
FNH:2
FNDA:6,(anonymous_0)
FNDA:1,getProfilePicSource
DA:1,3
DA:3,3
DA:4,3
DA:6,3
DA:14,1
LF:5
LH:5
BRDA:14,0,0,1
BRDA:14,0,1,0
BRDA:21,1,0,1
BRDA:21,1,1,2
BRDA:28,2,0,0
BRDA:28,2,1,1
BRDA:30,3,0,1
BRDA:30,3,1,0
BRF:8
BRH:5
end_of_record
TN:
SF:pages\account\PersonalInfoBar.tsx
FN:6,(anonymous_0)
FNF:1
FNH:1
FNDA:2,(anonymous_0)
DA:1,2
DA:2,2
DA:3,2
DA:6,1
DA:7,1
LF:5
LH:5
BRF:0
BRH:0
end_of_record
TN:
SF:pages\account\PersonalInfoCard.tsx
FN:15,(anonymous_0)
FN:2,PersonalInfoCard
FNF:2
FNH:2
FNDA:5,(anonymous_0)
FNDA:5,PersonalInfoCard
DA:1,2
DA:15,5
LF:2
LH:2
BRF:0
BRH:0
end_of_record
TN:
SF:pages\account\User.ts
FN:1,(anonymous_1)
FNF:1
FNH:1
FNDA:21,(anonymous_1)
DA:1,21
LF:1
LH:1
BRDA:1,0,0,21
BRDA:1,0,1,21
BRF:2
BRH:2
end_of_record
TN:
SF:pages\account\UserService.ts
FN:30,(anonymous_1)
FN:69,(anonymous_2)
FN:7,(anonymous_4)
FN:13,(anonymous_5)
FN:20,(anonymous_6)
FN:30,(anonymous_7)
FN:58,(anonymous_8)
FN:69,(anonymous_9)
FNF:8
FNH:6
FNDA:8,(anonymous_1)
FNDA:4,(anonymous_2)
FNDA:3,(anonymous_4)
FNDA:3,(anonymous_5)
FNDA:3,(anonymous_6)
FNDA:4,(anonymous_7)
FNDA:0,(anonymous_8)
FNDA:0,(anonymous_9)
DA:1,10
DA:2,10
DA:3,10
DA:4,10
DA:5,10
DA:7,10
DA:8,3
DA:13,10
DA:14,3
DA:20,10
DA:21,3
DA:22,3
DA:24,3
DA:30,10
DA:34,4
DA:35,1
DA:37,3
DA:39,3
DA:40,2
DA:41,1
DA:45,1
DA:46,1
DA:49,0
DA:51,1
DA:52,1
DA:58,10
DA:59,0
DA:60,0
DA:62,0
DA:69,10
DA:70,0
LF:31
LH:26
BRDA:9,0,0,0
BRDA:9,0,1,3
BRDA:34,1,0,1
BRDA:39,2,0,2
BRDA:40,3,0,1
BRDA:45,4,0,1
BRDA:54,5,0,0
BRDA:54,5,1,1
BRF:8
BRH:6
end_of_record
TN:
SF:pages\account\index.tsx
FN:6,(anonymous_0)
FNF:1
FNH:1
FNDA:6,(anonymous_0)
DA:1,2
DA:2,2
DA:3,2
DA:4,2
DA:6,4
DA:7,2
DA:9,2
DA:10,1
LF:8
LH:8
BRDA:9,0,0,1
BRF:1
BRH:1
end_of_record
TN:
SF:pages\account\edit\EditAccountForm.tsx
FN:20,(anonymous_0)
FN:23,(anonymous_6)
FN:48,(anonymous_7)
FN:62,(anonymous_8)
FN:66,(anonymous_9)
FN:81,(anonymous_10)
FN:86,(anonymous_11)
FN:92,(anonymous_12)
FNF:8
FNH:8
FNDA:9,(anonymous_0)
FNDA:8,(anonymous_6)
FNDA:9,(anonymous_7)
FNDA:9,(anonymous_8)
FNDA:2,(anonymous_9)
FNDA:1,(anonymous_10)
FNDA:1,(anonymous_11)
FNDA:2,(anonymous_12)
DA:1,2
DA:2,2
DA:3,2
DA:4,2
DA:5,2
DA:6,2
DA:7,2
DA:8,2
DA:9,2
DA:10,2
DA:11,2
DA:12,2
DA:20,2
DA:21,7
DA:22,7
DA:23,8
DA:24,7
DA:26,7
DA:39,7
DA:42,7
DA:44,7
DA:45,7
DA:46,7
DA:48,7
DA:49,9
DA:50,9
DA:51,0
DA:53,9
DA:54,27
DA:55,5
DA:59,9
DA:62,7
DA:63,9
DA:66,7
DA:71,2
DA:72,2
DA:74,2
DA:75,0
DA:76,0
DA:79,2
DA:80,2
DA:82,1
DA:83,1
DA:84,1
DA:87,1
DA:88,1
DA:90,1
DA:92,2
LF:48
LH:45
BRDA:45,0,0,7
BRDA:45,0,1,0
BRDA:46,1,0,7
BRDA:46,1,1,0
BRDA:50,2,0,0
BRDA:54,3,0,5
BRDA:54,4,0,27
BRDA:54,4,1,14
BRDA:74,5,0,0
BRDA:87,6,0,1
BRDA:125,7,0,7
BRDA:125,7,1,3
BRF:12
BRH:8
end_of_record
TN:
SF:pages\account\edit\EditAccountInput.tsx
FN:10,(anonymous_0)
FNF:1
FNH:1
FNDA:42,(anonymous_0)
DA:1,2
DA:10,21
LF:2
LH:2
BRDA:15,0,0,7
BRDA:27,1,0,0
BRDA:27,1,1,21
BRDA:33,2,0,0
BRDA:33,2,1,21
BRF:5
BRH:3
end_of_record
TN:
SF:pages\account\edit\EditButton.tsx
FN:3,(anonymous_0)
FNF:1
FNH:1
FNDA:14,(anonymous_0)
DA:1,2
DA:3,7
LF:2
LH:2
BRF:0
BRH:0
end_of_record
TN:
SF:pages\account\edit\index.tsx
FN:3,(anonymous_0)
FNF:1
FNH:1
FNDA:2,(anonymous_0)
DA:1,1
DA:2,1
DA:3,2
LF:3
LH:3
BRF:0
BRH:0
end_of_record
TN:
SF:pages\addClass\AddClassButton.tsx
FN:2,(anonymous_0)
FNF:1
FNH:1
FNDA:10,(anonymous_0)
DA:1,2
DA:2,5
LF:2
LH:2
BRF:0
BRH:0
end_of_record
TN:
SF:pages\addClass\DescriptionInput.tsx
FN:3,(anonymous_0)
FNF:1
FNH:1
FNDA:10,(anonymous_0)
DA:1,2
DA:3,5
LF:2
LH:2
BRDA:17,0,0,0
BRDA:17,0,1,5
BRDA:21,1,0,0
BRDA:21,1,1,5
BRF:4
BRH:2
end_of_record
TN:
SF:pages\addClass\FileInput.tsx
FN:2,(anonymous_0)
FNF:1
FNH:1
FNDA:10,(anonymous_0)
DA:1,2
DA:2,5
LF:2
LH:2
BRF:0
BRH:0
end_of_record
TN:
SF:pages\addClass\TitleInput.tsx
FN:3,(anonymous_0)
FNF:1
FNH:1
FNDA:10,(anonymous_0)
DA:1,2
DA:3,5
LF:2
LH:2
BRDA:19,0,0,0
BRDA:19,0,1,5
BRDA:23,1,0,0
BRDA:23,1,1,5
BRF:4
BRH:2
end_of_record
TN:
SF:pages\addClass\index.tsx
FN:40,(anonymous_0)
FN:22,useClassForm
FN:42,(anonymous_7)
FN:46,(anonymous_8)
FN:51,(anonymous_9)
FNF:5
FNH:5
FNDA:11,(anonymous_0)
FNDA:6,useClassForm
FNDA:5,(anonymous_7)
FNDA:2,(anonymous_8)
FNDA:2,(anonymous_9)
DA:1,2
DA:2,2
DA:3,2
DA:4,2
DA:5,2
DA:6,2
DA:7,2
DA:8,2
DA:9,2
DA:10,2
DA:11,2
DA:12,2
DA:13,2
DA:14,2
DA:23,6
DA:33,6
DA:37,5
DA:40,5
DA:41,6
DA:42,5
DA:43,5
DA:44,5
DA:46,5
DA:47,2
DA:48,2
DA:49,2
DA:51,2
DA:52,2
DA:53,2
DA:54,2
DA:59,1
DA:60,1
DA:62,1
DA:63,1
DA:66,1
DA:67,0
DA:72,2
DA:74,0
LF:38
LH:36
BRDA:62,0,0,1
BRDA:66,1,0,0
BRF:2
BRH:1
end_of_record
TN:
SF:pages\class\CancelEditButton.tsx
FN:12,(anonymous_0)
FN:4,CancelEditButton
FNF:2
FNH:0
FNDA:0,(anonymous_0)
FNDA:0,CancelEditButton
DA:1,2
DA:2,2
DA:12,2
LF:3
LH:3
BRF:0
BRH:0
end_of_record
TN:
SF:pages\class\ClassService.ts
FN:181,(anonymous_1)
FN:193,(anonymous_2)
FN:206,(anonymous_3)
FN:220,(anonymous_4)
FN:233,(anonymous_5)
FN:249,(anonymous_6)
FN:271,(anonymous_7)
FN:284,(anonymous_8)
FN:298,(anonymous_9)
FN:311,(anonymous_10)
FN:36,(anonymous_12)
FN:40,(anonymous_13)
FN:46,(anonymous_14)
FN:50,(anonymous_15)
FN:60,(anonymous_16)
FN:64,(anonymous_17)
FN:74,(anonymous_18)
FN:90,(anonymous_19)
FN:104,(anonymous_20)
FN:118,(anonymous_21)
FN:128,(anonymous_22)
FN:138,(anonymous_23)
FN:148,(anonymous_24)
FN:159,(anonymous_25)
FN:170,(anonymous_26)
FN:181,(anonymous_27)
FN:193,(anonymous_28)
FN:206,(anonymous_29)
FN:220,(anonymous_30)
FN:233,(anonymous_31)
FN:244,(anonymous_32)
FN:249,(anonymous_33)
FN:266,(anonymous_34)
FN:271,(anonymous_35)
FN:284,(anonymous_36)
FN:298,(anonymous_37)
FN:311,(anonymous_38)
FNF:37
FNH:19
FNDA:6,(anonymous_1)
FNDA:3,(anonymous_2)
FNDA:3,(anonymous_3)
FNDA:3,(anonymous_4)
FNDA:5,(anonymous_5)
FNDA:3,(anonymous_6)
FNDA:3,(anonymous_7)
FNDA:3,(anonymous_8)
FNDA:3,(anonymous_9)
FNDA:3,(anonymous_10)
FNDA:5,(anonymous_12)
FNDA:3,(anonymous_13)
FNDA:3,(anonymous_14)
FNDA:3,(anonymous_15)
FNDA:0,(anonymous_16)
FNDA:0,(anonymous_17)
FNDA:2,(anonymous_18)
FNDA:0,(anonymous_19)
FNDA:0,(anonymous_20)
FNDA:2,(anonymous_21)
FNDA:0,(anonymous_22)
FNDA:0,(anonymous_23)
FNDA:0,(anonymous_24)
FNDA:0,(anonymous_25)
FNDA:0,(anonymous_26)
FNDA:3,(anonymous_27)
FNDA:0,(anonymous_28)
FNDA:0,(anonymous_29)
FNDA:0,(anonymous_30)
FNDA:2,(anonymous_31)
FNDA:2,(anonymous_32)
FNDA:0,(anonymous_33)
FNDA:0,(anonymous_34)
FNDA:0,(anonymous_35)
FNDA:0,(anonymous_36)
FNDA:0,(anonymous_37)
FNDA:0,(anonymous_38)
DA:2,5
DA:3,5
DA:5,5
DA:7,5
DA:36,5
DA:37,5
DA:40,5
DA:41,3
DA:46,5
DA:47,3
DA:50,5
DA:51,3
DA:52,3
DA:54,3
DA:60,5
DA:61,0
DA:64,5
DA:65,0
DA:66,0
DA:68,0
DA:74,5
DA:75,2
DA:76,2
DA:78,2
DA:79,1
DA:84,1
DA:90,5
DA:95,0
DA:96,0
DA:98,0
DA:104,5
DA:109,0
DA:110,0
DA:112,0
DA:118,5
DA:119,2
DA:120,2
DA:122,1
DA:128,5
DA:129,0
DA:130,0
DA:132,0
DA:138,5
DA:139,0
DA:140,0
DA:142,0
DA:148,5
DA:149,0
DA:150,0
DA:152,0
DA:159,5
DA:160,0
DA:161,0
DA:163,0
DA:170,5
DA:171,0
DA:172,0
DA:174,0
DA:181,6
DA:182,3
DA:193,5
DA:194,0
DA:206,5
DA:207,0
DA:220,5
DA:221,0
DA:233,5
DA:234,2
DA:244,1
DA:245,2
DA:249,5
DA:255,0
DA:266,0
DA:267,0
DA:271,5
DA:272,0
DA:284,5
DA:285,0
DA:298,5
DA:299,0
DA:311,5
DA:312,0
LF:82
LH:47
BRDA:78,0,0,1
BRF:1
BRH:1
end_of_record
TN:
SF:pages\class\DeleteClassButton.tsx
FN:7,(anonymous_0)
FN:8,(anonymous_3)
FNF:2
FNH:1
FNDA:1,(anonymous_0)
FNDA:0,(anonymous_3)
DA:1,2
DA:2,2
DA:3,2
DA:4,2
DA:5,2
DA:7,1
DA:8,0
DA:10,0
DA:11,0
LF:9
LH:6
BRDA:10,0,0,0
BRF:1
BRH:0
end_of_record
TN:
SF:pages\class\DeleteClassModal.tsx
FN:11,(anonymous_0)
FN:26,deleteClass
FN:28,(anonymous_7)
FN:32,(anonymous_8)
FNF:4
FNH:1
FNDA:4,(anonymous_0)
FNDA:0,deleteClass
FNDA:0,(anonymous_7)
FNDA:0,(anonymous_8)
DA:1,2
DA:2,2
DA:3,2
DA:4,2
DA:5,2
DA:6,2
DA:7,2
DA:8,2
DA:11,2
DA:22,2
DA:23,2
DA:24,2
DA:27,0
DA:28,0
DA:29,0
DA:30,0
DA:33,0
DA:34,0
DA:36,0
LF:19
LH:12
BRDA:33,0,0,0
BRF:1
BRH:0
end_of_record
TN:
SF:pages\class\DeleteMessageButton.tsx
FN:5,(anonymous_0)
FNF:1
FNH:0
FNDA:0,(anonymous_0)
DA:1,3
DA:2,3
DA:3,3
DA:5,0
LF:4
LH:3
BRF:0
BRH:0
end_of_record
TN:
SF:pages\class\DeleteMessageButtonModal.tsx
FN:10,(anonymous_0)
FN:26,deleteMessage
FN:29,(anonymous_7)
FN:33,(anonymous_8)
FN:39,(anonymous_9)
FNF:5
FNH:1
FNDA:12,(anonymous_0)
FNDA:0,deleteMessage
FNDA:0,(anonymous_7)
FNDA:0,(anonymous_8)
FNDA:0,(anonymous_9)
DA:1,3
DA:2,3
DA:3,3
DA:4,3
DA:5,3
DA:6,3
DA:7,3
DA:10,6
DA:21,6
DA:23,6
DA:24,6
DA:27,0
DA:28,0
DA:30,0
DA:31,0
DA:34,0
DA:35,0
DA:39,0
LF:18
LH:11
BRDA:34,0,0,0
BRF:1
BRH:0
end_of_record
TN:
SF:pages\class\EditClassButton.tsx
FN:4,(anonymous_0)
FNF:1
FNH:1
FNDA:4,(anonymous_0)
DA:1,2
DA:2,2
DA:4,2
LF:3
LH:3
BRF:0
BRH:0
end_of_record
TN:
SF:pages\class\JoinButton.tsx
FN:8,(anonymous_0)
FN:16,(anonymous_3)
FN:17,(anonymous_4)
FN:20,joinClass
FN:23,(anonymous_6)
FN:27,(anonymous_7)
FN:39,(anonymous_8)
FN:46,(anonymous_9)
FNF:8
FNH:5
FNDA:4,(anonymous_0)
FNDA:2,(anonymous_3)
FNDA:2,(anonymous_4)
FNDA:0,joinClass
FNDA:0,(anonymous_6)
FNDA:0,(anonymous_7)
FNDA:2,(anonymous_8)
FNDA:1,(anonymous_9)
DA:1,2
DA:3,2
DA:4,2
DA:5,2
DA:6,2
DA:8,2
DA:15,2
DA:16,2
DA:17,2
DA:18,2
DA:21,0
DA:22,0
DA:24,0
DA:25,0
DA:28,0
DA:39,2
DA:46,1
LF:17
LH:12
BRDA:21,0,0,0
BRDA:38,1,0,2
BRDA:38,1,1,0
BRDA:46,2,0,2
BRDA:46,2,1,1
BRF:5
BRH:3
end_of_record
TN:
SF:pages\class\JoinRequest.ts
FN:1,(anonymous_0)
FNF:1
FNH:1
FNDA:1,(anonymous_0)
DA:1,1
LF:1
LH:1
BRF:0
BRH:0
end_of_record
TN:
SF:pages\class\Loading.tsx
FN:2,(anonymous_0)
FNF:1
FNH:1
FNDA:8,(anonymous_0)
DA:1,4
DA:2,4
LF:2
LH:2
BRF:0
BRH:0
end_of_record
TN:
SF:pages\class\MessageCard.tsx
FN:7,(anonymous_0)
FN:16,(anonymous_3)
FNF:2
FNH:2
FNDA:4,(anonymous_0)
FNDA:2,(anonymous_3)
DA:1,3
DA:2,3
DA:4,3
DA:5,3
DA:7,2
DA:16,2
LF:6
LH:6
BRDA:35,0,0,2
BRF:1
BRH:1
end_of_record
TN:
SF:pages\class\MessageInput.tsx
FN:14,(anonymous_0)
FN:26,(anonymous_6)
FN:27,(anonymous_7)
FN:28,(anonymous_8)
FN:29,(anonymous_9)
FN:34,send
FN:42,(anonymous_11)
FN:49,(anonymous_12)
FN:56,(anonymous_13)
FN:62,isEmptyOrSpaces
FN:73,(anonymous_15)
FNF:11
FNH:5
FNDA:12,(anonymous_0)
FNDA:7,(anonymous_6)
FNDA:7,(anonymous_7)
FNDA:7,(anonymous_8)
FNDA:7,(anonymous_9)
FNDA:0,send
FNDA:0,(anonymous_11)
FNDA:0,(anonymous_12)
FNDA:0,(anonymous_13)
FNDA:0,isEmptyOrSpaces
FNDA:0,(anonymous_15)
DA:1,3
DA:2,3
DA:3,3
DA:5,3
DA:6,3
DA:7,3
DA:8,3
DA:9,3
DA:10,3
DA:11,3
DA:12,3
DA:14,6
DA:23,6
DA:24,6
DA:26,7
DA:27,7
DA:28,7
DA:29,7
DA:31,6
DA:32,6
DA:35,0
DA:40,0
DA:41,0
DA:43,0
DA:44,0
DA:45,0
DA:46,0
DA:47,0
DA:50,0
DA:51,0
DA:52,0
DA:57,0
DA:63,0
DA:73,0
LF:34
LH:20
BRDA:50,0,0,0
BRDA:63,1,0,0
BRDA:63,1,1,0
BRDA:81,2,0,6
BRDA:81,2,1,0
BRDA:88,3,0,0
BRDA:88,3,1,6
BRF:7
BRH:2
end_of_record
TN:
SF:pages\class\MessageService.ts
FN:45,(anonymous_1)
FN:95,(anonymous_2)
FN:112,(anonymous_3)
FN:7,(anonymous_5)
FN:11,(anonymous_6)
FN:20,(anonymous_7)
FN:24,(anonymous_8)
FN:35,(anonymous_9)
FN:45,(anonymous_10)
FN:63,(anonymous_11)
FN:66,(anonymous_12)
FN:74,(anonymous_13)
FN:85,(anonymous_14)
FN:95,(anonymous_15)
FN:112,(anonymous_16)
FNF:15
FNH:3
FNDA:1,(anonymous_1)
FNDA:1,(anonymous_2)
FNDA:1,(anonymous_3)
FNDA:0,(anonymous_5)
FNDA:0,(anonymous_6)
FNDA:0,(anonymous_7)
FNDA:0,(anonymous_8)
FNDA:0,(anonymous_9)
FNDA:0,(anonymous_10)
FNDA:0,(anonymous_11)
FNDA:0,(anonymous_12)
FNDA:0,(anonymous_13)
FNDA:0,(anonymous_14)
FNDA:0,(anonymous_15)
FNDA:0,(anonymous_16)
DA:1,3
DA:2,3
DA:4,3
DA:5,3
DA:7,3
DA:8,0
DA:11,3
DA:12,0
DA:14,0
DA:20,3
DA:21,0
DA:24,3
DA:25,0
DA:26,0
DA:28,0
DA:29,0
DA:32,0
DA:35,3
DA:36,0
DA:37,0
DA:39,0
DA:45,3
DA:50,0
DA:52,0
DA:53,0
DA:60,0
DA:63,3
DA:64,0
DA:66,3
DA:67,0
DA:68,0
DA:74,3
DA:75,0
DA:76,0
DA:78,0
DA:85,3
DA:86,0
DA:87,0
DA:89,0
DA:95,3
DA:100,0
DA:112,3
DA:113,0
LF:43
LH:16
BRDA:25,0,0,0
BRDA:28,1,0,0
BRDA:52,2,0,0
BRF:3
BRH:0
end_of_record
TN:
SF:pages\class\MessagesBar.tsx
FN:17,(anonymous_0)
FN:31,(anonymous_6)
FN:34,(anonymous_7)
FN:34,(anonymous_8)
FN:35,(anonymous_9)
FN:50,messagesIfAny
FN:62,(anonymous_11)
FN:68,(anonymous_12)
FN:93,(anonymous_13)
FN:94,(anonymous_14)
FN:96,(anonymous_15)
FN:102,(anonymous_16)
FNF:12
FNH:7
FNDA:12,(anonymous_0)
FNDA:6,(anonymous_6)
FNDA:2,(anonymous_7)
FNDA:2,(anonymous_8)
FNDA:2,(anonymous_9)
FNDA:6,messagesIfAny
FNDA:2,(anonymous_11)
FNDA:0,(anonymous_12)
FNDA:0,(anonymous_13)
FNDA:0,(anonymous_14)
FNDA:0,(anonymous_15)
FNDA:0,(anonymous_16)
DA:1,3
DA:4,3
DA:5,3
DA:6,3
DA:7,3
DA:8,3
DA:9,3
DA:11,3
DA:12,3
DA:13,3
DA:14,3
DA:17,5
DA:24,7
DA:25,7
DA:26,7
DA:27,7
DA:28,7
DA:29,7
DA:31,7
DA:32,6
DA:33,4
DA:34,2
DA:36,2
DA:37,1
DA:38,1
DA:39,1
DA:42,2
DA:43,1
DA:44,1
DA:51,6
DA:52,2
DA:63,2
DA:68,0
DA:77,7
DA:94,0
DA:96,0
DA:102,0
LF:37
LH:33
BRDA:32,0,0,4
BRDA:36,1,0,1
BRDA:42,2,0,1
BRDA:51,3,0,2
BRDA:52,4,0,1
BRDA:77,5,0,1
BRF:6
BRH:6
end_of_record
TN:
SF:pages\class\RequestsButton.tsx
FN:5,(anonymous_0)
FN:7,(anonymous_3)
FN:8,onClick
FNF:3
FNH:3
FNDA:4,(anonymous_0)
FNDA:2,(anonymous_3)
FNDA:1,onClick
DA:1,2
DA:2,2
DA:3,2
DA:4,2
DA:5,2
DA:6,2
DA:7,2
DA:9,1
DA:11,2
DA:12,0
LF:10
LH:9
BRDA:11,0,0,0
BRF:1
BRH:0
end_of_record
TN:
SF:pages\class\SaveEditButton.tsx
FN:12,(anonymous_0)
FN:4,SaveEditButton
FNF:2
FNH:0
FNDA:0,(anonymous_0)
FNDA:0,SaveEditButton
DA:1,2
DA:2,2
DA:12,2
LF:3
LH:3
BRF:0
BRH:0
end_of_record
TN:
SF:pages\class\TransparentField.tsx
FN:5,(anonymous_0)
FNF:1
FNH:0
FNDA:0,(anonymous_0)
DA:1,2
DA:2,2
DA:5,0
LF:3
LH:2
BRF:0
BRH:0
end_of_record
TN:
SF:pages\class\TransparentTextArea.tsx
FN:5,(anonymous_0)
FNF:1
FNH:0
FNDA:0,(anonymous_0)
DA:1,2
DA:3,2
DA:5,0
LF:3
LH:2
BRF:0
BRH:0
end_of_record
TN:
SF:pages\class\[id].tsx
FN:26,(anonymous_0)
FN:38,(anonymous_6)
FN:41,redirectToUnknown
FN:45,noIdSpecified
FN:49,fetchClass
FN:52,(anonymous_10)
FN:55,(anonymous_11)
FN:58,(anonymous_12)
FN:72,(anonymous_13)
FN:76,saveEditing
FN:86,(anonymous_15)
FN:91,(anonymous_16)
FN:99,(anonymous_17)
FN:103,cancelEditing
FN:107,(anonymous_19)
FN:192,(anonymous_20)
FN:208,(anonymous_21)
FN:211,(anonymous_22)
FN:213,(anonymous_23)
FN:220,(anonymous_24)
FNF:20
FNH:6
FNDA:10,(anonymous_0)
FNDA:4,(anonymous_6)
FNDA:0,redirectToUnknown
FNDA:4,noIdSpecified
FNDA:2,fetchClass
FNDA:2,(anonymous_10)
FNDA:0,(anonymous_11)
FNDA:0,(anonymous_12)
FNDA:0,(anonymous_13)
FNDA:0,saveEditing
FNDA:0,(anonymous_15)
FNDA:0,(anonymous_16)
FNDA:0,(anonymous_17)
FNDA:0,cancelEditing
FNDA:4,(anonymous_19)
FNDA:0,(anonymous_20)
FNDA:0,(anonymous_21)
FNDA:0,(anonymous_22)
FNDA:0,(anonymous_23)
FNDA:0,(anonymous_24)
DA:1,2
DA:2,2
DA:4,2
DA:6,2
DA:7,2
DA:8,2
DA:9,2
DA:10,2
DA:11,2
DA:12,2
DA:13,2
DA:14,2
DA:15,2
DA:16,2
DA:17,2
DA:18,2
DA:19,2
DA:20,2
DA:21,2
DA:22,2
DA:23,2
DA:24,2
DA:26,5
DA:27,5
DA:29,5
DA:30,5
DA:31,4
DA:32,4
DA:33,4
DA:34,4
DA:36,4
DA:38,4
DA:39,4
DA:42,0
DA:46,4
DA:50,2
DA:51,2
DA:53,2
DA:55,0
DA:58,4
DA:59,0
DA:60,0
DA:61,0
DA:63,0
DA:64,0
DA:65,0
DA:69,0
DA:72,4
DA:73,0
DA:77,0
DA:78,0
DA:80,0
DA:81,0
DA:82,0
DA:84,0
DA:85,0
DA:87,0
DA:88,0
DA:93,0
DA:94,0
DA:99,0
DA:104,0
DA:107,4
DA:108,4
DA:109,0
DA:112,4
DA:113,2
DA:114,2
DA:116,0
DA:192,0
DA:208,0
DA:211,0
DA:213,0
DA:220,0
LF:74
LH:44
BRDA:60,0,0,0
BRDA:64,1,0,0
BRDA:64,2,0,0
BRDA:64,2,1,0
BRDA:80,3,0,0
BRDA:93,4,0,0
BRDA:108,5,0,0
BRDA:112,6,0,2
BRDA:131,7,0,2
BRDA:131,7,1,0
BRDA:141,8,0,0
BRDA:141,8,1,2
BRDA:152,9,0,2
BRDA:157,10,0,2
BRDA:157,10,1,2
BRDA:170,11,0,0
BRDA:170,11,1,2
BRDA:185,12,0,0
BRDA:185,12,1,2
BRF:19
BRH:8
end_of_record
TN:
SF:pages\class\useClassForm.tsx
FN:25,(anonymous_0)
FN:5,useClassForm
FNF:2
FNH:2
FNDA:4,(anonymous_0)
FNDA:4,useClassForm
DA:1,2
DA:2,2
DA:3,2
DA:6,4
DA:12,4
DA:16,4
DA:25,4
LF:7
LH:7
BRF:0
BRH:0
end_of_record
TN:
SF:pages\classes\ClassThumbnail.tsx
FN:16,(anonymous_0)
FN:8,ImageLoading
FN:19,(anonymous_7)
FN:22,(anonymous_8)
FN:28,(anonymous_9)
FNF:5
FNH:4
FNDA:4,(anonymous_0)
FNDA:1,ImageLoading
FNDA:1,(anonymous_7)
FNDA:1,(anonymous_8)
FNDA:0,(anonymous_9)
DA:1,5
DA:2,5
DA:3,5
DA:5,5
DA:16,2
DA:17,2
DA:19,2
DA:20,1
DA:21,1
DA:23,1
DA:24,0
DA:26,1
DA:29,0
LF:13
LH:11
BRDA:20,0,0,1
BRDA:23,1,0,0
BRDA:37,2,0,1
BRDA:37,2,1,1
BRF:4
BRH:3
end_of_record
TN:
SF:pages\classes\ClassUI.tsx
FN:6,(anonymous_0)
FNF:1
FNH:1
FNDA:2,(anonymous_0)
DA:1,3
DA:4,3
DA:6,2
LF:3
LH:3
BRF:0
BRH:0
end_of_record
TN:
SF:pages\classes\Greeting.tsx
FN:4,(anonymous_0)
FN:5,getGreetingText
FNF:2
FNH:0
FNDA:0,(anonymous_0)
FNDA:0,getGreetingText
DA:2,1
DA:4,0
DA:6,0
DA:7,0
DA:9,0
DA:10,0
DA:13,0
DA:14,0
DA:17,0
DA:18,0
DA:21,0
DA:22,0
DA:25,0
LF:13
LH:1
BRDA:9,0,0,0
BRDA:9,1,0,0
BRDA:9,1,1,0
BRDA:13,2,0,0
BRDA:13,3,0,0
BRDA:13,3,1,0
BRDA:17,4,0,0
BRDA:17,5,0,0
BRDA:17,5,1,0
BRDA:21,6,0,0
BRDA:21,7,0,0
BRDA:21,7,1,0
BRF:12
BRH:0
end_of_record
TN:
SF:pages\classes\RecommendedClasses.tsx
FN:9,(anonymous_0)
FN:13,(anonymous_6)
FN:19,(anonymous_7)
FN:29,(anonymous_8)
FNF:4
FNH:3
FNDA:5,(anonymous_0)
FNDA:2,(anonymous_6)
FNDA:3,(anonymous_7)
FNDA:0,(anonymous_8)
DA:1,2
DA:3,2
DA:4,2
DA:5,2
DA:7,2
DA:9,2
DA:10,3
DA:11,3
DA:13,3
DA:14,2
DA:15,2
DA:16,2
DA:19,3
DA:20,3
DA:21,2
DA:30,0
LF:16
LH:15
BRDA:20,0,0,2
BRDA:28,1,0,3
BRDA:28,1,1,1
BRF:3
BRH:3
end_of_record
TN:
SF:pages\classes\UserClasses.tsx
FN:7,(anonymous_0)
FN:8,(anonymous_3)
FN:9,(anonymous_4)
FN:19,(anonymous_5)
FNF:4
FNH:2
FNDA:4,(anonymous_0)
FNDA:2,(anonymous_3)
FNDA:0,(anonymous_4)
FNDA:0,(anonymous_5)
DA:1,2
DA:2,2
DA:3,2
DA:4,2
DA:5,2
DA:7,2
DA:8,2
DA:9,2
DA:11,2
DA:12,2
DA:20,0
LF:11
LH:10
BRDA:11,0,0,2
BRDA:11,1,0,2
BRDA:11,1,1,2
BRDA:11,1,2,0
BRF:4
BRH:3
end_of_record
TN:
SF:pages\classes\index.tsx
FN:10,(anonymous_0)
FN:12,(anonymous_3)
FNF:2
FNH:1
FNDA:2,(anonymous_0)
FNDA:0,(anonymous_3)
DA:2,1
DA:3,1
DA:4,1
DA:5,1
DA:6,1
DA:7,1
DA:8,1
DA:10,2
DA:11,0
DA:12,0
LF:10
LH:8
BRDA:19,0,0,0
BRF:1
BRH:0
end_of_record
TN:
SF:pages\errors\BadRequest.ts
FN:3,(anonymous_0)
FN:4,(anonymous_2)
FNF:2
FNH:1
FNDA:1,(anonymous_0)
FNDA:0,(anonymous_2)
DA:1,18
DA:3,1
DA:5,0
LF:3
LH:2
BRF:0
BRH:0
end_of_record
TN:
SF:pages\errors\DefaultError.ts
FN:1,(anonymous_0)
FN:3,(anonymous_1)
FNF:2
FNH:2
FNDA:67,(anonymous_0)
FNDA:11,(anonymous_1)
DA:1,67
DA:4,11
DA:5,11
LF:3
LH:3
BRF:0
BRH:0
end_of_record
TN:
SF:pages\errors\Forbidden.ts
FN:3,(anonymous_0)
FN:4,(anonymous_2)
FNF:2
FNH:2
FNDA:9,(anonymous_0)
FNDA:3,(anonymous_2)
DA:1,18
DA:3,9
DA:5,3
LF:3
LH:3
BRF:0
BRH:0
end_of_record
TN:
SF:pages\errors\InvalidCredentials.ts
FN:3,(anonymous_0)
FN:4,(anonymous_2)
FNF:2
FNH:2
FNDA:17,(anonymous_0)
FNDA:8,(anonymous_2)
DA:1,31
DA:3,17
DA:5,8
DA:6,8
LF:4
LH:4
BRF:0
BRH:0
end_of_record
TN:
SF:pages\header\AddClassButton.tsx
FN:5,(anonymous_0)
FNF:1
FNH:0
FNDA:0,(anonymous_0)
DA:1,1
DA:2,1
DA:3,1
DA:4,1
DA:5,0
LF:5
LH:4
BRF:0
BRH:0
end_of_record
TN:
SF:pages\header\ClassThumbnailService.ts
FN:26,(anonymous_0)
FN:1,(anonymous_1)
FN:6,(anonymous_2)
FN:12,(anonymous_3)
FN:26,(anonymous_4)
FNF:5
FNH:1
FNDA:1,(anonymous_0)
FNDA:0,(anonymous_1)
FNDA:0,(anonymous_2)
FNDA:0,(anonymous_3)
FNDA:0,(anonymous_4)
DA:1,5
DA:2,0
DA:3,0
DA:6,5
DA:7,0
DA:12,5
DA:13,0
DA:14,0
DA:15,0
DA:23,0
DA:26,5
DA:27,0
DA:29,0
DA:30,0
DA:33,0
DA:34,0
DA:36,0
DA:39,0
LF:18
LH:4
BRDA:29,0,0,0
BRF:1
BRH:0
end_of_record
TN:
SF:pages\header\header.tsx
FN:115,(anonymous_0)
FN:18,LogoutButton
FN:26,(anonymous_3)
FN:33,Loading
FN:53,AccountButton
FN:62,Header
FN:65,(anonymous_7)
FN:68,(anonymous_8)
FN:70,HeaderDiv
FN:110,(anonymous_10)
FNF:10
FNH:8
FNDA:2,(anonymous_0)
FNDA:1,LogoutButton
FNDA:0,(anonymous_3)
FNDA:1,Loading
FNDA:0,AccountButton
FNDA:2,Header
FNDA:9,(anonymous_7)
FNDA:1,(anonymous_8)
FNDA:1,HeaderDiv
FNDA:3,(anonymous_10)
DA:1,1
DA:2,1
DA:3,1
DA:4,1
DA:5,1
DA:6,1
DA:7,1
DA:8,1
DA:9,1
DA:10,1
DA:11,1
DA:12,1
DA:13,1
DA:14,1
DA:15,1
DA:16,1
DA:19,1
DA:20,1
DA:26,0
DA:63,2
DA:65,9
DA:66,1
DA:68,1
DA:110,3
DA:115,2
LF:25
LH:24
BRDA:65,0,0,1
BRDA:100,1,0,1
BRDA:100,1,1,0
BRDA:101,2,0,0
BRDA:101,2,1,1
BRDA:110,3,0,1
BRDA:110,3,1,1
BRF:7
BRH:5
end_of_record
TN:
SF:pages\login\AuthService.ts
FN:6,(anonymous_1)
FN:50,(anonymous_2)
FN:57,(anonymous_3)
FN:67,(anonymous_4)
FN:73,(anonymous_5)
FN:90,(anonymous_6)
FN:99,(anonymous_7)
FN:12,(anonymous_9)
FN:16,(anonymous_10)
FN:20,(anonymous_11)
FN:26,(anonymous_12)
FN:38,(anonymous_13)
FN:50,(anonymous_14)
FN:57,(anonymous_15)
FN:67,(anonymous_16)
FN:73,(anonymous_17)
FN:77,(anonymous_18)
FN:82,(anonymous_19)
FN:86,(anonymous_20)
FN:90,(anonymous_21)
FN:99,(anonymous_22)
FNF:21
FNH:17
FNDA:10,(anonymous_1)
FNDA:7,(anonymous_2)
FNDA:8,(anonymous_3)
FNDA:8,(anonymous_4)
FNDA:10,(anonymous_5)
FNDA:6,(anonymous_6)
FNDA:7,(anonymous_7)
FNDA:2,(anonymous_9)
FNDA:2,(anonymous_10)
FNDA:2,(anonymous_11)
FNDA:2,(anonymous_12)
FNDA:1,(anonymous_13)
FNDA:1,(anonymous_14)
FNDA:2,(anonymous_15)
FNDA:2,(anonymous_16)
FNDA:4,(anonymous_17)
FNDA:0,(anonymous_18)
FNDA:0,(anonymous_19)
FNDA:0,(anonymous_20)
FNDA:0,(anonymous_21)
FNDA:3,(anonymous_22)
DA:1,20
DA:2,20
DA:3,20
DA:4,20
DA:6,20
DA:12,20
DA:13,2
DA:16,20
DA:17,2
DA:20,20
DA:21,2
DA:26,20
DA:27,2
DA:28,2
DA:29,2
DA:35,2
DA:38,20
DA:39,1
DA:41,1
DA:42,1
DA:43,1
DA:45,0
DA:47,1
DA:50,20
DA:51,1
DA:52,1
DA:54,1
DA:57,20
DA:58,2
DA:60,2
DA:61,1
DA:64,1
DA:67,20
DA:68,2
DA:69,2
DA:70,2
DA:73,20
DA:74,4
DA:75,4
DA:77,4
DA:79,4
DA:82,20
DA:83,0
DA:86,20
DA:87,0
DA:90,20
DA:91,0
DA:92,0
DA:93,0
DA:96,0
DA:99,20
DA:100,3
DA:101,1
DA:104,3
DA:105,1
LF:55
LH:48
BRDA:43,0,0,1
BRDA:43,0,1,0
BRDA:54,1,0,0
BRDA:54,1,1,1
BRDA:60,2,0,1
BRDA:91,3,0,0
BRDA:100,4,0,1
BRDA:104,5,0,1
BRF:8
BRH:5
end_of_record
TN:
SF:pages\login\Footer.tsx
FN:3,(anonymous_0)
FNF:1
FNH:1
FNDA:46,(anonymous_0)
DA:1,1
DA:3,23
DA:4,23
LF:3
LH:3
BRF:0
BRH:0
end_of_record
TN:
SF:pages\login\FormInput.tsx
FN:4,(anonymous_0)
FNF:1
FNH:1
FNDA:92,(anonymous_0)
DA:1,1
DA:4,46
LF:2
LH:2
BRDA:15,0,0,0
BRDA:15,0,1,46
BRDA:20,1,0,0
BRDA:20,1,1,46
BRF:4
BRH:2
end_of_record
TN:
SF:pages\login\LoginButton.tsx
FN:4,(anonymous_0)
FNF:1
FNH:1
FNDA:46,(anonymous_0)
DA:1,1
DA:2,1
DA:4,23
DA:19,1
LF:4
LH:4
BRDA:12,0,0,0
BRDA:12,0,1,23
BRF:2
BRH:1
end_of_record
TN:
SF:pages\login\RememberMe.tsx
FN:3,(anonymous_0)
FN:12,(anonymous_5)
FNF:2
FNH:2
FNDA:46,(anonymous_0)
FNDA:1,(anonymous_5)
DA:1,1
DA:3,23
DA:4,23
DA:13,1
DA:14,1
LF:5
LH:5
BRF:0
BRH:0
end_of_record
TN:
SF:pages\login\ServerError.tsx
FN:4,(anonymous_0)
FNF:1
FNH:1
FNDA:46,(anonymous_0)
DA:1,1
DA:4,23
LF:2
LH:2
BRDA:5,0,0,0
BRDA:5,0,1,23
BRDA:5,1,0,23
BRDA:5,1,1,0
BRDA:5,1,2,0
BRF:5
BRH:2
end_of_record
TN:
SF:pages\login\SignUpButton.tsx
FN:4,(anonymous_0)
FN:9,(anonymous_3)
FNF:2
FNH:2
FNDA:46,(anonymous_0)
FNDA:2,(anonymous_3)
DA:2,1
DA:4,23
DA:10,2
DA:11,2
DA:12,1
DA:14,1
LF:6
LH:6
BRDA:11,0,0,1
BRDA:11,0,1,1
BRF:2
BRH:2
end_of_record
TN:
SF:pages\login\TopSection.tsx
FN:6,(anonymous_0)
FNF:1
FNH:1
FNDA:46,(anonymous_0)
DA:1,1
DA:2,1
DA:3,1
DA:4,1
DA:6,23
LF:5
LH:5
BRF:0
BRH:0
end_of_record
TN:
SF:pages\login\index.tsx
FN:18,(anonymous_0)
FN:28,(anonymous_6)
FN:46,(anonymous_7)
FN:82,(anonymous_8)
FNF:4
FNH:4
FNDA:31,(anonymous_0)
FNDA:3,(anonymous_6)
FNDA:8,(anonymous_7)
FNDA:2,(anonymous_8)
DA:1,1
DA:2,1
DA:3,1
DA:4,1
DA:5,1
DA:6,1
DA:7,1
DA:8,1
DA:9,1
DA:10,1
DA:11,1
DA:12,1
DA:13,1
DA:14,1
DA:15,1
DA:16,1
DA:18,8
DA:19,23
DA:20,23
DA:21,23
DA:22,23
DA:23,23
DA:24,23
DA:26,23
DA:28,23
DA:29,3
DA:33,3
DA:34,3
DA:35,3
DA:36,2
DA:37,2
DA:38,2
DA:39,2
DA:41,1
DA:43,3
DA:46,23
DA:47,8
DA:82,2
LF:38
LH:38
BRF:0
BRH:0
end_of_record
TN:
SF:pages\login\useLoginForm.tsx
FN:5,(anonymous_0)
FNF:1
FNH:1
FNDA:46,(anonymous_0)
DA:1,1
DA:2,1
DA:3,1
DA:5,23
DA:6,23
DA:12,23
DA:16,23
LF:7
LH:7
BRF:0
BRH:0
end_of_record
TN:
SF:pages\redux\auth.ts
FN:17,(anonymous_2)
FN:48,(anonymous_3)
FN:49,(anonymous_4)
FN:4,(anonymous_5)
FN:21,(anonymous_6)
FN:24,(anonymous_7)
FN:31,(anonymous_8)
FN:39,(anonymous_9)
FNF:8
FNH:7
FNDA:64,(anonymous_2)
FNDA:30,(anonymous_3)
FNDA:10,(anonymous_4)
FNDA:31,(anonymous_5)
FNDA:0,(anonymous_6)
FNDA:4,(anonymous_7)
FNDA:1,(anonymous_8)
FNDA:1,(anonymous_9)
DA:1,31
DA:4,31
DA:15,31
DA:17,64
DA:22,0
DA:25,4
DA:32,1
DA:40,1
DA:48,31
DA:49,31
LF:10
LH:9
BRDA:4,0,0,31
BRDA:4,0,1,31
BRF:2
BRH:2
end_of_record
TN:
SF:pages\redux\classes.ts
FN:13,(anonymous_1)
FN:37,(anonymous_2)
FN:38,(anonymous_3)
FN:18,(anonymous_4)
FN:21,(anonymous_5)
FN:24,(anonymous_6)
FN:30,(anonymous_7)
FN:31,(anonymous_8)
FNF:8
FNH:6
FNDA:68,(anonymous_1)
FNDA:30,(anonymous_2)
FNDA:3,(anonymous_3)
FNDA:1,(anonymous_4)
FNDA:1,(anonymous_5)
FNDA:1,(anonymous_6)
FNDA:0,(anonymous_7)
FNDA:0,(anonymous_8)
DA:1,32
DA:11,32
DA:13,68
DA:19,1
DA:22,1
DA:25,1
DA:26,1
DA:28,1
DA:31,0
DA:37,32
DA:38,32
LF:11
LH:10
BRDA:25,0,0,1
BRF:1
BRH:1
end_of_record
TN:
SF:pages\redux\classesActions.ts
FN:8,(anonymous_0)
FN:9,(anonymous_2)
FN:10,(anonymous_3)
FN:15,(anonymous_4)
FNF:4
FNH:0
FNDA:0,(anonymous_0)
FNDA:0,(anonymous_2)
FNDA:0,(anonymous_3)
FNDA:0,(anonymous_4)
DA:1,0
DA:2,0
DA:3,0
DA:8,0
DA:9,0
DA:10,0
DA:11,0
DA:12,0
DA:15,0
DA:16,0
DA:17,0
DA:20,0
DA:21,0
DA:22,0
LF:14
LH:0
BRF:0
BRH:0
end_of_record
TN:
SF:pages\redux\store.ts
FN:19,(anonymous_1)
FN:20,(anonymous_2)
FN:21,(anonymous_3)
FNF:3
FNH:3
FNDA:92,(anonymous_1)
FNDA:80,(anonymous_2)
FNDA:1,(anonymous_3)
DA:1,27
DA:2,27
DA:3,27
DA:4,27
DA:6,27
DA:11,27
DA:19,92
DA:20,80
DA:21,27
LF:9
LH:9
BRF:0
BRH:0
end_of_record
TN:
SF:pages\requests\RequestCard.tsx
FN:11,(anonymous_0)
FN:24,fetchUser
FN:27,(anonymous_7)
FN:28,(anonymous_8)
FN:36,(anonymous_9)
FN:42,accept
FN:45,(anonymous_11)
FN:52,decline
FN:55,(anonymous_13)
FNF:9
FNH:5
FNDA:6,(anonymous_0)
FNDA:2,fetchUser
FNDA:1,(anonymous_7)
FNDA:1,(anonymous_8)
FNDA:3,(anonymous_9)
FNDA:0,accept
FNDA:0,(anonymous_11)
FNDA:0,decline
FNDA:0,(anonymous_13)
DA:1,3
DA:2,3
DA:3,3
DA:5,3
DA:6,3
DA:7,3
DA:8,3
DA:9,3
DA:11,3
DA:20,3
DA:21,3
DA:22,3
DA:25,2
DA:26,2
DA:27,1
DA:29,1
DA:30,1
DA:31,1
DA:36,3
DA:37,3
DA:38,2
DA:43,0
DA:46,0
DA:47,0
DA:53,0
DA:56,0
DA:57,0
LF:27
LH:21
BRDA:30,0,0,1
BRDA:37,1,0,2
BRDA:46,2,0,0
BRDA:56,3,0,0
BRF:4
BRH:2
end_of_record
TN:
SF:pages\requests\RequestService.tsx
FN:42,(anonymous_1)
FN:55,(anonymous_2)
FN:5,(anonymous_3)
FN:9,(anonymous_4)
FN:16,(anonymous_5)
FN:32,(anonymous_6)
FN:37,(anonymous_7)
FN:42,(anonymous_8)
FN:55,(anonymous_9)
FNF:9
FNH:0
FNDA:0,(anonymous_1)
FNDA:0,(anonymous_2)
FNDA:0,(anonymous_3)
FNDA:0,(anonymous_4)
FNDA:0,(anonymous_5)
FNDA:0,(anonymous_6)
FNDA:0,(anonymous_7)
FNDA:0,(anonymous_8)
FNDA:0,(anonymous_9)
DA:1,3
DA:3,3
DA:5,3
DA:6,0
DA:9,3
DA:10,0
DA:16,3
DA:20,0
DA:22,0
DA:32,3
DA:33,0
DA:34,0
DA:37,3
DA:38,0
DA:39,0
DA:42,3
DA:43,0
DA:55,3
DA:56,0
LF:19
LH:9
BRF:0
BRH:0
end_of_record
TN:
SF:pages\requests\[id].tsx
FN:13,(anonymous_0)
FN:19,fetchRequests
FN:23,(anonymous_7)
FN:26,(anonymous_8)
FN:35,(anonymous_9)
FN:51,(anonymous_10)
FN:57,(anonymous_11)
FNF:7
FNH:5
FNDA:8,(anonymous_0)
FNDA:4,fetchRequests
FNDA:4,(anonymous_7)
FNDA:0,(anonymous_8)
FNDA:4,(anonymous_9)
FNDA:10,(anonymous_10)
FNDA:0,(anonymous_11)
DA:1,2
DA:2,2
DA:4,2
DA:5,2
DA:6,2
DA:7,2
DA:8,2
DA:9,2
DA:10,2
DA:13,4
DA:14,4
DA:15,4
DA:16,4
DA:20,4
DA:21,4
DA:22,4
DA:24,4
DA:27,0
DA:28,0
DA:29,0
DA:30,0
DA:35,4
DA:36,4
DA:38,4
DA:39,2
DA:52,10
DA:58,0
LF:27
LH:22
BRDA:27,0,0,0
BRDA:38,1,0,2
BRDA:49,2,0,1
BRDA:49,2,1,1
BRDA:58,3,0,0
BRDA:58,3,1,0
BRF:6
BRH:3
end_of_record
TN:
SF:pages\signUp\Footer.tsx
FN:3,(anonymous_0)
FNF:1
FNH:1
FNDA:4,(anonymous_0)
DA:1,1
DA:2,1
DA:3,2
LF:3
LH:3
BRF:0
BRH:0
end_of_record
TN:
SF:pages\signUp\FormTop.tsx
FN:3,(anonymous_0)
FNF:1
FNH:1
FNDA:4,(anonymous_0)
DA:1,1
DA:3,2
LF:2
LH:2
BRF:0
BRH:0
end_of_record
TN:
SF:pages\signUp\LogInButton.tsx
FN:4,(anonymous_0)
FN:10,(anonymous_5)
FNF:2
FNH:1
FNDA:4,(anonymous_0)
FNDA:0,(anonymous_5)
DA:1,1
DA:2,1
DA:4,2
DA:5,2
DA:10,0
LF:5
LH:4
BRF:0
BRH:0
end_of_record
TN:
SF:pages\signUp\SignUpButton.tsx
FN:3,(anonymous_0)
FNF:1
FNH:1
FNDA:4,(anonymous_0)
DA:1,1
DA:3,2
LF:2
LH:2
BRDA:12,0,0,0
BRDA:12,0,1,2
BRF:2
BRH:1
end_of_record
TN:
SF:pages\signUp\SignUpInput.tsx
FN:14,(anonymous_0)
FNF:1
FNH:1
FNDA:24,(anonymous_0)
DA:1,1
DA:2,1
DA:14,12
DA:24,12
LF:4
LH:4
BRDA:30,0,0,8
BRDA:30,0,1,4
BRDA:44,1,0,0
BRDA:44,1,1,12
BRF:4
BRH:3
end_of_record
TN:
SF:pages\signUp\index.tsx
FN:16,(anonymous_0)
FN:25,parseUserInfo
FN:36,onSignUpClick
FN:40,(anonymous_8)
FN:43,(anonymous_9)
FN:47,(anonymous_10)
FNF:6
FNH:1
FNDA:3,(anonymous_0)
FNDA:0,parseUserInfo
FNDA:0,onSignUpClick
FNDA:0,(anonymous_8)
FNDA:0,(anonymous_9)
FNDA:0,(anonymous_10)
DA:1,1
DA:2,1
DA:4,1
DA:5,1
DA:6,1
DA:7,1
DA:8,1
DA:9,1
DA:10,1
DA:11,1
DA:12,1
DA:13,1
DA:16,1
DA:17,2
DA:18,2
DA:19,2
DA:20,2
DA:21,2
DA:23,2
DA:26,0
DA:37,0
DA:38,0
DA:39,0
DA:41,0
DA:44,0
DA:47,0
LF:26
LH:19
BRDA:65,0,0,1
BRDA:65,0,1,1
BRDA:117,1,0,0
BRDA:117,1,1,2
BRF:4
BRH:3
end_of_record
TN:
SF:pages\signUp\signUpService.ts
FN:26,(anonymous_0)
FN:3,(anonymous_1)
FN:9,(anonymous_2)
FN:13,(anonymous_3)
FN:26,(anonymous_4)
FNF:5
FNH:0
FNDA:0,(anonymous_0)
FNDA:0,(anonymous_1)
FNDA:0,(anonymous_2)
FNDA:0,(anonymous_3)
FNDA:0,(anonymous_4)
DA:3,1
DA:4,0
DA:9,1
DA:10,0
DA:13,1
DA:14,0
DA:16,0
DA:17,0
DA:18,0
DA:20,0
DA:23,0
DA:26,1
DA:27,0
DA:28,0
DA:30,0
DA:36,0
DA:37,0
LF:17
LH:4
BRDA:18,0,0,0
BRDA:18,0,1,0
BRDA:36,1,0,0
BRF:3
BRH:0
end_of_record
TN:
SF:pages\signUp\useSignupForm.tsx
FN:5,(anonymous_0)
FNF:1
FNH:1
FNDA:4,(anonymous_0)
DA:1,1
DA:2,1
DA:3,1
DA:5,2
DA:6,2
DA:20,2
DA:24,2
LF:7
LH:7
BRF:0
BRH:0
end_of_record
TN:
SF:pages\signUp\useUsername.tsx
FN:3,(anonymous_0)
FN:6,(anonymous_2)
FNF:2
FNH:2
FNDA:4,(anonymous_0)
FNDA:2,(anonymous_2)
DA:1,1
DA:2,1
DA:3,2
DA:4,2
DA:5,2
DA:6,2
DA:7,2
DA:8,1
DA:12,2
LF:9
LH:9
BRDA:7,0,0,1
BRF:1
BRH:1
end_of_record
TN:
SF:pages\utils\Service.ts
FN:14,(anonymous_0)
FN:14,(anonymous_2)
FN:23,(anonymous_3)
FN:27,(anonymous_4)
FN:34,(anonymous_5)
FN:38,(anonymous_6)
FN:46,(anonymous_7)
FN:54,(anonymous_8)
FNF:8
FNH:6
FNDA:5,(anonymous_0)
FNDA:5,(anonymous_2)
FNDA:1,(anonymous_3)
FNDA:2,(anonymous_4)
FNDA:2,(anonymous_5)
FNDA:0,(anonymous_6)
FNDA:1,(anonymous_7)
FNDA:0,(anonymous_8)
DA:2,17
DA:3,17
DA:4,17
DA:14,17
DA:23,5
DA:24,1
DA:27,5
DA:28,2
DA:34,5
DA:35,2
DA:37,2
DA:39,0
DA:47,1
DA:55,0
DA:65,5
DA:69,4
DA:70,2
DA:71,2
DA:72,1
DA:74,1
DA:78,2
DA:79,2
DA:81,0
DA:82,0
DA:86,0
LF:25
LH:20
BRDA:41,0,0,0
BRDA:41,0,1,0
BRDA:49,1,0,1
BRDA:49,1,1,0
BRDA:57,2,0,0
BRDA:57,2,1,0
BRDA:65,3,0,0
BRDA:65,3,1,5
BRDA:69,4,0,2
BRDA:71,5,0,1
BRDA:71,5,1,1
BRDA:82,6,0,0
BRDA:82,6,1,0
BRF:13
BRH:5
end_of_record
TN:
SF:pages\utils\hooks.tsx
FN:95,(anonymous_1)
FN:96,(anonymous_2)
FN:97,(anonymous_3)
FN:98,(anonymous_4)
FN:99,(anonymous_5)
FN:10,useLoginRedirect
FN:12,(anonymous_8)
FN:15,(anonymous_9)
FN:26,useUserData
FN:31,(anonymous_11)
FN:35,(anonymous_12)
FN:36,(anonymous_13)
FN:49,useMainPageRedirect
FN:52,(anonymous_15)
FN:54,(anonymous_16)
FN:58,(anonymous_17)
FN:64,(anonymous_18)
FN:73,useMessageReplacer
FN:74,normalize
FN:88,useBootstrap
FN:89,(anonymous_22)
FNF:21
FNH:13
FNDA:3,(anonymous_1)
FNDA:2,(anonymous_2)
FNDA:30,(anonymous_3)
FNDA:14,(anonymous_4)
FNDA:2,(anonymous_5)
FNDA:1,useLoginRedirect
FNDA:1,(anonymous_8)
FNDA:1,(anonymous_9)
FNDA:0,useUserData
FNDA:0,(anonymous_11)
FNDA:0,(anonymous_12)
FNDA:0,(anonymous_13)
FNDA:29,useMainPageRedirect
FNDA:33,(anonymous_15)
FNDA:16,(anonymous_16)
FNDA:2,(anonymous_17)
FNDA:0,(anonymous_18)
FNDA:12,useMessageReplacer
FNDA:0,normalize
FNDA:0,useBootstrap
FNDA:0,(anonymous_22)
DA:1,6
DA:2,6
DA:3,6
DA:4,6
DA:6,6
DA:7,6
DA:8,6
DA:11,1
DA:12,1
DA:13,1
DA:15,1
DA:16,1
DA:17,1
DA:18,0
DA:21,1
DA:27,0
DA:28,0
DA:29,0
DA:31,0
DA:32,0
DA:33,0
DA:34,0
DA:35,0
DA:37,0
DA:38,0
DA:39,0
DA:40,0
DA:46,0
DA:50,29
DA:51,29
DA:52,33
DA:53,29
DA:54,29
DA:55,16
DA:56,16
DA:57,2
DA:59,2
DA:60,2
DA:62,2
DA:65,0
DA:66,0
DA:75,0
DA:76,0
DA:82,0
DA:85,12
DA:89,0
DA:90,0
DA:95,3
DA:96,2
DA:97,30
DA:98,14
DA:99,2
LF:52
LH:31
BRDA:16,0,0,1
BRDA:17,1,0,0
BRDA:32,2,0,0
BRDA:37,3,0,0
BRDA:56,4,0,2
BRDA:59,5,0,2
BRDA:65,6,0,0
BRF:7
BRH:3
end_of_record
TN:
SF:pages\utils\logo.tsx
FN:5,(anonymous_0)
FNF:1
FNH:1
FNDA:52,(anonymous_0)
DA:1,3
DA:2,3
DA:3,3
DA:5,26
LF:4
LH:4
BRF:0
BRH:0
end_of_record
