TN:
SF:pages\account\UserService.ts
FN:30,(anonymous_1)
FN:69,(anonymous_2)
FN:7,(anonymous_4)
FN:13,(anonymous_5)
FN:20,(anonymous_6)
FN:30,(anonymous_7)
FN:58,(anonymous_8)
FN:69,(anonymous_9)
FNF:8
FNH:6
FNDA:6,(anonymous_1)
FNDA:2,(anonymous_2)
FNDA:3,(anonymous_4)
FNDA:3,(anonymous_5)
FNDA:3,(anonymous_6)
FNDA:4,(anonymous_7)
FNDA:0,(anonymous_8)
FNDA:0,(anonymous_9)
DA:1,6
DA:2,6
DA:3,6
DA:4,6
DA:5,6
DA:7,6
DA:8,3
DA:13,6
DA:14,3
DA:20,6
DA:21,3
DA:22,3
DA:24,3
DA:30,6
DA:34,4
DA:35,1
DA:37,3
DA:39,3
DA:40,2
DA:41,1
DA:45,1
DA:46,1
DA:49,0
DA:51,1
DA:52,1
DA:58,6
DA:59,0
DA:60,0
DA:62,0
DA:69,6
DA:70,0
LF:31
LH:26
BRDA:9,0,0,0
BRDA:9,0,1,3
BRDA:34,1,0,1
BRDA:39,2,0,2
BRDA:40,3,0,1
BRDA:45,4,0,1
BRDA:54,5,0,0
BRDA:54,5,1,1
BRF:8
BRH:6
end_of_record
TN:
SF:pages\account\index.tsx
FN:6,(anonymous_0)
FNF:1
FNH:1
FNDA:6,(anonymous_0)
DA:1,2
DA:2,2
DA:3,2
DA:4,2
DA:6,4
DA:7,2
DA:9,2
DA:10,1
LF:8
LH:8
BRDA:9,0,0,1
BRF:1
BRH:1
end_of_record
TN:
SF:pages\account\edit\EditAccountForm.tsx
FN:20,(anonymous_0)
FN:23,(anonymous_6)
FN:46,(anonymous_7)
FN:60,(anonymous_8)
FN:65,(anonymous_9)
FN:79,(anonymous_10)
FN:83,(anonymous_11)
FNF:7
FNH:0
FNDA:0,(anonymous_0)
FNDA:0,(anonymous_6)
FNDA:0,(anonymous_7)
FNDA:0,(anonymous_8)
FNDA:0,(anonymous_9)
FNDA:0,(anonymous_10)
FNDA:0,(anonymous_11)
DA:1,1
DA:2,1
DA:3,1
DA:4,1
DA:5,1
DA:6,1
DA:7,1
DA:8,1
DA:9,1
DA:10,1
DA:11,1
DA:12,1
DA:20,0
DA:21,0
DA:22,0
DA:23,0
DA:24,0
DA:26,0
DA:39,0
DA:42,0
DA:43,0
DA:44,0
DA:46,0
DA:47,0
DA:48,0
DA:49,0
DA:51,0
DA:52,0
DA:53,0
DA:57,0
DA:60,0
DA:61,0
DA:62,0
DA:65,0
DA:70,0
DA:71,0
DA:73,0
DA:74,0
DA:75,0
DA:78,0
DA:80,0
DA:81,0
DA:84,0
DA:85,0
DA:87,0
LF:45
LH:12
BRDA:43,0,0,0
BRDA:43,0,1,0
BRDA:44,1,0,0
BRDA:44,1,1,0
BRDA:48,2,0,0
BRDA:52,3,0,0
BRDA:52,4,0,0
BRDA:52,4,1,0
BRDA:73,5,0,0
BRDA:84,6,0,0
BRF:10
BRH:0
end_of_record
TN:
SF:pages\addClass\AddClassButton.tsx
FN:2,(anonymous_0)
FNF:1
FNH:0
FNDA:0,(anonymous_0)
DA:1,1
DA:2,0
LF:2
LH:1
BRF:0
BRH:0
end_of_record
TN:
SF:pages\addClass\FileInput.tsx
FN:2,(anonymous_0)
FNF:1
FNH:0
FNDA:0,(anonymous_0)
DA:1,1
DA:2,0
LF:2
LH:1
BRF:0
BRH:0
end_of_record
TN:
SF:pages\addClass\TextInput.tsx
FN:3,(anonymous_0)
FNF:1
FNH:0
FNDA:0,(anonymous_0)
DA:1,1
DA:3,0
LF:2
LH:1
BRDA:22,0,0,0
BRDA:22,0,1,0
BRDA:27,1,0,0
BRDA:27,1,1,0
BRF:4
BRH:0
end_of_record
TN:
SF:pages\addClass\index.tsx
FN:37,(anonymous_0)
FN:19,useClassForm
FN:39,(anonymous_7)
FN:42,(anonymous_8)
FN:47,(anonymous_9)
FNF:5
FNH:1
FNDA:2,(anonymous_0)
FNDA:0,useClassForm
FNDA:0,(anonymous_7)
FNDA:0,(anonymous_8)
FNDA:0,(anonymous_9)
DA:1,1
DA:2,1
DA:3,1
DA:4,1
DA:5,1
DA:6,1
DA:7,1
DA:8,1
DA:9,1
DA:10,1
DA:11,1
DA:20,0
DA:30,0
DA:34,0
DA:37,2
DA:38,0
DA:39,0
DA:40,0
DA:42,0
DA:43,0
DA:44,0
DA:45,0
DA:47,0
DA:48,0
DA:49,0
DA:50,0
DA:55,0
DA:57,0
DA:58,0
DA:63,0
DA:65,0
LF:31
LH:12
BRDA:57,0,0,0
BRF:1
BRH:0
end_of_record
TN:
SF:pages\class\ClassService.ts
FN:173,(anonymous_1)
FN:185,(anonymous_2)
FN:198,(anonymous_3)
FN:212,(anonymous_4)
FN:225,(anonymous_5)
FN:241,(anonymous_6)
FN:263,(anonymous_7)
FN:277,(anonymous_8)
FN:291,(anonymous_9)
FN:30,(anonymous_11)
FN:34,(anonymous_12)
FN:40,(anonymous_13)
FN:44,(anonymous_14)
FN:54,(anonymous_15)
FN:58,(anonymous_16)
FN:68,(anonymous_17)
FN:84,(anonymous_18)
FN:98,(anonymous_19)
FN:112,(anonymous_20)
FN:122,(anonymous_21)
FN:132,(anonymous_22)
FN:145,(anonymous_23)
FN:159,(anonymous_24)
FN:173,(anonymous_25)
FN:185,(anonymous_26)
FN:198,(anonymous_27)
FN:212,(anonymous_28)
FN:225,(anonymous_29)
FN:236,(anonymous_30)
FN:241,(anonymous_31)
FN:258,(anonymous_32)
FN:263,(anonymous_33)
FN:277,(anonymous_34)
FN:291,(anonymous_35)
FNF:34
FNH:18
FNDA:5,(anonymous_1)
FNDA:2,(anonymous_2)
FNDA:2,(anonymous_3)
FNDA:2,(anonymous_4)
FNDA:4,(anonymous_5)
FNDA:2,(anonymous_6)
FNDA:2,(anonymous_7)
FNDA:2,(anonymous_8)
FNDA:2,(anonymous_9)
FNDA:5,(anonymous_11)
FNDA:3,(anonymous_12)
FNDA:3,(anonymous_13)
FNDA:3,(anonymous_14)
FNDA:0,(anonymous_15)
FNDA:0,(anonymous_16)
FNDA:2,(anonymous_17)
FNDA:0,(anonymous_18)
FNDA:0,(anonymous_19)
FNDA:2,(anonymous_20)
FNDA:0,(anonymous_21)
FNDA:0,(anonymous_22)
FNDA:0,(anonymous_23)
FNDA:0,(anonymous_24)
FNDA:3,(anonymous_25)
FNDA:0,(anonymous_26)
FNDA:0,(anonymous_27)
FNDA:0,(anonymous_28)
FNDA:2,(anonymous_29)
FNDA:2,(anonymous_30)
FNDA:0,(anonymous_31)
FNDA:0,(anonymous_32)
FNDA:0,(anonymous_33)
FNDA:0,(anonymous_34)
FNDA:0,(anonymous_35)
DA:2,4
DA:3,4
DA:5,4
DA:7,4
DA:30,4
DA:31,5
DA:34,4
DA:35,3
DA:40,4
DA:41,3
DA:44,4
DA:45,3
DA:46,3
DA:48,3
DA:54,4
DA:55,0
DA:58,4
DA:59,0
DA:60,0
DA:62,0
DA:68,4
DA:69,2
DA:70,2
DA:72,2
DA:73,1
DA:78,1
DA:84,4
DA:89,0
DA:90,0
DA:92,0
DA:98,4
DA:103,0
DA:104,0
DA:106,0
DA:112,4
DA:113,2
DA:114,2
DA:116,1
DA:122,4
DA:123,0
DA:124,0
DA:126,0
DA:132,4
DA:133,0
DA:134,0
DA:136,0
DA:145,4
DA:146,0
DA:147,0
DA:149,0
DA:159,4
DA:160,0
DA:161,0
DA:163,0
DA:173,5
DA:174,3
DA:185,4
DA:186,0
DA:198,4
DA:199,0
DA:212,4
DA:213,0
DA:225,4
DA:226,2
DA:236,1
DA:237,2
DA:241,4
DA:247,0
DA:258,0
DA:259,0
DA:263,4
DA:264,0
DA:277,4
DA:278,0
DA:291,4
DA:292,0
LF:76
LH:45
BRDA:72,0,0,1
BRF:1
BRH:1
end_of_record
TN:
SF:pages\class\DeleteButtonModal.tsx
FN:10,(anonymous_0)
FN:24,deleteMessage
FN:26,(anonymous_4)
FN:30,(anonymous_5)
FNF:4
FNH:0
FNDA:0,(anonymous_0)
FNDA:0,deleteMessage
FNDA:0,(anonymous_4)
FNDA:0,(anonymous_5)
DA:1,2
DA:2,2
DA:3,2
DA:4,2
DA:5,2
DA:6,2
DA:7,2
DA:10,0
DA:21,0
DA:22,0
DA:25,0
DA:27,0
DA:28,0
DA:31,0
DA:32,0
LF:15
LH:7
BRDA:31,0,0,0
BRF:1
BRH:0
end_of_record
TN:
SF:pages\class\DeleteClassModal.tsx
FN:11,(anonymous_0)
FN:25,deleteClass
FN:26,(anonymous_4)
FN:30,(anonymous_5)
FNF:4
FNH:1
FNDA:2,(anonymous_0)
FNDA:0,deleteClass
FNDA:0,(anonymous_4)
FNDA:0,(anonymous_5)
DA:1,2
DA:2,2
DA:3,2
DA:4,2
DA:5,2
DA:6,2
DA:7,2
DA:8,2
DA:11,1
DA:22,1
DA:23,1
DA:26,0
DA:27,0
DA:28,0
DA:31,0
DA:32,0
LF:16
LH:11
BRDA:31,0,0,0
BRF:1
BRH:0
end_of_record
TN:
SF:pages\class\MessageService.ts
FN:45,(anonymous_1)
FN:95,(anonymous_2)
FN:112,(anonymous_3)
FN:7,(anonymous_5)
FN:11,(anonymous_6)
FN:20,(anonymous_7)
FN:24,(anonymous_8)
FN:35,(anonymous_9)
FN:45,(anonymous_10)
FN:63,(anonymous_11)
FN:66,(anonymous_12)
FN:74,(anonymous_13)
FN:85,(anonymous_14)
FN:95,(anonymous_15)
FN:112,(anonymous_16)
FNF:15
FNH:0
FNDA:0,(anonymous_1)
FNDA:0,(anonymous_2)
FNDA:0,(anonymous_3)
FNDA:0,(anonymous_5)
FNDA:0,(anonymous_6)
FNDA:0,(anonymous_7)
FNDA:0,(anonymous_8)
FNDA:0,(anonymous_9)
FNDA:0,(anonymous_10)
FNDA:0,(anonymous_11)
FNDA:0,(anonymous_12)
FNDA:0,(anonymous_13)
FNDA:0,(anonymous_14)
FNDA:0,(anonymous_15)
FNDA:0,(anonymous_16)
DA:1,2
DA:2,2
DA:4,2
DA:5,2
DA:7,2
DA:8,0
DA:11,2
DA:12,0
DA:14,0
DA:20,2
DA:21,0
DA:24,2
DA:25,0
DA:26,0
DA:28,0
DA:29,0
DA:32,0
DA:35,2
DA:36,0
DA:37,0
DA:39,0
DA:45,2
DA:50,0
DA:52,0
DA:53,0
DA:60,0
DA:63,2
DA:64,0
DA:66,2
DA:67,0
DA:68,0
DA:74,2
DA:75,0
DA:76,0
DA:78,0
DA:85,2
DA:86,0
DA:87,0
DA:89,0
DA:95,2
DA:100,0
DA:112,2
DA:113,0
LF:43
LH:16
BRDA:25,0,0,0
BRDA:28,1,0,0
BRDA:52,2,0,0
BRF:3
BRH:0
end_of_record
TN:
SF:pages\class\MessagesBar.tsx
FN:17,(anonymous_0)
FN:31,(anonymous_6)
FN:34,(anonymous_7)
FN:34,(anonymous_8)
FN:35,(anonymous_9)
FN:50,messagesIfAny
FN:62,(anonymous_11)
FN:68,(anonymous_12)
FN:93,(anonymous_13)
FN:94,(anonymous_14)
FN:96,(anonymous_15)
FN:102,(anonymous_16)
FNF:12
FNH:1
FNDA:1,(anonymous_0)
FNDA:0,(anonymous_6)
FNDA:0,(anonymous_7)
FNDA:0,(anonymous_8)
FNDA:0,(anonymous_9)
FNDA:0,messagesIfAny
FNDA:0,(anonymous_11)
FNDA:0,(anonymous_12)
FNDA:0,(anonymous_13)
FNDA:0,(anonymous_14)
FNDA:0,(anonymous_15)
FNDA:0,(anonymous_16)
DA:1,2
DA:4,2
DA:5,2
DA:6,2
DA:7,2
DA:8,2
DA:9,2
DA:11,2
DA:12,2
DA:13,2
DA:14,2
DA:17,1
DA:24,0
DA:25,0
DA:26,0
DA:27,0
DA:28,0
DA:29,0
DA:31,0
DA:32,0
DA:33,0
DA:34,0
DA:36,0
DA:37,0
DA:38,0
DA:39,0
DA:42,0
DA:43,0
DA:44,0
DA:51,0
DA:52,0
DA:63,0
DA:68,0
DA:77,0
DA:94,0
DA:96,0
DA:102,0
LF:37
LH:12
BRDA:32,0,0,0
BRDA:36,1,0,0
BRDA:42,2,0,0
BRDA:51,3,0,0
BRDA:52,4,0,0
BRDA:77,5,0,0
BRF:6
BRH:0
end_of_record
TN:
SF:pages\class\[id].tsx
FN:17,(anonymous_0)
FN:22,(anonymous_6)
FN:25,redirectToUnknown
FN:29,noIdSpecified
FN:33,fetchClass
FN:36,(anonymous_10)
FN:39,(anonymous_11)
FN:42,(anonymous_12)
FN:108,(anonymous_13)
FN:109,(anonymous_14)
FN:109,(anonymous_15)
FN:115,(anonymous_16)
FNF:12
FNH:6
FNDA:6,(anonymous_0)
FNDA:2,(anonymous_6)
FNDA:0,redirectToUnknown
FNDA:2,noIdSpecified
FNDA:1,fetchClass
FNDA:1,(anonymous_10)
FNDA:0,(anonymous_11)
FNDA:2,(anonymous_12)
FNDA:0,(anonymous_13)
FNDA:0,(anonymous_14)
FNDA:0,(anonymous_15)
FNDA:0,(anonymous_16)
DA:1,2
DA:2,2
DA:4,2
DA:6,2
DA:7,2
DA:8,2
DA:9,2
DA:10,2
DA:11,2
DA:12,2
DA:13,2
DA:14,2
DA:15,2
DA:16,2
DA:17,4
DA:18,2
DA:19,2
DA:20,2
DA:21,2
DA:22,2
DA:23,2
DA:26,0
DA:30,2
DA:34,1
DA:35,1
DA:37,1
DA:39,0
DA:42,2
DA:43,2
DA:44,0
DA:47,2
DA:48,1
DA:49,1
DA:51,0
DA:108,0
DA:109,0
DA:115,0
LF:37
LH:30
BRDA:43,0,0,0
BRDA:47,1,0,1
BRDA:66,2,0,1
BRDA:66,2,1,0
BRDA:77,3,0,1
BRDA:82,4,0,1
BRF:6
BRH:4
end_of_record
TN:
SF:pages\classes\ClassUI.tsx
FN:6,(anonymous_0)
FNF:1
FNH:1
FNDA:2,(anonymous_0)
DA:1,3
DA:4,3
DA:6,2
LF:3
LH:3
BRF:0
BRH:0
end_of_record
TN:
SF:pages\classes\RecommendedClasses.tsx
FN:9,(anonymous_0)
FN:13,(anonymous_6)
FN:19,(anonymous_7)
FN:29,(anonymous_8)
FNF:4
FNH:3
FNDA:5,(anonymous_0)
FNDA:2,(anonymous_6)
FNDA:3,(anonymous_7)
FNDA:0,(anonymous_8)
DA:1,2
DA:3,2
DA:4,2
DA:5,2
DA:7,2
DA:9,2
DA:10,3
DA:11,3
DA:13,3
DA:14,2
DA:15,2
DA:16,2
DA:19,3
DA:20,3
DA:21,2
DA:30,0
LF:16
LH:15
BRDA:20,0,0,2
BRDA:28,1,0,3
BRDA:28,1,1,1
BRF:3
BRH:3
end_of_record
TN:
SF:pages\classes\UserClasses.tsx
FN:7,(anonymous_0)
FN:8,(anonymous_3)
FN:9,(anonymous_4)
FN:19,(anonymous_5)
FNF:4
FNH:2
FNDA:4,(anonymous_0)
FNDA:2,(anonymous_3)
FNDA:0,(anonymous_4)
FNDA:0,(anonymous_5)
DA:1,2
DA:2,2
DA:3,2
DA:4,2
DA:5,2
DA:7,2
DA:8,2
DA:9,2
DA:11,2
DA:12,2
DA:20,0
LF:11
LH:10
BRDA:11,0,0,2
BRDA:11,1,0,2
BRDA:11,1,1,2
BRDA:11,1,2,0
BRF:4
BRH:3
end_of_record
TN:
SF:pages\errors\Forbidden.ts
FN:1,(anonymous_0)
FN:2,(anonymous_1)
FNF:2
FNH:2
FNDA:5,(anonymous_0)
FNDA:2,(anonymous_1)
DA:1,5
DA:3,2
LF:2
LH:2
BRF:0
BRH:0
end_of_record
TN:
SF:pages\errors\InvalidCredentials.ts
FN:1,(anonymous_0)
FN:2,(anonymous_1)
FNF:2
FNH:2
FNDA:8,(anonymous_0)
FNDA:4,(anonymous_1)
DA:1,8
DA:3,4
DA:4,4
LF:3
LH:3
BRF:0
BRH:0
end_of_record
TN:
SF:pages\header\header.tsx
FN:115,(anonymous_0)
FN:18,LogoutButton
FN:26,(anonymous_3)
FN:33,Loading
FN:53,AccountButton
FN:62,Header
FN:65,(anonymous_7)
FN:68,(anonymous_8)
FN:70,HeaderDiv
FN:110,(anonymous_10)
FNF:10
FNH:8
FNDA:2,(anonymous_0)
FNDA:1,LogoutButton
FNDA:0,(anonymous_3)
FNDA:1,Loading
FNDA:0,AccountButton
FNDA:2,Header
FNDA:9,(anonymous_7)
FNDA:1,(anonymous_8)
FNDA:1,HeaderDiv
FNDA:3,(anonymous_10)
DA:1,1
DA:2,1
DA:3,1
DA:4,1
DA:5,1
DA:6,1
DA:7,1
DA:8,1
DA:9,1
DA:10,1
DA:11,1
DA:12,1
DA:13,1
DA:14,1
DA:15,1
DA:16,1
DA:19,1
DA:20,1
DA:26,0
DA:63,2
DA:65,9
DA:66,1
DA:68,1
DA:110,3
DA:115,2
LF:25
LH:24
BRDA:65,0,0,1
BRDA:100,1,0,1
BRDA:100,1,1,0
BRDA:101,2,0,0
BRDA:101,2,1,1
BRDA:110,3,0,1
BRDA:110,3,1,1
BRF:7
BRH:5
end_of_record
TN:
SF:pages\login\AuthService.ts
FN:6,(anonymous_1)
FN:50,(anonymous_2)
FN:57,(anonymous_3)
FN:67,(anonymous_4)
FN:73,(anonymous_5)
FN:90,(anonymous_6)
FN:99,(anonymous_7)
FN:12,(anonymous_9)
FN:16,(anonymous_10)
FN:20,(anonymous_11)
FN:26,(anonymous_12)
FN:38,(anonymous_13)
FN:50,(anonymous_14)
FN:57,(anonymous_15)
FN:67,(anonymous_16)
FN:73,(anonymous_17)
FN:77,(anonymous_18)
FN:82,(anonymous_19)
FN:86,(anonymous_20)
FN:90,(anonymous_21)
FN:99,(anonymous_22)
FNF:21
FNH:15
FNDA:7,(anonymous_1)
FNDA:3,(anonymous_2)
FNDA:5,(anonymous_3)
FNDA:5,(anonymous_4)
FNDA:3,(anonymous_5)
FNDA:3,(anonymous_6)
FNDA:3,(anonymous_7)
FNDA:2,(anonymous_9)
FNDA:2,(anonymous_10)
FNDA:2,(anonymous_11)
FNDA:2,(anonymous_12)
FNDA:1,(anonymous_13)
FNDA:0,(anonymous_14)
FNDA:2,(anonymous_15)
FNDA:2,(anonymous_16)
FNDA:0,(anonymous_17)
FNDA:0,(anonymous_18)
FNDA:0,(anonymous_19)
FNDA:0,(anonymous_20)
FNDA:0,(anonymous_21)
FNDA:2,(anonymous_22)
DA:1,12
DA:2,12
DA:3,12
DA:4,12
DA:6,12
DA:12,12
DA:13,2
DA:16,12
DA:17,2
DA:20,12
DA:21,2
DA:26,12
DA:27,2
DA:28,2
DA:29,2
DA:35,2
DA:38,12
DA:39,1
DA:41,1
DA:42,1
DA:43,1
DA:45,0
DA:47,1
DA:50,12
DA:51,0
DA:52,0
DA:54,0
DA:57,12
DA:58,2
DA:60,2
DA:61,1
DA:64,1
DA:67,12
DA:68,2
DA:69,2
DA:70,2
DA:73,12
DA:74,0
DA:75,0
DA:77,0
DA:79,0
DA:82,12
DA:83,0
DA:86,12
DA:87,0
DA:90,12
DA:91,0
DA:92,0
DA:93,0
DA:96,0
DA:99,12
DA:100,2
DA:101,1
DA:104,2
DA:105,1
LF:55
LH:41
BRDA:43,0,0,1
BRDA:43,0,1,0
BRDA:54,1,0,0
BRDA:54,1,1,0
BRDA:60,2,0,1
BRDA:91,3,0,0
BRDA:100,4,0,1
BRDA:104,5,0,1
BRF:8
BRH:4
end_of_record
TN:
SF:pages\login\Footer.tsx
FN:3,(anonymous_0)
FNF:1
FNH:1
FNDA:46,(anonymous_0)
DA:1,1
DA:3,23
DA:4,23
LF:3
LH:3
BRF:0
BRH:0
end_of_record
TN:
SF:pages\login\FormInput.tsx
FN:5,(anonymous_0)
FNF:1
FNH:1
FNDA:92,(anonymous_0)
DA:2,1
DA:5,46
LF:2
LH:2
BRDA:16,0,0,0
BRDA:16,0,1,46
BRDA:21,1,0,0
BRDA:21,1,1,46
BRF:4
BRH:2
end_of_record
TN:
SF:pages\login\LoginButton.tsx
FN:4,(anonymous_0)
FNF:1
FNH:1
FNDA:46,(anonymous_0)
DA:1,1
DA:2,1
DA:4,23
DA:18,1
LF:4
LH:4
BRDA:11,0,0,0
BRDA:11,0,1,23
BRF:2
BRH:1
end_of_record
TN:
SF:pages\login\RememberMe.tsx
FN:3,(anonymous_0)
FN:12,(anonymous_5)
FNF:2
FNH:2
FNDA:46,(anonymous_0)
FNDA:1,(anonymous_5)
DA:1,1
DA:3,23
DA:4,23
DA:13,1
DA:14,1
LF:5
LH:5
BRF:0
BRH:0
end_of_record
TN:
SF:pages\login\ServerError.tsx
FN:4,(anonymous_0)
FNF:1
FNH:1
FNDA:46,(anonymous_0)
DA:1,1
DA:4,23
LF:2
LH:2
BRDA:5,0,0,0
BRDA:5,0,1,23
BRDA:5,1,0,23
BRDA:5,1,1,0
BRDA:5,1,2,0
BRF:5
BRH:2
end_of_record
TN:
SF:pages\login\SignUpButton.tsx
FN:4,(anonymous_0)
FN:9,(anonymous_3)
FNF:2
FNH:2
FNDA:46,(anonymous_0)
FNDA:2,(anonymous_3)
DA:2,1
DA:4,23
DA:10,2
DA:11,2
DA:12,1
DA:14,1
LF:6
LH:6
BRDA:11,0,0,1
BRDA:11,0,1,1
BRF:2
BRH:2
end_of_record
TN:
SF:pages\login\TopSection.tsx
FN:6,(anonymous_0)
FNF:1
FNH:1
FNDA:46,(anonymous_0)
DA:1,1
DA:2,1
DA:3,1
DA:4,1
DA:6,23
LF:5
LH:5
BRF:0
BRH:0
end_of_record
TN:
SF:pages\login\index.tsx
FN:18,(anonymous_0)
FN:28,(anonymous_6)
FN:46,(anonymous_7)
FN:82,(anonymous_8)
FNF:4
FNH:4
FNDA:31,(anonymous_0)
FNDA:3,(anonymous_6)
FNDA:8,(anonymous_7)
FNDA:2,(anonymous_8)
DA:1,1
DA:2,1
DA:3,1
DA:4,1
DA:5,1
DA:6,1
DA:7,1
DA:8,1
DA:9,1
DA:10,1
DA:11,1
DA:12,1
DA:13,1
DA:14,1
DA:15,1
DA:16,1
DA:18,8
DA:19,23
DA:20,23
DA:21,23
DA:22,23
DA:23,23
DA:24,23
DA:26,23
DA:28,23
DA:29,3
DA:33,3
DA:34,3
DA:35,3
DA:36,2
DA:37,2
DA:38,2
DA:39,2
DA:41,1
DA:43,3
DA:46,23
DA:47,8
DA:82,2
LF:38
LH:38
BRF:0
BRH:0
end_of_record
TN:
SF:pages\login\useLoginForm.tsx
FN:5,(anonymous_0)
FNF:1
FNH:1
FNDA:46,(anonymous_0)
DA:1,1
DA:2,1
DA:3,1
DA:5,23
DA:6,23
DA:12,23
DA:16,23
LF:7
LH:7
BRF:0
BRH:0
end_of_record
TN:
SF:pages\redux\auth.ts
FN:17,(anonymous_2)
FN:48,(anonymous_3)
FN:49,(anonymous_4)
FN:4,(anonymous_5)
FN:21,(anonymous_6)
FN:24,(anonymous_7)
FN:31,(anonymous_8)
FN:39,(anonymous_9)
FNF:8
FNH:5
FNDA:38,(anonymous_2)
FNDA:20,(anonymous_3)
FNDA:8,(anonymous_4)
FNDA:20,(anonymous_5)
FNDA:0,(anonymous_6)
FNDA:4,(anonymous_7)
FNDA:0,(anonymous_8)
FNDA:0,(anonymous_9)
DA:1,20
DA:4,20
DA:15,20
DA:17,38
DA:22,0
DA:25,4
DA:32,0
DA:40,0
DA:48,20
DA:49,20
LF:10
LH:7
BRDA:4,0,0,20
BRDA:4,0,1,20
BRF:2
BRH:2
end_of_record
TN:
SF:pages\redux\store.ts
FN:19,(anonymous_1)
FN:20,(anonymous_2)
FN:21,(anonymous_3)
FNF:3
FNH:3
FNDA:55,(anonymous_1)
FNDA:34,(anonymous_2)
FNDA:1,(anonymous_3)
DA:1,17
DA:2,17
DA:3,17
DA:4,17
DA:6,17
DA:11,17
DA:19,55
DA:20,34
DA:21,17
LF:9
LH:9
BRF:0
BRH:0
end_of_record
TN:
SF:pages\requests\RequestCard.tsx
FN:11,(anonymous_0)
FN:24,fetchUser
FN:27,(anonymous_7)
FN:28,(anonymous_8)
FN:36,(anonymous_9)
FN:42,accept
FN:45,(anonymous_11)
FN:52,decline
FN:55,(anonymous_13)
FNF:9
FNH:0
FNDA:0,(anonymous_0)
FNDA:0,fetchUser
FNDA:0,(anonymous_7)
FNDA:0,(anonymous_8)
FNDA:0,(anonymous_9)
FNDA:0,accept
FNDA:0,(anonymous_11)
FNDA:0,decline
FNDA:0,(anonymous_13)
DA:1,1
DA:2,1
DA:3,1
DA:5,1
DA:6,1
DA:7,1
DA:8,1
DA:9,1
DA:11,0
DA:20,0
DA:21,0
DA:22,0
DA:25,0
DA:26,0
DA:27,0
DA:29,0
DA:30,0
DA:31,0
DA:36,0
DA:37,0
DA:38,0
DA:43,0
DA:46,0
DA:47,0
DA:53,0
DA:56,0
DA:57,0
LF:27
LH:8
BRDA:30,0,0,0
BRDA:37,1,0,0
BRDA:46,2,0,0
BRDA:56,3,0,0
BRF:4
BRH:0
end_of_record
TN:
SF:pages\requests\RequestService.tsx
FN:42,(anonymous_1)
FN:55,(anonymous_2)
FN:5,(anonymous_3)
FN:9,(anonymous_4)
FN:16,(anonymous_5)
FN:32,(anonymous_6)
FN:37,(anonymous_7)
FN:42,(anonymous_8)
FN:55,(anonymous_9)
FNF:9
FNH:0
FNDA:0,(anonymous_1)
FNDA:0,(anonymous_2)
FNDA:0,(anonymous_3)
FNDA:0,(anonymous_4)
FNDA:0,(anonymous_5)
FNDA:0,(anonymous_6)
FNDA:0,(anonymous_7)
FNDA:0,(anonymous_8)
FNDA:0,(anonymous_9)
DA:1,1
DA:3,1
DA:5,1
DA:6,0
DA:9,1
DA:10,0
DA:16,1
DA:20,0
DA:22,0
DA:32,1
DA:33,0
DA:34,0
DA:37,1
DA:38,0
DA:39,0
DA:42,1
DA:43,0
DA:55,1
DA:56,0
LF:19
LH:9
BRF:0
BRH:0
end_of_record
TN:
SF:pages\requests\[id].tsx
FN:12,(anonymous_0)
FN:16,fetchRequests
FN:19,(anonymous_7)
FN:22,(anonymous_8)
FN:31,(anonymous_9)
FN:48,(anonymous_10)
FN:54,(anonymous_11)
FNF:7
FNH:1
FNDA:2,(anonymous_0)
FNDA:0,fetchRequests
FNDA:0,(anonymous_7)
FNDA:0,(anonymous_8)
FNDA:0,(anonymous_9)
FNDA:0,(anonymous_10)
FNDA:0,(anonymous_11)
DA:1,1
DA:2,1
DA:4,1
DA:5,1
DA:6,1
DA:7,1
DA:8,1
DA:9,1
DA:10,1
DA:12,2
DA:13,0
DA:14,0
DA:15,0
DA:17,0
DA:18,0
DA:20,0
DA:23,0
DA:24,0
DA:25,0
DA:26,0
DA:31,0
DA:32,0
DA:33,0
DA:36,0
DA:37,0
DA:49,0
DA:55,0
LF:27
LH:10
BRDA:23,0,0,0
BRDA:32,1,0,0
BRDA:36,2,0,0
BRDA:46,3,0,0
BRDA:46,3,1,0
BRDA:55,4,0,0
BRDA:55,4,1,0
BRF:7
BRH:0
end_of_record
TN:
SF:pages\utils\hooks.tsx
FN:88,(anonymous_1)
FN:89,(anonymous_2)
FN:90,(anonymous_3)
FN:91,(anonymous_4)
FN:92,(anonymous_5)
FN:10,useLoginRedirect
FN:12,(anonymous_8)
FN:15,(anonymous_9)
FN:26,useUserData
FN:31,(anonymous_11)
FN:35,(anonymous_12)
FN:36,(anonymous_13)
FN:49,useMainPageRedirect
FN:52,(anonymous_15)
FN:54,(anonymous_16)
FN:57,(anonymous_17)
FN:66,useMessageReplacer
FN:67,normalize
FN:81,useBootstrap
FN:82,(anonymous_21)
FNF:20
FNH:12
FNDA:3,(anonymous_1)
FNDA:2,(anonymous_2)
FNDA:28,(anonymous_3)
FNDA:2,(anonymous_4)
FNDA:2,(anonymous_5)
FNDA:1,useLoginRedirect
FNDA:1,(anonymous_8)
FNDA:1,(anonymous_9)
FNDA:0,useUserData
FNDA:0,(anonymous_11)
FNDA:0,(anonymous_12)
FNDA:0,(anonymous_13)
FNDA:27,useMainPageRedirect
FNDA:31,(anonymous_15)
FNDA:15,(anonymous_16)
FNDA:2,(anonymous_17)
FNDA:0,useMessageReplacer
FNDA:0,normalize
FNDA:0,useBootstrap
FNDA:0,(anonymous_21)
DA:1,5
DA:2,5
DA:3,5
DA:4,5
DA:6,5
DA:7,5
DA:8,5
DA:11,1
DA:12,1
DA:13,1
DA:15,1
DA:16,1
DA:17,1
DA:18,0
DA:21,1
DA:27,0
DA:28,0
DA:29,0
DA:31,0
DA:32,0
DA:33,0
DA:34,0
DA:35,0
DA:37,0
DA:38,0
DA:39,0
DA:40,0
DA:46,0
DA:50,27
DA:51,27
DA:52,31
DA:53,27
DA:54,27
DA:55,15
DA:56,15
DA:57,2
DA:58,2
DA:59,2
DA:61,2
DA:68,0
DA:69,0
DA:75,0
DA:78,0
DA:82,0
DA:83,0
DA:88,3
DA:89,2
DA:90,28
DA:91,2
DA:92,2
LF:50
LH:30
BRDA:16,0,0,1
BRDA:17,1,0,0
BRDA:32,2,0,0
BRDA:37,3,0,0
BRDA:56,4,0,2
BRDA:58,5,0,2
BRF:6
BRH:3
end_of_record
